#
# There is insufficient memory for the Java Runtime Environment to continue.
# Native memory allocation (mmap) failed to map 51380224 bytes. Error detail: G1 virtual space
# Possible reasons:
#   The system is out of physical RAM or swap space
#   This process is running with CompressedOops enabled, and the Java Heap may be blocking the growth of the native heap
# Possible solutions:
#   Reduce memory load on the system
#   Increase physical memory or swap space
#   Check if swap backing store is full
#   Decrease Java heap size (-Xmx/-Xms)
#   Decrease number of Java threads
#   Decrease Java thread stack sizes (-Xss)
#   Set larger code cache with -XX:ReservedCodeCacheSize=
#   JVM is running with Unscaled Compressed Oops mode in which the Java heap is
#     placed in the first 4GB address space. The Java Heap base address is the
#     maximum limit for the native heap growth. Please use -XX:HeapBaseMinAddress
#     to set the Java Heap base and to place the Java Heap above 4GB virtual address.
# This output file may be truncated or incomplete.
#
#  Out of Memory Error (os_windows.cpp:3825), pid=17212, tid=18280
#
# JRE version: OpenJDK Runtime Environment (17.0.11) (build 17.0.11+0--11852314)
# Java VM: OpenJDK 64-Bit Server VM (17.0.11+0--11852314, mixed mode, tiered, compressed oops, compressed class ptrs, g1 gc, windows-amd64)
# No core dump will be written. Minidumps are not enabled by default on client versions of Windows
#

---------------  S U M M A R Y ------------

Command Line: --add-opens=java.base/java.util=ALL-UNNAMED --add-opens=java.base/java.lang=ALL-UNNAMED --add-opens=java.base/java.lang.invoke=ALL-UNNAMED --add-opens=java.prefs/java.util.prefs=ALL-UNNAMED --add-opens=java.base/java.nio.charset=ALL-UNNAMED --add-opens=java.base/java.net=ALL-UNNAMED --add-opens=java.base/java.util.concurrent.atomic=ALL-UNNAMED -Xmx2048m -Dfile.encoding=UTF-8 -Duser.country=GB -Duser.language=en -Duser.variant -javaagent:C:\Users\nang2\.gradle\wrapper\dists\gradle-8.7-bin\bhs2wmbdwecv87pi65oeuq5iu\gradle-8.7\lib\agents\gradle-instrumentation-agent-8.7.jar org.gradle.launcher.daemon.bootstrap.GradleDaemon 8.7

Host: AMD Ryzen 7 4800H with Radeon Graphics         , 16 cores, 15G,  Windows 11 , 64 bit Build 26100 (10.0.26100.2200)
Time: Sat Nov  2 16:20:16 2024 SE Asia Standard Time elapsed time: 12.026483 seconds (0d 0h 0m 12s)

---------------  T H R E A D  ---------------

Current thread (0x000002136486f6f0):  VMThread "VM Thread" [stack: 0x0000006b1a900000,0x0000006b1aa00000] [id=18280]

Stack: [0x0000006b1a900000,0x0000006b1aa00000]
Native frames: (J=compiled Java code, j=interpreted, Vv=VM code, C=native code)
V  [jvm.dll+0x687bb9]
V  [jvm.dll+0x84142a]
V  [jvm.dll+0x8430ae]
V  [jvm.dll+0x843713]
V  [jvm.dll+0x24a35f]
V  [jvm.dll+0x684989]
V  [jvm.dll+0x67923a]
V  [jvm.dll+0x30af0b]
V  [jvm.dll+0x3123b6]
V  [jvm.dll+0x361dfe]
V  [jvm.dll+0x36202f]
V  [jvm.dll+0x2e0d38]
V  [jvm.dll+0x2df144]
V  [jvm.dll+0x2de74c]
V  [jvm.dll+0x32305b]
V  [jvm.dll+0x847e0b]
V  [jvm.dll+0x848b42]
V  [jvm.dll+0x84905d]
V  [jvm.dll+0x849434]
V  [jvm.dll+0x849500]
V  [jvm.dll+0x7efa4a]
V  [jvm.dll+0x686a35]
C  [ucrtbase.dll+0x14ea0]
C  [KERNEL32.DLL+0x2dbe7]
C  [ntdll.dll+0xdfbec]

VM_Operation (0x0000006b1c2f2a30): G1CollectForAllocation, mode: safepoint, requested by thread 0x000002136a6d7100


---------------  P R O C E S S  ---------------

Threads class SMR info:
_java_thread_list=0x000002136dfe6a10, length=67, elements={
0x0000021347d5a970, 0x00000213648eb020, 0x00000213648ec900, 0x00000213649000e0,
0x00000213649029c0, 0x00000213649207a0, 0x0000021364921070, 0x0000021364921c70,
0x0000021364924590, 0x0000021364924ea0, 0x0000021364ac0510, 0x0000021364ac3c50,
0x0000021364be2d40, 0x000002136b036ba0, 0x000002136a6167a0, 0x000002136a3e5290,
0x000002136a35ed10, 0x000002136ab2f480, 0x000002136b31e560, 0x000002136a6d7100,
0x000002136a9e2ae0, 0x000002136a9bcaa0, 0x000002136b98df40, 0x000002136b98d010,
0x000002136b98cb00, 0x000002136b98f380, 0x000002136d3601f0, 0x000002136bb21030,
0x000002136b98d520, 0x000002136b98da30, 0x000002136b98e450, 0x000002136afc36e0,
0x000002136afc3bf0, 0x000002136afc4610, 0x000002136afc31d0, 0x000002136afc6470,
0x000002136afc4100, 0x000002136afc2cc0, 0x000002136afc5540, 0x000002136afc5a50,
0x000002136afc78b0, 0x000002136afc5f60, 0x000002136afc5030, 0x000002136afc7dc0,
0x000002136afc82d0, 0x000002136afc4b20, 0x000002136afc8cf0, 0x000002136afc6980,
0x000002136afca640, 0x000002136afc6e90, 0x000002136afc9200, 0x0000021369bff360,
0x0000021369bfda10, 0x0000021369c00cb0, 0x0000021369bfd500, 0x0000021369c00290,
0x0000021369c007a0, 0x0000021369bfdf20, 0x000002136c253fa0, 0x000002136c252140,
0x000002136c253580, 0x000002136b3c7eb0, 0x000002136b3c5430, 0x000002136b3c5980,
0x000002136b3c6420, 0x000002136b3c5ed0, 0x000002136b3c7410
}

Java Threads: ( => current thread )
  0x0000021347d5a970 JavaThread "main" [_thread_blocked, id=22688, stack(0x0000006b1a300000,0x0000006b1a400000)]
  0x00000213648eb020 JavaThread "Reference Handler" daemon [_thread_blocked, id=15020, stack(0x0000006b1aa00000,0x0000006b1ab00000)]
  0x00000213648ec900 JavaThread "Finalizer" daemon [_thread_blocked, id=3660, stack(0x0000006b1ab00000,0x0000006b1ac00000)]
  0x00000213649000e0 JavaThread "Signal Dispatcher" daemon [_thread_blocked, id=12532, stack(0x0000006b1ac00000,0x0000006b1ad00000)]
  0x00000213649029c0 JavaThread "Attach Listener" daemon [_thread_blocked, id=23016, stack(0x0000006b1ad00000,0x0000006b1ae00000)]
  0x00000213649207a0 JavaThread "Service Thread" daemon [_thread_blocked, id=14752, stack(0x0000006b1ae00000,0x0000006b1af00000)]
  0x0000021364921070 JavaThread "Monitor Deflation Thread" daemon [_thread_blocked, id=19816, stack(0x0000006b1af00000,0x0000006b1b000000)]
  0x0000021364921c70 JavaThread "C2 CompilerThread0" daemon [_thread_blocked, id=1520, stack(0x0000006b1b000000,0x0000006b1b100000)]
  0x0000021364924590 JavaThread "C1 CompilerThread0" daemon [_thread_blocked, id=7708, stack(0x0000006b1b100000,0x0000006b1b200000)]
  0x0000021364924ea0 JavaThread "Sweeper thread" daemon [_thread_blocked, id=20980, stack(0x0000006b1b200000,0x0000006b1b300000)]
  0x0000021364ac0510 JavaThread "Common-Cleaner" daemon [_thread_blocked, id=18392, stack(0x0000006b1b300000,0x0000006b1b400000)]
  0x0000021364ac3c50 JavaThread "C1 CompilerThread1" daemon [_thread_blocked, id=8528, stack(0x0000006b1b400000,0x0000006b1b500000)]
  0x0000021364be2d40 JavaThread "Notification Thread" daemon [_thread_blocked, id=17220, stack(0x0000006b1b600000,0x0000006b1b700000)]
  0x000002136b036ba0 JavaThread "Daemon health stats" [_thread_blocked, id=11956, stack(0x0000006b1bf00000,0x0000006b1c000000)]
  0x000002136a6167a0 JavaThread "Incoming local TCP Connector on port 64293" [_thread_in_native, id=19180, stack(0x0000006b1b900000,0x0000006b1ba00000)]
  0x000002136a3e5290 JavaThread "Daemon periodic checks" [_thread_blocked, id=10952, stack(0x0000006b1c000000,0x0000006b1c100000)]
  0x000002136a35ed10 JavaThread "Daemon" [_thread_blocked, id=18420, stack(0x0000006b1b500000,0x0000006b1b600000)]
  0x000002136ab2f480 JavaThread "Handler for socket connection from /127.0.0.1:64293 to /127.0.0.1:64294" [_thread_in_native, id=21772, stack(0x0000006b1b800000,0x0000006b1b900000)]
  0x000002136b31e560 JavaThread "Cancel handler" [_thread_blocked, id=17656, stack(0x0000006b1c100000,0x0000006b1c200000)]
  0x000002136a6d7100 JavaThread "Daemon worker" [_thread_blocked, id=21332, stack(0x0000006b1c200000,0x0000006b1c300000)]
  0x000002136a9e2ae0 JavaThread "Asynchronous log dispatcher for DefaultDaemonConnection: socket connection from /127.0.0.1:64293 to /127.0.0.1:64294" [_thread_blocked, id=1700, stack(0x0000006b1c300000,0x0000006b1c400000)]
  0x000002136a9bcaa0 JavaThread "Stdin handler" [_thread_blocked, id=19576, stack(0x0000006b1c400000,0x0000006b1c500000)]
  0x000002136b98df40 JavaThread "Daemon client event forwarder" [_thread_blocked, id=20188, stack(0x0000006b1c500000,0x0000006b1c600000)]
  0x000002136b98d010 JavaThread "Cache worker for journal cache (C:\Users\nang2\.gradle\caches\journal-1)" [_thread_blocked, id=10184, stack(0x0000006b1ba00000,0x0000006b1bb00000)]
  0x000002136b98cb00 JavaThread "File lock request listener" [_thread_in_native, id=11600, stack(0x0000006b1d000000,0x0000006b1d100000)]
  0x000002136b98f380 JavaThread "Cache worker for file hash cache (C:\Users\nang2\.gradle\caches\8.7\fileHashes)" [_thread_blocked, id=16040, stack(0x0000006b1d100000,0x0000006b1d200000)]
  0x000002136d3601f0 JavaThread "C1 CompilerThread2" daemon [_thread_blocked, id=7516, stack(0x0000006b1d400000,0x0000006b1d500000)]
  0x000002136bb21030 JavaThread "C1 CompilerThread3" daemon [_thread_blocked, id=15244, stack(0x0000006b1d500000,0x0000006b1d600000)]
  0x000002136b98d520 JavaThread "Cache worker for file hash cache (D:\TOTNGHIEP\New folder\Money_Manager\.gradle\8.7\fileHashes)" [_thread_blocked, id=1640, stack(0x0000006b1d600000,0x0000006b1d700000)]
  0x000002136b98da30 JavaThread "File watcher server" daemon [_thread_in_native, id=11728, stack(0x0000006b1d700000,0x0000006b1d800000)]
  0x000002136b98e450 JavaThread "File watcher consumer" daemon [_thread_blocked, id=2760, stack(0x0000006b1d800000,0x0000006b1d900000)]
  0x000002136afc36e0 JavaThread "jar transforms" [_thread_blocked, id=13384, stack(0x0000006b1d900000,0x0000006b1da00000)]
  0x000002136afc3bf0 JavaThread "jar transforms Thread 2" [_thread_blocked, id=10652, stack(0x0000006b1da00000,0x0000006b1db00000)]
  0x000002136afc4610 JavaThread "jar transforms Thread 3" [_thread_blocked, id=7556, stack(0x0000006b1db00000,0x0000006b1dc00000)]
  0x000002136afc31d0 JavaThread "jar transforms Thread 4" [_thread_blocked, id=18344, stack(0x0000006b1dc00000,0x0000006b1dd00000)]
  0x000002136afc6470 JavaThread "jar transforms Thread 5" [_thread_blocked, id=20704, stack(0x0000006b1dd00000,0x0000006b1de00000)]
  0x000002136afc4100 JavaThread "jar transforms Thread 6" [_thread_blocked, id=19084, stack(0x0000006b1de00000,0x0000006b1df00000)]
  0x000002136afc2cc0 JavaThread "jar transforms Thread 7" [_thread_blocked, id=23404, stack(0x0000006b1df00000,0x0000006b1e000000)]
  0x000002136afc5540 JavaThread "jar transforms Thread 8" [_thread_blocked, id=5312, stack(0x0000006b1e000000,0x0000006b1e100000)]
  0x000002136afc5a50 JavaThread "jar transforms Thread 9" [_thread_blocked, id=14464, stack(0x0000006b1e100000,0x0000006b1e200000)]
  0x000002136afc78b0 JavaThread "jar transforms Thread 10" [_thread_blocked, id=6236, stack(0x0000006b1e200000,0x0000006b1e300000)]
  0x000002136afc5f60 JavaThread "jar transforms Thread 11" [_thread_blocked, id=16204, stack(0x0000006b1e300000,0x0000006b1e400000)]
  0x000002136afc5030 JavaThread "jar transforms Thread 12" [_thread_blocked, id=9872, stack(0x0000006b1e400000,0x0000006b1e500000)]
  0x000002136afc7dc0 JavaThread "jar transforms Thread 13" [_thread_blocked, id=20948, stack(0x0000006b1e500000,0x0000006b1e600000)]
  0x000002136afc82d0 JavaThread "jar transforms Thread 14" [_thread_blocked, id=8464, stack(0x0000006b1e600000,0x0000006b1e700000)]
  0x000002136afc4b20 JavaThread "jar transforms Thread 15" [_thread_blocked, id=12096, stack(0x0000006b1e700000,0x0000006b1e800000)]
  0x000002136afc8cf0 JavaThread "jar transforms Thread 16" [_thread_blocked, id=2436, stack(0x0000006b1e800000,0x0000006b1e900000)]
  0x000002136afc6980 JavaThread "Cache worker for checksums cache (D:\TOTNGHIEP\New folder\Money_Manager\.gradle\8.7\checksums)" [_thread_blocked, id=11872, stack(0x0000006b1e900000,0x0000006b1ea00000)]
  0x000002136afca640 JavaThread "Cache worker for cache directory md-supplier (C:\Users\nang2\.gradle\caches\8.7\md-supplier)" [_thread_blocked, id=23468, stack(0x0000006b1ea00000,0x0000006b1eb00000)]
  0x000002136afc6e90 JavaThread "Cache worker for cache directory md-rule (C:\Users\nang2\.gradle\caches\8.7\md-rule)" [_thread_blocked, id=2908, stack(0x0000006b1eb00000,0x0000006b1ec00000)]
  0x000002136afc9200 JavaThread "Cache worker for file content cache (C:\Users\nang2\.gradle\caches\8.7\fileContent)" [_thread_blocked, id=17472, stack(0x0000006b1ec00000,0x0000006b1ed00000)]
  0x0000021369bff360 JavaThread "Unconstrained build operations" [_thread_blocked, id=1272, stack(0x0000006b1ee00000,0x0000006b1ef00000)]
  0x0000021369bfda10 JavaThread "Unconstrained build operations Thread 2" [_thread_blocked, id=19416, stack(0x0000006b1ef00000,0x0000006b1f000000)]
  0x0000021369c00cb0 JavaThread "Unconstrained build operations Thread 3" [_thread_blocked, id=7480, stack(0x0000006b1f000000,0x0000006b1f100000)]
  0x0000021369bfd500 JavaThread "Unconstrained build operations Thread 4" [_thread_blocked, id=16804, stack(0x0000006b1f100000,0x0000006b1f200000)]
  0x0000021369c00290 JavaThread "Unconstrained build operations Thread 5" [_thread_blocked, id=12160, stack(0x0000006b1f200000,0x0000006b1f300000)]
  0x0000021369c007a0 JavaThread "Unconstrained build operations Thread 6" [_thread_blocked, id=21956, stack(0x0000006b1f300000,0x0000006b1f400000)]
  0x0000021369bfdf20 JavaThread "Unconstrained build operations Thread 7" [_thread_blocked, id=19908, stack(0x0000006b1f400000,0x0000006b1f500000)]
  0x000002136c253fa0 JavaThread "Unconstrained build operations Thread 8" [_thread_blocked, id=3020, stack(0x0000006b1f500000,0x0000006b1f600000)]
  0x000002136c252140 JavaThread "Unconstrained build operations Thread 9" [_thread_blocked, id=22028, stack(0x0000006b1f600000,0x0000006b1f700000)]
  0x000002136c253580 JavaThread "Unconstrained build operations Thread 10" [_thread_blocked, id=16388, stack(0x0000006b1f700000,0x0000006b1f800000)]
  0x000002136b3c7eb0 JavaThread "C2 CompilerThread1" daemon [_thread_blocked, id=18668, stack(0x0000006b1d200000,0x0000006b1d300000)]
  0x000002136b3c5430 JavaThread "C2 CompilerThread2" daemon [_thread_blocked, id=17644, stack(0x0000006b1d300000,0x0000006b1d400000)]
  0x000002136b3c5980 JavaThread "C2 CompilerThread3" daemon [_thread_blocked, id=19964, stack(0x0000006b1ed00000,0x0000006b1ee00000)]
  0x000002136b3c6420 JavaThread "C2 CompilerThread4" daemon [_thread_blocked, id=16944, stack(0x0000006b1f800000,0x0000006b1f900000)]
  0x000002136b3c5ed0 JavaThread "C2 CompilerThread5" daemon [_thread_blocked, id=8064, stack(0x0000006b1f900000,0x0000006b1fa00000)]
  0x000002136b3c7410 JavaThread "C2 CompilerThread6" daemon [_thread_blocked, id=23364, stack(0x0000006b1fa00000,0x0000006b1fb00000)]

Other Threads:
=>0x000002136486f6f0 VMThread "VM Thread" [stack: 0x0000006b1a900000,0x0000006b1aa00000] [id=18280]
  0x0000021364b872e0 WatcherThread [stack: 0x0000006b1b700000,0x0000006b1b800000] [id=7760]
  0x0000021347dbb580 GCTaskThread "GC Thread#0" [stack: 0x0000006b1a400000,0x0000006b1a500000] [id=17316]
  0x000002136a01b660 GCTaskThread "GC Thread#1" [stack: 0x0000006b1bb00000,0x0000006b1bc00000] [id=3348]
  0x000002136a01b920 GCTaskThread "GC Thread#2" [stack: 0x0000006b1bc00000,0x0000006b1bd00000] [id=12036]
  0x000002136a144900 GCTaskThread "GC Thread#3" [stack: 0x0000006b1bd00000,0x0000006b1be00000] [id=19900]
  0x0000021369363460 GCTaskThread "GC Thread#4" [stack: 0x0000006b1be00000,0x0000006b1bf00000] [id=2320]
  0x00000213697fd4b0 GCTaskThread "GC Thread#5" [stack: 0x0000006b1c600000,0x0000006b1c700000] [id=21980]
  0x00000213697fdcf0 GCTaskThread "GC Thread#6" [stack: 0x0000006b1c700000,0x0000006b1c800000] [id=17108]
  0x00000213697fcc70 GCTaskThread "GC Thread#7" [stack: 0x0000006b1c800000,0x0000006b1c900000] [id=14952]
  0x00000213697fd770 GCTaskThread "GC Thread#8" [stack: 0x0000006b1c900000,0x0000006b1ca00000] [id=17188]
  0x00000213697fcf30 GCTaskThread "GC Thread#9" [stack: 0x0000006b1ca00000,0x0000006b1cb00000] [id=22860]
  0x00000213697fc170 GCTaskThread "GC Thread#10" [stack: 0x0000006b1cb00000,0x0000006b1cc00000] [id=22484]
  0x00000213697fc6f0 GCTaskThread "GC Thread#11" [stack: 0x0000006b1cc00000,0x0000006b1cd00000] [id=21492]
  0x00000213697fd1f0 GCTaskThread "GC Thread#12" [stack: 0x0000006b1cd00000,0x0000006b1ce00000] [id=22752]
  0x0000021347dcd0b0 ConcurrentGCThread "G1 Main Marker" [stack: 0x0000006b1a500000,0x0000006b1a600000] [id=20596]
  0x0000021347dce180 ConcurrentGCThread "G1 Conc#0" [stack: 0x0000006b1a600000,0x0000006b1a700000] [id=18760]
  0x00000213697fda30 ConcurrentGCThread "G1 Conc#1" [stack: 0x0000006b1ce00000,0x0000006b1cf00000] [id=6884]
  0x000002136afa51e0 ConcurrentGCThread "G1 Conc#2" [stack: 0x0000006b1cf00000,0x0000006b1d000000] [id=10244]
  0x00000213645e55d0 ConcurrentGCThread "G1 Refine#0" [stack: 0x0000006b1a700000,0x0000006b1a800000] [id=9752]
  0x00000213645e5f10 ConcurrentGCThread "G1 Service" [stack: 0x0000006b1a800000,0x0000006b1a900000] [id=23260]

Threads with active compile tasks:
C2 CompilerThread6    12053 5591       4       org.jetbrains.kotlin.com.intellij.openapi.vfs.impl.ArchiveHandler::processEntry (225 bytes)

VM state: at safepoint (normal execution)

VM Mutex/Monitor currently owned by a thread:  ([mutex/lock_event])
[0x0000021347c32210] Threads_lock - owner thread: 0x000002136486f6f0
[0x0000021347d57f40] Heap_lock - owner thread: 0x000002136a6d7100

Heap address: 0x0000000080000000, size: 2048 MB, Compressed Oops mode: 32-bit

CDS archive(s) not mapped
Compressed class space mapped at: 0x0000000100000000-0x0000000140000000, reserved size: 1073741824
Narrow klass base: 0x0000000000000000, Narrow klass shift: 3, Narrow klass range: 0x140000000

GC Precious Log:
 CPUs: 16 total, 16 available
 Memory: 15789M
 Large Page Support: Disabled
 NUMA Support: Disabled
 Compressed Oops: Enabled (32-bit)
 Heap Region Size: 1M
 Heap Min Capacity: 8M
 Heap Initial Capacity: 248M
 Heap Max Capacity: 2G
 Pre-touch: Disabled
 Parallel Workers: 13
 Concurrent Workers: 3
 Concurrent Refinement Workers: 13
 Periodic GC: Disabled

Heap:
 garbage-first heap   total 150528K, used 84204K [0x0000000080000000, 0x0000000100000000)
  region size 1024K, 1 young (1024K), 1 survivors (1024K)
 Metaspace       used 72725K, committed 73408K, reserved 1114112K
  class space    used 10096K, committed 10368K, reserved 1048576K

Heap Regions: E=young(eden), S=young(survivor), O=old, HS=humongous(starts), HC=humongous(continues), CS=collection set, F=free, OA=open archive, CA=closed archive, TAMS=top-at-mark-start (previous, next)
|   0|0x0000000080000000, 0x0000000080100000, 0x0000000080100000|100%|HS|  |TAMS 0x0000000080100000, 0x0000000080000000| Complete 
|   1|0x0000000080100000, 0x0000000080200000, 0x0000000080200000|100%|HC|  |TAMS 0x0000000080200000, 0x0000000080100000| Complete 
|   2|0x0000000080200000, 0x0000000080300000, 0x0000000080300000|100%|HC|  |TAMS 0x0000000080300000, 0x0000000080200000| Complete 
|   3|0x0000000080300000, 0x0000000080400000, 0x0000000080400000|100%|HC|  |TAMS 0x0000000080400000, 0x0000000080300000| Complete 
|   4|0x0000000080400000, 0x0000000080500000, 0x0000000080500000|100%| O|  |TAMS 0x0000000080500000, 0x0000000080400000| Untracked 
|   5|0x0000000080500000, 0x0000000080600000, 0x0000000080600000|100%| O|  |TAMS 0x0000000080600000, 0x0000000080500000| Untracked 
|   6|0x0000000080600000, 0x0000000080700000, 0x0000000080700000|100%| O|  |TAMS 0x0000000080700000, 0x0000000080600000| Untracked 
|   7|0x0000000080700000, 0x0000000080800000, 0x0000000080800000|100%| O|  |TAMS 0x0000000080800000, 0x0000000080700000| Untracked 
|   8|0x0000000080800000, 0x0000000080900000, 0x0000000080900000|100%| O|  |TAMS 0x0000000080900000, 0x0000000080800000| Untracked 
|   9|0x0000000080900000, 0x0000000080a00000, 0x0000000080a00000|100%| O|  |TAMS 0x0000000080a00000, 0x0000000080900000| Untracked 
|  10|0x0000000080a00000, 0x0000000080b00000, 0x0000000080b00000|100%| O|  |TAMS 0x0000000080b00000, 0x0000000080a00000| Untracked 
|  11|0x0000000080b00000, 0x0000000080c00000, 0x0000000080c00000|100%| O|  |TAMS 0x0000000080c00000, 0x0000000080b00000| Untracked 
|  12|0x0000000080c00000, 0x0000000080d00000, 0x0000000080d00000|100%| O|  |TAMS 0x0000000080d00000, 0x0000000080c00000| Untracked 
|  13|0x0000000080d00000, 0x0000000080e00000, 0x0000000080e00000|100%| O|  |TAMS 0x0000000080e00000, 0x0000000080d00000| Untracked 
|  14|0x0000000080e00000, 0x0000000080f00000, 0x0000000080f00000|100%| O|  |TAMS 0x0000000080f00000, 0x0000000080e00000| Untracked 
|  15|0x0000000080f00000, 0x0000000081000000, 0x0000000081000000|100%| O|  |TAMS 0x0000000081000000, 0x0000000080f00000| Untracked 
|  16|0x0000000081000000, 0x0000000081100000, 0x0000000081100000|100%| O|  |TAMS 0x0000000081100000, 0x0000000081000000| Untracked 
|  17|0x0000000081100000, 0x0000000081200000, 0x0000000081200000|100%| O|  |TAMS 0x0000000081200000, 0x0000000081100000| Untracked 
|  18|0x0000000081200000, 0x0000000081300000, 0x0000000081300000|100%| O|  |TAMS 0x0000000081300000, 0x0000000081200000| Untracked 
|  19|0x0000000081300000, 0x0000000081400000, 0x0000000081400000|100%| O|  |TAMS 0x0000000081400000, 0x0000000081300000| Untracked 
|  20|0x0000000081400000, 0x0000000081500000, 0x0000000081500000|100%|HS|  |TAMS 0x0000000081500000, 0x0000000081400000| Complete 
|  21|0x0000000081500000, 0x0000000081600000, 0x0000000081600000|100%|HC|  |TAMS 0x0000000081600000, 0x0000000081500000| Complete 
|  22|0x0000000081600000, 0x0000000081700000, 0x0000000081700000|100%|HC|  |TAMS 0x0000000081700000, 0x0000000081600000| Complete 
|  23|0x0000000081700000, 0x0000000081800000, 0x0000000081800000|100%|HC|  |TAMS 0x0000000081800000, 0x0000000081700000| Complete 
|  24|0x0000000081800000, 0x0000000081900000, 0x0000000081900000|100%|HC|  |TAMS 0x0000000081900000, 0x0000000081800000| Complete 
|  25|0x0000000081900000, 0x0000000081a00000, 0x0000000081a00000|100%|HS|  |TAMS 0x0000000081a00000, 0x0000000081900000| Complete 
|  26|0x0000000081a00000, 0x0000000081b00000, 0x0000000081b00000|100%|HC|  |TAMS 0x0000000081b00000, 0x0000000081a00000| Complete 
|  27|0x0000000081b00000, 0x0000000081c00000, 0x0000000081c00000|100%|HC|  |TAMS 0x0000000081c00000, 0x0000000081b00000| Complete 
|  28|0x0000000081c00000, 0x0000000081d00000, 0x0000000081d00000|100%|HS|  |TAMS 0x0000000081d00000, 0x0000000081c00000| Complete 
|  29|0x0000000081d00000, 0x0000000081e00000, 0x0000000081e00000|100%|HC|  |TAMS 0x0000000081e00000, 0x0000000081d00000| Complete 
|  30|0x0000000081e00000, 0x0000000081f00000, 0x0000000081f00000|100%|HC|  |TAMS 0x0000000081f00000, 0x0000000081e00000| Complete 
|  31|0x0000000081f00000, 0x0000000082000000, 0x0000000082000000|100%| O|  |TAMS 0x0000000082000000, 0x0000000081f00000| Untracked 
|  32|0x0000000082000000, 0x0000000082100000, 0x0000000082100000|100%| O|  |TAMS 0x0000000082100000, 0x0000000082000000| Untracked 
|  33|0x0000000082100000, 0x0000000082200000, 0x0000000082200000|100%| O|  |TAMS 0x0000000082200000, 0x0000000082100000| Untracked 
|  34|0x0000000082200000, 0x0000000082300000, 0x0000000082300000|100%|HS|  |TAMS 0x0000000082300000, 0x0000000082200000| Complete 
|  35|0x0000000082300000, 0x0000000082400000, 0x0000000082400000|100%| O|  |TAMS 0x0000000082400000, 0x0000000082300000| Untracked 
|  36|0x0000000082400000, 0x0000000082500000, 0x0000000082500000|100%| O|  |TAMS 0x0000000082500000, 0x0000000082400000| Untracked 
|  37|0x0000000082500000, 0x0000000082600000, 0x0000000082600000|100%| O|  |TAMS 0x0000000082600000, 0x0000000082500000| Untracked 
|  38|0x0000000082600000, 0x0000000082700000, 0x0000000082700000|100%| O|  |TAMS 0x0000000082700000, 0x0000000082600000| Untracked 
|  39|0x0000000082700000, 0x0000000082800000, 0x0000000082800000|100%| O|  |TAMS 0x0000000082800000, 0x0000000082700000| Untracked 
|  40|0x0000000082800000, 0x0000000082900000, 0x0000000082900000|100%| O|  |TAMS 0x0000000082900000, 0x0000000082800000| Untracked 
|  41|0x0000000082900000, 0x0000000082a00000, 0x0000000082a00000|100%| O|  |TAMS 0x0000000082a00000, 0x0000000082900000| Untracked 
|  42|0x0000000082a00000, 0x0000000082b00000, 0x0000000082b00000|100%| O|  |TAMS 0x0000000082b00000, 0x0000000082a00000| Untracked 
|  43|0x0000000082b00000, 0x0000000082c00000, 0x0000000082c00000|100%| O|  |TAMS 0x0000000082c00000, 0x0000000082b00000| Untracked 
|  44|0x0000000082c00000, 0x0000000082d00000, 0x0000000082d00000|100%| O|  |TAMS 0x0000000082d00000, 0x0000000082c00000| Untracked 
|  45|0x0000000082d00000, 0x0000000082e00000, 0x0000000082e00000|100%| O|  |TAMS 0x0000000082e00000, 0x0000000082d00000| Untracked 
|  46|0x0000000082e00000, 0x0000000082f00000, 0x0000000082f00000|100%| O|  |TAMS 0x0000000082f00000, 0x0000000082e00000| Untracked 
|  47|0x0000000082f00000, 0x0000000083000000, 0x0000000083000000|100%| O|  |TAMS 0x0000000083000000, 0x0000000082f00000| Untracked 
|  48|0x0000000083000000, 0x0000000083100000, 0x0000000083100000|100%|HS|  |TAMS 0x0000000083100000, 0x0000000083000000| Complete 
|  49|0x0000000083100000, 0x0000000083200000, 0x0000000083200000|100%|HC|  |TAMS 0x0000000083200000, 0x0000000083100000| Complete 
|  50|0x0000000083200000, 0x0000000083300000, 0x0000000083300000|100%|HC|  |TAMS 0x0000000083300000, 0x0000000083200000| Complete 
|  51|0x0000000083300000, 0x0000000083400000, 0x0000000083400000|100%|HS|  |TAMS 0x0000000083400000, 0x0000000083300000| Complete 
|  52|0x0000000083400000, 0x0000000083500000, 0x0000000083500000|100%|HC|  |TAMS 0x0000000083500000, 0x0000000083400000| Complete 
|  53|0x0000000083500000, 0x0000000083600000, 0x0000000083600000|100%|HC|  |TAMS 0x0000000083600000, 0x0000000083500000| Complete 
|  54|0x0000000083600000, 0x0000000083700000, 0x0000000083700000|100%|HC|  |TAMS 0x0000000083700000, 0x0000000083600000| Complete 
|  55|0x0000000083700000, 0x0000000083800000, 0x0000000083800000|100%|HC|  |TAMS 0x0000000083800000, 0x0000000083700000| Complete 
|  56|0x0000000083800000, 0x0000000083900000, 0x0000000083900000|100%|HS|  |TAMS 0x0000000083900000, 0x0000000083800000| Complete 
|  57|0x0000000083900000, 0x0000000083a00000, 0x0000000083a00000|100%|HC|  |TAMS 0x0000000083a00000, 0x0000000083900000| Complete 
|  58|0x0000000083a00000, 0x0000000083b00000, 0x0000000083b00000|100%|HC|  |TAMS 0x0000000083b00000, 0x0000000083a00000| Complete 
|  59|0x0000000083b00000, 0x0000000083c00000, 0x0000000083c00000|100%|HC|  |TAMS 0x0000000083c00000, 0x0000000083b00000| Complete 
|  60|0x0000000083c00000, 0x0000000083d00000, 0x0000000083d00000|100%|HC|  |TAMS 0x0000000083d00000, 0x0000000083c00000| Complete 
|  61|0x0000000083d00000, 0x0000000083d00000, 0x0000000083e00000|  0%| F|  |TAMS 0x0000000083d00000, 0x0000000083d00000| Untracked 
|  62|0x0000000083e00000, 0x0000000083f00000, 0x0000000083f00000|100%| O|  |TAMS 0x0000000083f00000, 0x0000000083e00000| Untracked 
|  63|0x0000000083f00000, 0x0000000084000000, 0x0000000084000000|100%| O|  |TAMS 0x0000000083f00000, 0x0000000083f00000| Untracked 
|  64|0x0000000084000000, 0x0000000084100000, 0x0000000084100000|100%| O|  |TAMS 0x0000000084100000, 0x0000000084000000| Untracked 
|  65|0x0000000084100000, 0x0000000084200000, 0x0000000084200000|100%| O|  |TAMS 0x0000000084200000, 0x0000000084100000| Untracked 
|  66|0x0000000084200000, 0x0000000084300000, 0x0000000084300000|100%| O|  |TAMS 0x0000000084300000, 0x0000000084200000| Untracked 
|  67|0x0000000084300000, 0x0000000084400000, 0x0000000084400000|100%| O|  |TAMS 0x0000000084400000, 0x0000000084300000| Untracked 
|  68|0x0000000084400000, 0x0000000084500000, 0x0000000084500000|100%| O|  |TAMS 0x0000000084500000, 0x0000000084400000| Untracked 
|  69|0x0000000084500000, 0x0000000084600000, 0x0000000084600000|100%| O|  |TAMS 0x0000000084600000, 0x0000000084500000| Untracked 
|  70|0x0000000084600000, 0x0000000084700000, 0x0000000084700000|100%| O|  |TAMS 0x0000000084700000, 0x0000000084600000| Untracked 
|  71|0x0000000084700000, 0x0000000084800000, 0x0000000084800000|100%| O|  |TAMS 0x0000000084800000, 0x0000000084700000| Untracked 
|  72|0x0000000084800000, 0x0000000084900000, 0x0000000084900000|100%| O|  |TAMS 0x000000008481e600, 0x0000000084800000| Untracked 
|  73|0x0000000084900000, 0x0000000084a00000, 0x0000000084a00000|100%| O|  |TAMS 0x0000000084900000, 0x0000000084900000| Untracked 
|  74|0x0000000084a00000, 0x0000000084b00000, 0x0000000084b00000|100%| O|  |TAMS 0x0000000084a00000, 0x0000000084a00000| Untracked 
|  75|0x0000000084b00000, 0x0000000084c00000, 0x0000000084c00000|100%| O|  |TAMS 0x0000000084b00000, 0x0000000084b00000| Untracked 
|  76|0x0000000084c00000, 0x0000000084c76a00, 0x0000000084d00000| 46%| O|  |TAMS 0x0000000084c00000, 0x0000000084c00000| Untracked 
|  77|0x0000000084d00000, 0x0000000084d00000, 0x0000000084e00000|  0%| F|  |TAMS 0x0000000084d00000, 0x0000000084d00000| Untracked 
|  78|0x0000000084e00000, 0x0000000084e00000, 0x0000000084f00000|  0%| F|  |TAMS 0x0000000084e00000, 0x0000000084e00000| Untracked 
|  79|0x0000000084f00000, 0x0000000085000000, 0x0000000085000000|100%| O|  |TAMS 0x0000000084f00000, 0x0000000084f00000| Untracked 
|  80|0x0000000085000000, 0x0000000085100000, 0x0000000085100000|100%| O|  |TAMS 0x0000000085000000, 0x0000000085000000| Untracked 
|  81|0x0000000085100000, 0x0000000085200000, 0x0000000085200000|100%| O|  |TAMS 0x0000000085100000, 0x0000000085100000| Untracked 
|  82|0x0000000085200000, 0x0000000085300000, 0x0000000085300000|100%| O|  |TAMS 0x0000000085200000, 0x0000000085200000| Untracked 
|  83|0x0000000085300000, 0x0000000085400000, 0x0000000085400000|100%| O|  |TAMS 0x0000000085300000, 0x0000000085300000| Untracked 
|  84|0x0000000085400000, 0x0000000085500000, 0x0000000085500000|100%| O|  |TAMS 0x0000000085400000, 0x0000000085400000| Untracked 
|  85|0x0000000085500000, 0x0000000085500000, 0x0000000085600000|  0%| F|  |TAMS 0x0000000085500000, 0x0000000085500000| Untracked 
|  86|0x0000000085600000, 0x0000000085600000, 0x0000000085700000|  0%| F|  |TAMS 0x0000000085600000, 0x0000000085600000| Untracked 
|  87|0x0000000085700000, 0x0000000085700000, 0x0000000085800000|  0%| F|  |TAMS 0x0000000085700000, 0x0000000085700000| Untracked 
|  88|0x0000000085800000, 0x0000000085800000, 0x0000000085900000|  0%| F|  |TAMS 0x0000000085800000, 0x0000000085800000| Untracked 
|  89|0x0000000085900000, 0x0000000085900000, 0x0000000085a00000|  0%| F|  |TAMS 0x0000000085900000, 0x0000000085900000| Untracked 
|  90|0x0000000085a00000, 0x0000000085a00000, 0x0000000085b00000|  0%| F|  |TAMS 0x0000000085a00000, 0x0000000085a00000| Untracked 
|  91|0x0000000085b00000, 0x0000000085b00000, 0x0000000085c00000|  0%| F|  |TAMS 0x0000000085b00000, 0x0000000085b00000| Untracked 
|  92|0x0000000085c00000, 0x0000000085c00000, 0x0000000085d00000|  0%| F|  |TAMS 0x0000000085c00000, 0x0000000085c00000| Untracked 
|  93|0x0000000085d00000, 0x0000000085d00000, 0x0000000085e00000|  0%| F|  |TAMS 0x0000000085d00000, 0x0000000085d00000| Untracked 
|  94|0x0000000085e00000, 0x0000000085e00000, 0x0000000085f00000|  0%| F|  |TAMS 0x0000000085e00000, 0x0000000085e00000| Untracked 
|  95|0x0000000085f00000, 0x0000000085f00000, 0x0000000086000000|  0%| F|  |TAMS 0x0000000085f00000, 0x0000000085f00000| Untracked 
|  96|0x0000000086000000, 0x0000000086000000, 0x0000000086100000|  0%| F|  |TAMS 0x0000000086000000, 0x0000000086000000| Untracked 
|  97|0x0000000086100000, 0x0000000086100000, 0x0000000086200000|  0%| F|  |TAMS 0x0000000086100000, 0x0000000086100000| Untracked 
|  98|0x0000000086200000, 0x0000000086200000, 0x0000000086300000|  0%| F|  |TAMS 0x0000000086200000, 0x0000000086200000| Untracked 
|  99|0x0000000086300000, 0x0000000086300000, 0x0000000086400000|  0%| F|  |TAMS 0x0000000086300000, 0x0000000086300000| Untracked 
| 100|0x0000000086400000, 0x0000000086400000, 0x0000000086500000|  0%| F|  |TAMS 0x0000000086400000, 0x0000000086400000| Untracked 
| 101|0x0000000086500000, 0x0000000086500000, 0x0000000086600000|  0%| F|  |TAMS 0x0000000086500000, 0x0000000086500000| Untracked 
| 102|0x0000000086600000, 0x0000000086600000, 0x0000000086700000|  0%| F|  |TAMS 0x0000000086600000, 0x0000000086600000| Untracked 
| 103|0x0000000086700000, 0x0000000086700000, 0x0000000086800000|  0%| F|  |TAMS 0x0000000086700000, 0x0000000086700000| Untracked 
| 104|0x0000000086800000, 0x0000000086800000, 0x0000000086900000|  0%| F|  |TAMS 0x0000000086800000, 0x0000000086800000| Untracked 
| 105|0x0000000086900000, 0x0000000086900000, 0x0000000086a00000|  0%| F|  |TAMS 0x0000000086900000, 0x0000000086900000| Untracked 
| 106|0x0000000086a00000, 0x0000000086a00000, 0x0000000086b00000|  0%| F|  |TAMS 0x0000000086a00000, 0x0000000086a00000| Untracked 
| 107|0x0000000086b00000, 0x0000000086b00000, 0x0000000086c00000|  0%| F|  |TAMS 0x0000000086b00000, 0x0000000086b00000| Untracked 
| 108|0x0000000086c00000, 0x0000000086c00000, 0x0000000086d00000|  0%| F|  |TAMS 0x0000000086c00000, 0x0000000086c00000| Untracked 
| 109|0x0000000086d00000, 0x0000000086d00000, 0x0000000086e00000|  0%| F|  |TAMS 0x0000000086d00000, 0x0000000086d00000| Untracked 
| 110|0x0000000086e00000, 0x0000000086e00000, 0x0000000086f00000|  0%| F|  |TAMS 0x0000000086e00000, 0x0000000086e00000| Untracked 
| 111|0x0000000086f00000, 0x0000000086f00000, 0x0000000087000000|  0%| F|  |TAMS 0x0000000086f00000, 0x0000000086f00000| Untracked 
| 112|0x0000000087000000, 0x0000000087000000, 0x0000000087100000|  0%| F|  |TAMS 0x0000000087000000, 0x0000000087000000| Untracked 
| 113|0x0000000087100000, 0x0000000087100000, 0x0000000087200000|  0%| F|  |TAMS 0x0000000087100000, 0x0000000087100000| Untracked 
| 114|0x0000000087200000, 0x0000000087200000, 0x0000000087300000|  0%| F|  |TAMS 0x0000000087200000, 0x0000000087200000| Untracked 
| 115|0x0000000087300000, 0x0000000087300000, 0x0000000087400000|  0%| F|  |TAMS 0x0000000087300000, 0x0000000087300000| Untracked 
| 116|0x0000000087400000, 0x0000000087400000, 0x0000000087500000|  0%| F|  |TAMS 0x0000000087400000, 0x0000000087400000| Untracked 
| 117|0x0000000087500000, 0x0000000087500000, 0x0000000087600000|  0%| F|  |TAMS 0x0000000087500000, 0x0000000087500000| Untracked 
| 118|0x0000000087600000, 0x0000000087600000, 0x0000000087700000|  0%| F|  |TAMS 0x0000000087600000, 0x0000000087600000| Untracked 
| 119|0x0000000087700000, 0x0000000087700000, 0x0000000087800000|  0%| F|  |TAMS 0x0000000087700000, 0x0000000087700000| Untracked 
| 120|0x0000000087800000, 0x0000000087800000, 0x0000000087900000|  0%| F|  |TAMS 0x0000000087800000, 0x0000000087800000| Untracked 
| 121|0x0000000087900000, 0x0000000087900000, 0x0000000087a00000|  0%| F|  |TAMS 0x0000000087900000, 0x0000000087900000| Untracked 
| 122|0x0000000087a00000, 0x0000000087a00000, 0x0000000087b00000|  0%| F|  |TAMS 0x0000000087a00000, 0x0000000087a00000| Untracked 
| 123|0x0000000087b00000, 0x0000000087b00000, 0x0000000087c00000|  0%| F|  |TAMS 0x0000000087b00000, 0x0000000087b00000| Untracked 
| 124|0x0000000087c00000, 0x0000000087c00000, 0x0000000087d00000|  0%| F|  |TAMS 0x0000000087c00000, 0x0000000087c00000| Untracked 
| 125|0x0000000087d00000, 0x0000000087d00000, 0x0000000087e00000|  0%| F|  |TAMS 0x0000000087d00000, 0x0000000087d00000| Untracked 
| 126|0x0000000087e00000, 0x0000000087e00000, 0x0000000087f00000|  0%| F|  |TAMS 0x0000000087e00000, 0x0000000087e00000| Untracked 
| 127|0x0000000087f00000, 0x0000000087f00000, 0x0000000088000000|  0%| F|  |TAMS 0x0000000087f00000, 0x0000000087f00000| Untracked 
| 128|0x0000000088000000, 0x0000000088000000, 0x0000000088100000|  0%| F|  |TAMS 0x0000000088000000, 0x0000000088000000| Untracked 
| 129|0x0000000088100000, 0x0000000088100000, 0x0000000088200000|  0%| F|  |TAMS 0x0000000088100000, 0x0000000088100000| Untracked 
| 130|0x0000000088200000, 0x0000000088200000, 0x0000000088300000|  0%| F|  |TAMS 0x0000000088200000, 0x0000000088200000| Untracked 
| 131|0x0000000088300000, 0x0000000088300000, 0x0000000088400000|  0%| F|  |TAMS 0x0000000088300000, 0x0000000088300000| Untracked 
| 132|0x0000000088400000, 0x0000000088400000, 0x0000000088500000|  0%| F|  |TAMS 0x0000000088400000, 0x0000000088400000| Untracked 
| 133|0x0000000088500000, 0x0000000088500000, 0x0000000088600000|  0%| F|  |TAMS 0x0000000088500000, 0x0000000088500000| Untracked 
| 134|0x0000000088600000, 0x0000000088600000, 0x0000000088700000|  0%| F|  |TAMS 0x0000000088600000, 0x0000000088600000| Untracked 
| 135|0x0000000088700000, 0x0000000088700000, 0x0000000088800000|  0%| F|  |TAMS 0x0000000088700000, 0x0000000088700000| Untracked 
| 136|0x0000000088800000, 0x0000000088800000, 0x0000000088900000|  0%| F|  |TAMS 0x0000000088800000, 0x0000000088800000| Untracked 
| 186|0x000000008ba00000, 0x000000008ba00000, 0x000000008bb00000|  0%| F|  |TAMS 0x000000008ba00000, 0x000000008ba00000| Untracked 
| 187|0x000000008bb00000, 0x000000008bb00000, 0x000000008bc00000|  0%| F|  |TAMS 0x000000008bb00000, 0x000000008bb00000| Untracked 
| 188|0x000000008bc00000, 0x000000008bc00000, 0x000000008bd00000|  0%| F|  |TAMS 0x000000008bc00000, 0x000000008bc00000| Untracked 
| 189|0x000000008bd00000, 0x000000008bd00000, 0x000000008be00000|  0%| F|  |TAMS 0x000000008bd00000, 0x000000008bd00000| Untracked 
| 190|0x000000008be00000, 0x000000008be00000, 0x000000008bf00000|  0%| F|  |TAMS 0x000000008be00000, 0x000000008be00000| Untracked 
| 191|0x000000008bf00000, 0x000000008bf00000, 0x000000008c000000|  0%| F|  |TAMS 0x000000008bf00000, 0x000000008bf00000| Untracked 
| 192|0x000000008c000000, 0x000000008c0c48c8, 0x000000008c100000| 76%| S|CS|TAMS 0x000000008c000000, 0x000000008c000000| Complete 
| 193|0x000000008c100000, 0x000000008c100000, 0x000000008c200000|  0%| F|  |TAMS 0x000000008c100000, 0x000000008c100000| Untracked 
| 194|0x000000008c200000, 0x000000008c200000, 0x000000008c300000|  0%| F|  |TAMS 0x000000008c200000, 0x000000008c200000| Untracked 
| 247|0x000000008f700000, 0x000000008f700000, 0x000000008f800000|  0%| F|  |TAMS 0x000000008f700000, 0x000000008f700000| Untracked 

Card table byte_map: [0x000002135ce90000,0x000002135d290000] _byte_map_base: 0x000002135ca90000

Marking Bits (Prev, Next): (CMBitMap*) 0x0000021347dbbaf0, (CMBitMap*) 0x0000021347dbbab0
 Prev Bits: [0x000002135f690000, 0x0000021361690000)
 Next Bits: [0x000002135d690000, 0x000002135f690000)

Polling page: 0x0000021347e10000

Metaspace:

Usage:
  Non-class:     61.16 MB used.
      Class:      9.86 MB used.
       Both:     71.02 MB used.

Virtual space:
  Non-class space:       64.00 MB reserved,      61.56 MB ( 96%) committed,  1 nodes.
      Class space:        1.00 GB reserved,      10.12 MB ( <1%) committed,  1 nodes.
             Both:        1.06 GB reserved,      71.69 MB (  7%) committed. 

Chunk freelists:
   Non-Class:  2.11 MB
       Class:  5.88 MB
        Both:  7.98 MB

MaxMetaspaceSize: unlimited
CompressedClassSpaceSize: 1.00 GB
Initial GC threshold: 21.00 MB
Current GC threshold: 118.69 MB
CDS: off
MetaspaceReclaimPolicy: balanced
 - commit_granule_bytes: 65536.
 - commit_granule_words: 8192.
 - virtual_space_node_default_size: 8388608.
 - enlarge_chunks_in_place: 1.
 - new_chunks_are_fully_committed: 0.
 - uncommit_free_chunks: 1.
 - use_allocation_guard: 0.
 - handle_deallocations: 1.


Internal statistics:

num_allocs_failed_limit: 3.
num_arena_births: 712.
num_arena_deaths: 0.
num_vsnodes_births: 2.
num_vsnodes_deaths: 0.
num_space_committed: 1145.
num_space_uncommitted: 0.
num_chunks_returned_to_freelist: 3.
num_chunks_taken_from_freelist: 3123.
num_chunk_merges: 3.
num_chunk_splits: 2208.
num_chunks_enlarged: 1632.
num_inconsistent_stats: 0.

CodeHeap 'non-profiled nmethods': size=119168Kb used=3084Kb max_used=3103Kb free=116083Kb
 bounds [0x0000021354760000, 0x0000021354a80000, 0x000002135bbc0000]
CodeHeap 'profiled nmethods': size=119104Kb used=10071Kb max_used=10524Kb free=109032Kb
 bounds [0x000002134cbc0000, 0x000002134d620000, 0x0000021354010000]
CodeHeap 'non-nmethods': size=7488Kb used=4050Kb max_used=4098Kb free=3437Kb
 bounds [0x0000021354010000, 0x0000021354420000, 0x0000021354760000]
 total_blobs=5982 nmethods=5095 adapters=795
 compilation: enabled
              stopped_count=0, restarted_count=0
 full_count=0

Compilation events (20 events):
Event: 10.951 Thread 0x000002136d3601f0 nmethod 5830 0x000002134d060d10 code [0x000002134d060ec0, 0x000002134d061138]
Event: 10.952 Thread 0x0000021364924590 nmethod 5825 0x000002134cc1c710 code [0x000002134cc1cb80, 0x000002134cc1e8e8]
Event: 10.953 Thread 0x000002136bb21030 5831       3       kotlin.collections.ArrayAsCollection::toArray (12 bytes)
Event: 10.953 Thread 0x0000021364924590 5832       3       kotlin.collections.CollectionsKt__CollectionsJVMKt::copyToArrayOfAny (41 bytes)
Event: 10.953 Thread 0x000002136bb21030 nmethod 5831 0x000002134cde7490 code [0x000002134cde7620, 0x000002134cde7768]
Event: 10.954 Thread 0x000002136d3601f0 5833  s    3       jdk.internal.jimage.ImageReader$SharedImageReader::findNode (36 bytes)
Event: 10.954 Thread 0x0000021364924590 nmethod 5832 0x000002134cde6690 code [0x000002134cde68e0, 0x000002134cde7168]
Event: 10.954 Thread 0x000002136d3601f0 nmethod 5833 0x000002134cde5e10 code [0x000002134cde6000, 0x000002134cde6538]
Event: 10.954 Thread 0x000002136bb21030 5834       3       org.jetbrains.org.objectweb.asm.ClassReader::readShort (27 bytes)
Event: 10.955 Thread 0x000002136bb21030 nmethod 5834 0x000002134cde5a10 code [0x000002134cde5ba0, 0x000002134cde5d18]
Event: 10.955 Thread 0x0000021364924590 5835       3       java.nio.file.Files::newByteChannel (36 bytes)
Event: 10.955 Thread 0x000002136d3601f0 5836       3       java.nio.file.Files::newByteChannel (11 bytes)
Event: 10.955 Thread 0x0000021364ac3c50 5837       3       java.nio.channels.Channels::newInputStream (16 bytes)
Event: 10.955 Thread 0x000002136bb21030 5838       3       sun.nio.ch.ChannelInputStream::<init> (25 bytes)
Event: 10.955 Thread 0x000002136d3601f0 nmethod 5836 0x000002134cde5310 code [0x000002134cde54e0, 0x000002134cde5888]
Event: 10.955 Thread 0x000002136d3601f0 5839       3       sun.nio.ch.ChannelInputStream::close (10 bytes)
Event: 10.956 Thread 0x000002136bb21030 nmethod 5838 0x000002134cde4d90 code [0x000002134cde4f40, 0x000002134cde51f8]
Event: 10.956 Thread 0x0000021364ac3c50 nmethod 5837 0x000002134cde4610 code [0x000002134cde47e0, 0x000002134cde4c08]
Event: 10.956 Thread 0x000002136d3601f0 nmethod 5839 0x000002134cde4190 code [0x000002134cde4340, 0x000002134cde4508]
Event: 10.956 Thread 0x0000021364924590 nmethod 5835 0x000002134cde3090 code [0x000002134cde32c0, 0x000002134cde3c18]

GC Heap History (20 events):
Event: 8.733 GC heap after
{Heap after GC invocations=21 (full 0):
 garbage-first heap   total 115712K, used 69774K [0x0000000080000000, 0x0000000100000000)
  region size 1024K, 6 young (6144K), 6 survivors (6144K)
 Metaspace       used 53867K, committed 54528K, reserved 1114112K
  class space    used 7172K, committed 7488K, reserved 1048576K
}
Event: 8.736 GC heap before
{Heap before GC invocations=21 (full 0):
 garbage-first heap   total 115712K, used 70798K [0x0000000080000000, 0x0000000100000000)
  region size 1024K, 7 young (7168K), 6 survivors (6144K)
 Metaspace       used 53867K, committed 54528K, reserved 1114112K
  class space    used 7172K, committed 7488K, reserved 1048576K
}
Event: 8.742 GC heap after
{Heap after GC invocations=22 (full 0):
 garbage-first heap   total 115712K, used 70941K [0x0000000080000000, 0x0000000100000000)
  region size 1024K, 1 young (1024K), 1 survivors (1024K)
 Metaspace       used 53867K, committed 54528K, reserved 1114112K
  class space    used 7172K, committed 7488K, reserved 1048576K
}
Event: 9.251 GC heap before
{Heap before GC invocations=22 (full 0):
 garbage-first heap   total 115712K, used 94493K [0x0000000080000000, 0x0000000100000000)
  region size 1024K, 25 young (25600K), 1 survivors (1024K)
 Metaspace       used 57462K, committed 58048K, reserved 1114112K
  class space    used 8112K, committed 8384K, reserved 1048576K
}
Event: 9.253 GC heap after
{Heap after GC invocations=23 (full 0):
 garbage-first heap   total 115712K, used 71740K [0x0000000080000000, 0x0000000100000000)
  region size 1024K, 2 young (2048K), 2 survivors (2048K)
 Metaspace       used 57462K, committed 58048K, reserved 1114112K
  class space    used 8112K, committed 8384K, reserved 1048576K
}
Event: 9.541 GC heap before
{Heap before GC invocations=24 (full 0):
 garbage-first heap   total 122880K, used 96316K [0x0000000080000000, 0x0000000100000000)
  region size 1024K, 26 young (26624K), 2 survivors (2048K)
 Metaspace       used 60304K, committed 60992K, reserved 1114112K
  class space    used 8519K, committed 8832K, reserved 1048576K
}
Event: 9.543 GC heap after
{Heap after GC invocations=25 (full 0):
 garbage-first heap   total 122880K, used 72377K [0x0000000080000000, 0x0000000100000000)
  region size 1024K, 2 young (2048K), 2 survivors (2048K)
 Metaspace       used 60304K, committed 60992K, reserved 1114112K
  class space    used 8519K, committed 8832K, reserved 1048576K
}
Event: 9.576 GC heap before
{Heap before GC invocations=25 (full 0):
 garbage-first heap   total 122880K, used 75449K [0x0000000080000000, 0x0000000100000000)
  region size 1024K, 6 young (6144K), 2 survivors (2048K)
 Metaspace       used 60838K, committed 61504K, reserved 1114112K
  class space    used 8583K, committed 8896K, reserved 1048576K
}
Event: 9.579 GC heap after
{Heap after GC invocations=26 (full 0):
 garbage-first heap   total 122880K, used 72153K [0x0000000080000000, 0x0000000100000000)
  region size 1024K, 1 young (1024K), 1 survivors (1024K)
 Metaspace       used 60838K, committed 61504K, reserved 1114112K
  class space    used 8583K, committed 8896K, reserved 1048576K
}
Event: 9.924 GC heap before
{Heap before GC invocations=26 (full 0):
 garbage-first heap   total 122880K, used 101849K [0x0000000080000000, 0x0000000100000000)
  region size 1024K, 30 young (30720K), 1 survivors (1024K)
 Metaspace       used 64676K, committed 65280K, reserved 1114112K
  class space    used 9086K, committed 9344K, reserved 1048576K
}
Event: 9.926 GC heap after
{Heap after GC invocations=27 (full 0):
 garbage-first heap   total 122880K, used 72652K [0x0000000080000000, 0x0000000100000000)
  region size 1024K, 1 young (1024K), 1 survivors (1024K)
 Metaspace       used 64676K, committed 65280K, reserved 1114112K
  class space    used 9086K, committed 9344K, reserved 1048576K
}
Event: 10.269 GC heap before
{Heap before GC invocations=28 (full 0):
 garbage-first heap   total 126976K, used 102348K [0x0000000080000000, 0x0000000100000000)
  region size 1024K, 30 young (30720K), 1 survivors (1024K)
 Metaspace       used 68955K, committed 69632K, reserved 1114112K
  class space    used 9646K, committed 9920K, reserved 1048576K
}
Event: 10.272 GC heap after
{Heap after GC invocations=29 (full 0):
 garbage-first heap   total 126976K, used 73287K [0x0000000080000000, 0x0000000100000000)
  region size 1024K, 2 young (2048K), 2 survivors (2048K)
 Metaspace       used 68955K, committed 69632K, reserved 1114112K
  class space    used 9646K, committed 9920K, reserved 1048576K
}
Event: 10.322 GC heap before
{Heap before GC invocations=29 (full 0):
 garbage-first heap   total 126976K, used 77383K [0x0000000080000000, 0x0000000100000000)
  region size 1024K, 6 young (6144K), 2 survivors (2048K)
 Metaspace       used 69574K, committed 70272K, reserved 1114112K
  class space    used 9737K, committed 10048K, reserved 1048576K
}
Event: 10.325 GC heap after
{Heap after GC invocations=30 (full 0):
 garbage-first heap   total 126976K, used 73091K [0x0000000080000000, 0x0000000100000000)
  region size 1024K, 1 young (1024K), 1 survivors (1024K)
 Metaspace       used 69574K, committed 70272K, reserved 1114112K
  class space    used 9737K, committed 10048K, reserved 1048576K
}
Event: 10.645 GC heap before
{Heap before GC invocations=30 (full 0):
 garbage-first heap   total 126976K, used 113027K [0x0000000080000000, 0x0000000100000000)
  region size 1024K, 33 young (33792K), 1 survivors (1024K)
 Metaspace       used 72083K, committed 72768K, reserved 1114112K
  class space    used 10020K, committed 10304K, reserved 1048576K
}
Event: 10.649 GC heap after
{Heap after GC invocations=31 (full 0):
 garbage-first heap   total 126976K, used 85414K [0x0000000080000000, 0x0000000100000000)
  region size 1024K, 5 young (5120K), 5 survivors (5120K)
 Metaspace       used 72083K, committed 72768K, reserved 1114112K
  class space    used 10020K, committed 10304K, reserved 1048576K
}
Event: 10.939 GC heap before
{Heap before GC invocations=32 (full 0):
 garbage-first heap   total 150528K, used 104870K [0x0000000080000000, 0x0000000100000000)
  region size 1024K, 25 young (25600K), 5 survivors (5120K)
 Metaspace       used 72474K, committed 73088K, reserved 1114112K
  class space    used 10060K, committed 10368K, reserved 1048576K
}
Event: 10.947 GC heap after
{Heap after GC invocations=33 (full 0):
 garbage-first heap   total 150528K, used 83390K [0x0000000080000000, 0x0000000100000000)
  region size 1024K, 4 young (4096K), 4 survivors (4096K)
 Metaspace       used 72474K, committed 73088K, reserved 1114112K
  class space    used 10060K, committed 10368K, reserved 1048576K
}
Event: 10.990 GC heap before
{Heap before GC invocations=33 (full 0):
 garbage-first heap   total 150528K, used 86462K [0x0000000080000000, 0x0000000100000000)
  region size 1024K, 7 young (7168K), 4 survivors (4096K)
 Metaspace       used 72725K, committed 73408K, reserved 1114112K
  class space    used 10096K, committed 10368K, reserved 1048576K
}

Dll operation events (3 events):
Event: 0.012 Loaded shared library C:\Program Files\Android\Android Studio\jbr\bin\java.dll
Event: 0.136 Loaded shared library C:\Program Files\Android\Android Studio\jbr\bin\zip.dll
Event: 0.493 Loaded shared library C:\Program Files\Android\Android Studio\jbr\bin\verify.dll

Deoptimization events (20 events):
Event: 10.787 Thread 0x000002136a6d7100 Uncommon trap: trap_request=0xffffff45 fr.pc=0x00000213549aeca4 relative=0x0000000000000fe4
Event: 10.787 Thread 0x000002136a6d7100 Uncommon trap: reason=unstable_if action=reinterpret pc=0x00000213549aeca4 method=org.jetbrains.kotlin.com.intellij.util.containers.FactoryMap.getMap()Ljava/util/Map; @ 6 c2
Event: 10.787 Thread 0x000002136a6d7100 DEOPT PACKING pc=0x00000213549aeca4 sp=0x0000006b1c2f5750
Event: 10.787 Thread 0x000002136a6d7100 DEOPT UNPACKING pc=0x00000213540669a3 sp=0x0000006b1c2f56d0 mode 2
Event: 10.794 Thread 0x000002136a6d7100 Uncommon trap: trap_request=0xffffffdc fr.pc=0x00000213549ac0c0 relative=0x0000000000000220
Event: 10.794 Thread 0x000002136a6d7100 Uncommon trap: reason=class_check action=make_not_entrant pc=0x00000213549ac0c0 method=java.util.ArrayList.toArray([Ljava/lang/Object;)[Ljava/lang/Object; @ 21 c2
Event: 10.794 Thread 0x000002136a6d7100 DEOPT PACKING pc=0x00000213549ac0c0 sp=0x0000006b1c2f5780
Event: 10.794 Thread 0x000002136a6d7100 DEOPT UNPACKING pc=0x00000213540669a3 sp=0x0000006b1c2f5750 mode 2
Event: 10.795 Thread 0x000002136a6d7100 Uncommon trap: trap_request=0xffffff45 fr.pc=0x00000213547bc658 relative=0x0000000000000ad8
Event: 10.795 Thread 0x000002136a6d7100 Uncommon trap: reason=unstable_if action=reinterpret pc=0x00000213547bc658 method=org.jetbrains.kotlin.com.intellij.openapi.vfs.impl.ZipEntryMap.isTheOne(Lorg/jetbrains/kotlin/com/intellij/openapi/vfs/impl/ArchiveHandler$EntryInfo;Ljava/lang/CharSequence;
Event: 10.795 Thread 0x000002136a6d7100 DEOPT PACKING pc=0x00000213547bc658 sp=0x0000006b1c2f5450
Event: 10.795 Thread 0x000002136a6d7100 DEOPT UNPACKING pc=0x00000213540669a3 sp=0x0000006b1c2f5368 mode 2
Event: 10.798 Thread 0x000002136a6d7100 Uncommon trap: trap_request=0xffffff45 fr.pc=0x00000213549aa624 relative=0x0000000000002164
Event: 10.798 Thread 0x000002136a6d7100 Uncommon trap: reason=unstable_if action=reinterpret pc=0x00000213549aa624 method=org.jetbrains.kotlin.com.intellij.openapi.vfs.impl.jar.CoreJarHandler.getOrCreateFile(Lorg/jetbrains/kotlin/com/intellij/openapi/vfs/impl/ArchiveHandler$EntryInfo;Ljava/util
Event: 10.798 Thread 0x000002136a6d7100 DEOPT PACKING pc=0x00000213549aa624 sp=0x0000006b1c2f5700
Event: 10.798 Thread 0x000002136a6d7100 DEOPT UNPACKING pc=0x00000213540669a3 sp=0x0000006b1c2f5710 mode 2
Event: 10.819 Thread 0x000002136a6d7100 DEOPT PACKING pc=0x000002134d03c53d sp=0x0000006b1c2f5690
Event: 10.819 Thread 0x000002136a6d7100 DEOPT UNPACKING pc=0x0000021354067143 sp=0x0000006b1c2f4b70 mode 0
Event: 10.823 Thread 0x000002136a6d7100 DEOPT PACKING pc=0x000002134d0b96d4 sp=0x0000006b1c2f5000
Event: 10.823 Thread 0x000002136a6d7100 DEOPT UNPACKING pc=0x0000021354067143 sp=0x0000006b1c2f4558 mode 0

Classes unloaded (0 events):
No events

Classes redefined (0 events):
No events

Internal exceptions (20 events):
Event: 9.101 Thread 0x000002136a6d7100 Implicit null exception at 0x0000021354a24013 to 0x0000021354a24158
Event: 9.506 Thread 0x000002136a6d7100 Implicit null exception at 0x000002135479cdf2 to 0x000002135479d3c0
Event: 9.586 Thread 0x000002136a6d7100 Implicit null exception at 0x00000213547c12f2 to 0x00000213547c18d0
Event: 9.746 Thread 0x000002136a6d7100 Exception <a 'sun/nio/fs/WindowsException'{0x0000000086819c08}> (0x0000000086819c08) 
thrown [s\src\hotspot\share\prims\jni.cpp, line 531]
Event: 9.746 Thread 0x000002136a6d7100 Exception <a 'sun/nio/fs/WindowsException'{0x000000008681b9c0}> (0x000000008681b9c0) 
thrown [s\src\hotspot\share\prims\jni.cpp, line 531]
Event: 9.881 Thread 0x000002136a6d7100 Exception <a 'java/lang/NoSuchMethodError'{0x0000000085e9f808}: 'long java.lang.invoke.DirectMethodHandle$Holder.invokeStatic(java.lang.Object)'> (0x0000000085e9f808) 
thrown [s\src\hotspot\share\interpreter\linkResolver.cpp, line 771]
Event: 9.881 Thread 0x000002136a6d7100 Exception <a 'java/lang/NoSuchMethodError'{0x0000000085ea43f0}: 'long java.lang.invoke.DirectMethodHandle$Holder.invokeStaticInit(java.lang.Object)'> (0x0000000085ea43f0) 
thrown [s\src\hotspot\share\interpreter\linkResolver.cpp, line 771]
Event: 9.938 Thread 0x000002136a6d7100 Exception <a 'java/lang/NoSuchMethodError'{0x000000008f7e8228}: 'long java.lang.invoke.Invokers$Holder.invoke_MT(java.lang.Object, java.lang.Object, java.lang.Object, java.lang.Object)'> (0x000000008f7e8228) 
thrown [s\src\hotspot\share\interpreter\linkResolver.cpp, line 771]
Event: 9.939 Thread 0x000002136a6d7100 Exception <a 'java/lang/NoSuchMethodError'{0x000000008f7f15d0}: 'int java.lang.invoke.Invokers$Holder.invoke_MT(java.lang.Object, java.lang.Object, java.lang.Object, java.lang.Object)'> (0x000000008f7f15d0) 
thrown [s\src\hotspot\share\interpreter\linkResolver.cpp, line 771]
Event: 9.940 Thread 0x000002136a6d7100 Exception <a 'java/lang/NoSuchMethodError'{0x000000008c2024c8}: 'void java.lang.invoke.DelegatingMethodHandle$Holder.reinvoke_L(java.lang.Object, java.lang.Object, java.lang.Object, long, java.lang.Object)'> (0x000000008c2024c8) 
thrown [s\src\hotspot\share\interpreter\linkResolver.cpp, line 771]
Event: 9.941 Thread 0x000002136a6d7100 Exception <a 'java/lang/NoSuchMethodError'{0x000000008c20adf8}: 'java.lang.Object java.lang.invoke.DirectMethodHandle$Holder.invokeSpecial(java.lang.Object, java.lang.Object, java.lang.Object, java.lang.Object, long)'> (0x000000008c20adf8) 
thrown [s\src\hotspot\share\interpreter\linkResolver.cpp, line 771]
Event: 9.942 Thread 0x000002136a6d7100 Exception <a 'java/lang/NoSuchMethodError'{0x000000008c21b870}: 'int java.lang.invoke.DelegatingMethodHandle$Holder.reinvoke_L(java.lang.Object, java.lang.Object, java.lang.Object, long, java.lang.Object, java.lang.Object)'> (0x000000008c21b870) 
thrown [s\src\hotspot\share\interpreter\linkResolver.cpp, line 771]
Event: 9.943 Thread 0x000002136a6d7100 Exception <a 'java/lang/NoSuchMethodError'{0x000000008c22b940}: 'int java.lang.invoke.DelegatingMethodHandle$Holder.reinvoke_L(java.lang.Object, java.lang.Object, java.lang.Object, long, int, int)'> (0x000000008c22b940) 
thrown [s\src\hotspot\share\interpreter\linkResolver.cpp, line 771]
Event: 9.944 Thread 0x000002136a6d7100 Exception <a 'java/lang/NoSuchMethodError'{0x000000008c23b7b8}: 'int java.lang.invoke.DelegatingMethodHandle$Holder.reinvoke_L(java.lang.Object, java.lang.Object, java.lang.Object, long, long, long)'> (0x000000008c23b7b8) 
thrown [s\src\hotspot\share\interpreter\linkResolver.cpp, line 771]
Event: 9.946 Thread 0x000002136a6d7100 Exception <a 'java/lang/NoSuchMethodError'{0x000000008c24b310}: 'int java.lang.invoke.DelegatingMethodHandle$Holder.reinvoke_L(java.lang.Object, java.lang.Object, java.lang.Object, long, int)'> (0x000000008c24b310) 
thrown [s\src\hotspot\share\interpreter\linkResolver.cpp, line 771]
Event: 10.262 Thread 0x000002136a6d7100 Exception <a 'java/lang/NoSuchMethodError'{0x0000000085f50348}: 'void java.lang.invoke.DirectMethodHandle$Holder.invokeVirtual(java.lang.Object, java.lang.Object)'> (0x0000000085f50348) 
thrown [s\src\hotspot\share\interpreter\linkResolver.cpp, line 771]
Event: 10.430 Thread 0x000002136a6d7100 Exception <a 'java/lang/NoSuchMethodError'{0x0000000087191838}: 'java.lang.Object java.lang.invoke.Invokers$Holder.invokeExact_MT(java.lang.Object, java.lang.Object, long, java.lang.Object)'> (0x0000000087191838) 
thrown [s\src\hotspot\share\interpreter\linkResolver.cpp, line 771]
Event: 10.466 Thread 0x000002136a6d7100 Exception <a 'java/lang/NoSuchMethodError'{0x0000000086e04560}: 'java.lang.Object java.lang.invoke.Invokers$Holder.invoke_MT(java.lang.Object, java.lang.Object, java.lang.Object)'> (0x0000000086e04560) 
thrown [s\src\hotspot\share\interpreter\linkResolver.cpp, line 771]
Event: 10.787 Thread 0x000002136a6d7100 Implicit null exception at 0x00000213549adcf9 to 0x00000213549aec88
Event: 10.798 Thread 0x000002136a6d7100 Implicit null exception at 0x00000213549a864b to 0x00000213549aa5ec

VM Operations (20 events):
Event: 9.926 Executing VM operation: G1CollectForAllocation done
Event: 9.951 Executing VM operation: G1PauseRemark
Event: 9.953 Executing VM operation: G1PauseRemark done
Event: 9.967 Executing VM operation: G1PauseCleanup
Event: 9.968 Executing VM operation: G1PauseCleanup done
Event: 10.269 Executing VM operation: G1CollectForAllocation
Event: 10.272 Executing VM operation: G1CollectForAllocation done
Event: 10.322 Executing VM operation: G1CollectForAllocation
Event: 10.325 Executing VM operation: G1CollectForAllocation done
Event: 10.353 Executing VM operation: HandshakeAllThreads
Event: 10.353 Executing VM operation: HandshakeAllThreads done
Event: 10.645 Executing VM operation: G1CollectForAllocation
Event: 10.650 Executing VM operation: G1CollectForAllocation done
Event: 10.698 Executing VM operation: G1PauseRemark
Event: 10.703 Executing VM operation: G1PauseRemark done
Event: 10.725 Executing VM operation: G1PauseCleanup
Event: 10.725 Executing VM operation: G1PauseCleanup done
Event: 10.939 Executing VM operation: G1CollectForAllocation
Event: 10.947 Executing VM operation: G1CollectForAllocation done
Event: 10.990 Executing VM operation: G1CollectForAllocation

Events (20 events):
Event: 10.467 loading class sun/nio/ch/Util$4
Event: 10.467 loading class sun/nio/ch/Util$4 done
Event: 10.467 loading class jdk/internal/access/foreign/MemorySegmentProxy
Event: 10.468 loading class jdk/internal/access/foreign/MemorySegmentProxy done
Event: 10.468 loading class java/io/UTFDataFormatException
Event: 10.468 loading class java/io/UTFDataFormatException done
Event: 10.485 loading class java/util/DualPivotQuicksort
Event: 10.486 loading class java/util/DualPivotQuicksort done
Event: 10.517 Thread 0x000002136b3c7eb0 Thread added: 0x000002136b3c7eb0
Event: 10.517 Thread 0x000002136b3c5430 Thread added: 0x000002136b3c5430
Event: 10.545 Thread 0x000002136b3c5980 Thread added: 0x000002136b3c5980
Event: 10.545 Thread 0x000002136b3c6420 Thread added: 0x000002136b3c6420
Event: 10.545 Thread 0x000002136b3c5ed0 Thread added: 0x000002136b3c5ed0
Event: 10.545 Thread 0x000002136b3c7410 Thread added: 0x000002136b3c7410
Event: 10.545 Thread 0x000002136bf11880 Thread added: 0x000002136bf11880
Event: 10.857 loading class java/nio/channels/Channels$ReadableByteChannelImpl
Event: 10.857 loading class java/nio/channels/Channels$ReadableByteChannelImpl done
Event: 10.858 loading class java/nio/channels/NonWritableChannelException
Event: 10.858 loading class java/nio/channels/NonWritableChannelException done
Event: 10.930 Thread 0x000002136bf11880 Thread exited: 0x000002136bf11880


Dynamic libraries:
0x00007ff74c5e0000 - 0x00007ff74c5ea000 	C:\Program Files\Android\Android Studio\jbr\bin\java.exe
0x00007ffd3fa60000 - 0x00007ffd3fcc3000 	C:\WINDOWS\SYSTEM32\ntdll.dll
0x00007ffd3ec80000 - 0x00007ffd3ed48000 	C:\WINDOWS\System32\KERNEL32.DLL
0x00007ffd3d040000 - 0x00007ffd3d3f1000 	C:\WINDOWS\System32\KERNELBASE.dll
0x00007ffd3d750000 - 0x00007ffd3d89b000 	C:\WINDOWS\System32\ucrtbase.dll
0x00007ffd15440000 - 0x00007ffd15457000 	C:\Program Files\Android\Android Studio\jbr\bin\jli.dll
0x00007ffd20970000 - 0x00007ffd2098b000 	C:\Program Files\Android\Android Studio\jbr\bin\VCRUNTIME140.dll
0x00007ffd3e160000 - 0x00007ffd3e328000 	C:\WINDOWS\System32\USER32.dll
0x00007ffd3d8a0000 - 0x00007ffd3d8c7000 	C:\WINDOWS\System32\win32u.dll
0x00007ffd277f0000 - 0x00007ffd27a80000 	C:\WINDOWS\WinSxS\amd64_microsoft.windows.common-controls_6595b64144ccf1df_6.0.26100.2130_none_3e09c39ae333133b\COMCTL32.dll
0x00007ffd3efe0000 - 0x00007ffd3f00a000 	C:\WINDOWS\System32\GDI32.dll
0x00007ffd3e590000 - 0x00007ffd3e639000 	C:\WINDOWS\System32\msvcrt.dll
0x00007ffd3d4a0000 - 0x00007ffd3d5cb000 	C:\WINDOWS\System32\gdi32full.dll
0x00007ffd3ced0000 - 0x00007ffd3cf73000 	C:\WINDOWS\System32\msvcp_win.dll
0x00007ffd3f9e0000 - 0x00007ffd3fa0f000 	C:\WINDOWS\System32\IMM32.DLL
0x00007ffd335d0000 - 0x00007ffd335dc000 	C:\Program Files\Android\Android Studio\jbr\bin\vcruntime140_1.dll
0x00007ffcfbbb0000 - 0x00007ffcfbc3d000 	C:\Program Files\Android\Android Studio\jbr\bin\msvcp140.dll
0x00007ffcac840000 - 0x00007ffcad4c3000 	C:\Program Files\Android\Android Studio\jbr\bin\server\jvm.dll
0x00007ffd3f900000 - 0x00007ffd3f9b3000 	C:\WINDOWS\System32\ADVAPI32.dll
0x00007ffd3e360000 - 0x00007ffd3e406000 	C:\WINDOWS\System32\sechost.dll
0x00007ffd3e7d0000 - 0x00007ffd3e8e6000 	C:\WINDOWS\System32\RPCRT4.dll
0x00007ffd3ccd0000 - 0x00007ffd3cd1e000 	C:\WINDOWS\SYSTEM32\POWRPROF.dll
0x00007ffd37ee0000 - 0x00007ffd37eea000 	C:\WINDOWS\SYSTEM32\WSOCK32.dll
0x00007ffd36240000 - 0x00007ffd36276000 	C:\WINDOWS\SYSTEM32\WINMM.dll
0x00007ffd36280000 - 0x00007ffd3628b000 	C:\WINDOWS\SYSTEM32\VERSION.dll
0x00007ffd3f010000 - 0x00007ffd3f084000 	C:\WINDOWS\System32\WS2_32.dll
0x00007ffd3ccb0000 - 0x00007ffd3ccc4000 	C:\WINDOWS\SYSTEM32\UMPDC.dll
0x00007ffd3bc90000 - 0x00007ffd3bcaa000 	C:\WINDOWS\SYSTEM32\kernel.appcore.dll
0x00007ffd36660000 - 0x00007ffd3666a000 	C:\Program Files\Android\Android Studio\jbr\bin\jimage.dll
0x00007ffd32040000 - 0x00007ffd32281000 	C:\WINDOWS\SYSTEM32\DBGHELP.DLL
0x00007ffd3e8f0000 - 0x00007ffd3ec6d000 	C:\WINDOWS\System32\combase.dll
0x00007ffd3e640000 - 0x00007ffd3e716000 	C:\WINDOWS\System32\OLEAUT32.dll
0x00007ffd26600000 - 0x00007ffd26639000 	C:\WINDOWS\SYSTEM32\dbgcore.DLL
0x00007ffd3d400000 - 0x00007ffd3d499000 	C:\WINDOWS\System32\bcryptPrimitives.dll
0x00007ffd1fda0000 - 0x00007ffd1fdae000 	C:\Program Files\Android\Android Studio\jbr\bin\instrument.dll
0x00007ffd15460000 - 0x00007ffd15485000 	C:\Program Files\Android\Android Studio\jbr\bin\java.dll
0x00007ffd330b0000 - 0x00007ffd330c8000 	C:\Program Files\Android\Android Studio\jbr\bin\zip.dll
0x00007ffd3f1f0000 - 0x00007ffd3f8f1000 	C:\WINDOWS\System32\SHELL32.dll
0x00007ffd3aba0000 - 0x00007ffd3b3d2000 	C:\WINDOWS\SYSTEM32\windows.storage.dll
0x00007ffd3df90000 - 0x00007ffd3e06a000 	C:\WINDOWS\System32\SHCORE.dll
0x00007ffd3e4a0000 - 0x00007ffd3e4fd000 	C:\WINDOWS\System32\shlwapi.dll
0x00007ffd3cd50000 - 0x00007ffd3cd7e000 	C:\WINDOWS\SYSTEM32\profapi.dll
0x00007ffd25cd0000 - 0x00007ffd25ce9000 	C:\Program Files\Android\Android Studio\jbr\bin\net.dll
0x00007ffd334a0000 - 0x00007ffd335c6000 	C:\WINDOWS\SYSTEM32\WINHTTP.dll
0x00007ffd3c190000 - 0x00007ffd3c1f8000 	C:\WINDOWS\system32\mswsock.dll
0x00007ffd1dc20000 - 0x00007ffd1dc36000 	C:\Program Files\Android\Android Studio\jbr\bin\nio.dll
0x00007ffd200c0000 - 0x00007ffd200d0000 	C:\Program Files\Android\Android Studio\jbr\bin\verify.dll
0x00007ffd1fd70000 - 0x00007ffd1fd97000 	C:\Users\nang2\.gradle\native\c067742578af261105cb4f569cf0c3c89f3d7b1fecec35dd04571415982c5e48\windows-amd64\native-platform.dll
0x00007ffcee7b0000 - 0x00007ffcee8f4000 	C:\Users\nang2\.gradle\native\38dada09dfb8b06ba9b0570ebf7e218e3eb74d4ef43ca46872605cf95ebc2f47\windows-amd64\native-platform-file-events.dll
0x00007ffd24440000 - 0x00007ffd24449000 	C:\Program Files\Android\Android Studio\jbr\bin\management.dll
0x00007ffd21cf0000 - 0x00007ffd21cfb000 	C:\Program Files\Android\Android Studio\jbr\bin\management_ext.dll
0x00007ffd3e100000 - 0x00007ffd3e108000 	C:\WINDOWS\System32\PSAPI.DLL
0x00007ffd3c430000 - 0x00007ffd3c44c000 	C:\WINDOWS\SYSTEM32\CRYPTSP.dll
0x00007ffd3bbf0000 - 0x00007ffd3bc28000 	C:\WINDOWS\system32\rsaenh.dll
0x00007ffd3c230000 - 0x00007ffd3c25b000 	C:\WINDOWS\SYSTEM32\USERENV.dll
0x00007ffd3c670000 - 0x00007ffd3c696000 	C:\WINDOWS\SYSTEM32\bcrypt.dll
0x00007ffd3c450000 - 0x00007ffd3c45c000 	C:\WINDOWS\SYSTEM32\CRYPTBASE.dll
0x00007ffd3b720000 - 0x00007ffd3b751000 	C:\WINDOWS\SYSTEM32\IPHLPAPI.DLL
0x00007ffd3e580000 - 0x00007ffd3e58a000 	C:\WINDOWS\System32\NSI.dll
0x00007ffd33bb0000 - 0x00007ffd33bce000 	C:\WINDOWS\SYSTEM32\dhcpcsvc6.DLL
0x00007ffd33b80000 - 0x00007ffd33ba5000 	C:\WINDOWS\SYSTEM32\dhcpcsvc.DLL
0x00007ffd3b7c0000 - 0x00007ffd3b8e5000 	C:\WINDOWS\SYSTEM32\DNSAPI.dll
0x00007ffd2d7e0000 - 0x00007ffd2d7e9000 	C:\Program Files\Android\Android Studio\jbr\bin\extnet.dll
0x00007ffd121c0000 - 0x00007ffd121c8000 	C:\WINDOWS\system32\wshunix.dll

dbghelp: loaded successfully - version: 4.0.5 - missing functions: none
symbol engine: initialized successfully - sym options: 0x614 - pdb path: .;C:\Program Files\Android\Android Studio\jbr\bin;C:\WINDOWS\SYSTEM32;C:\WINDOWS\WinSxS\amd64_microsoft.windows.common-controls_6595b64144ccf1df_6.0.26100.2130_none_3e09c39ae333133b;C:\Program Files\Android\Android Studio\jbr\bin\server;C:\Users\nang2\.gradle\native\c067742578af261105cb4f569cf0c3c89f3d7b1fecec35dd04571415982c5e48\windows-amd64;C:\Users\nang2\.gradle\native\38dada09dfb8b06ba9b0570ebf7e218e3eb74d4ef43ca46872605cf95ebc2f47\windows-amd64

VM Arguments:
jvm_args: --add-opens=java.base/java.util=ALL-UNNAMED --add-opens=java.base/java.lang=ALL-UNNAMED --add-opens=java.base/java.lang.invoke=ALL-UNNAMED --add-opens=java.prefs/java.util.prefs=ALL-UNNAMED --add-opens=java.base/java.nio.charset=ALL-UNNAMED --add-opens=java.base/java.net=ALL-UNNAMED --add-opens=java.base/java.util.concurrent.atomic=ALL-UNNAMED -Xmx2048m -Dfile.encoding=UTF-8 -Duser.country=GB -Duser.language=en -Duser.variant -javaagent:C:\Users\nang2\.gradle\wrapper\dists\gradle-8.7-bin\bhs2wmbdwecv87pi65oeuq5iu\gradle-8.7\lib\agents\gradle-instrumentation-agent-8.7.jar 
java_command: org.gradle.launcher.daemon.bootstrap.GradleDaemon 8.7
java_class_path (initial): C:\Users\nang2\.gradle\wrapper\dists\gradle-8.7-bin\bhs2wmbdwecv87pi65oeuq5iu\gradle-8.7\lib\gradle-launcher-8.7.jar
Launcher Type: SUN_STANDARD

[Global flags]
     intx CICompilerCount                          = 12                                        {product} {ergonomic}
     uint ConcGCThreads                            = 3                                         {product} {ergonomic}
     uint G1ConcRefinementThreads                  = 13                                        {product} {ergonomic}
   size_t G1HeapRegionSize                         = 1048576                                   {product} {ergonomic}
    uintx GCDrainStackTargetSize                   = 64                                        {product} {ergonomic}
   size_t InitialHeapSize                          = 260046848                                 {product} {ergonomic}
   size_t MarkStackSize                            = 4194304                                   {product} {ergonomic}
   size_t MaxHeapSize                              = 2147483648                                {product} {command line}
   size_t MaxNewSize                               = 1287651328                                {product} {ergonomic}
   size_t MinHeapDeltaBytes                        = 1048576                                   {product} {ergonomic}
   size_t MinHeapSize                              = 8388608                                   {product} {ergonomic}
    uintx NonNMethodCodeHeapSize                   = 7602480                                {pd product} {ergonomic}
    uintx NonProfiledCodeHeapSize                  = 122027880                              {pd product} {ergonomic}
    uintx ProfiledCodeHeapSize                     = 122027880                              {pd product} {ergonomic}
    uintx ReservedCodeCacheSize                    = 251658240                              {pd product} {ergonomic}
     bool SegmentedCodeCache                       = true                                      {product} {ergonomic}
   size_t SoftMaxHeapSize                          = 2147483648                             {manageable} {ergonomic}
     bool UseCompressedClassPointers               = true                           {product lp64_product} {ergonomic}
     bool UseCompressedOops                        = true                           {product lp64_product} {ergonomic}
     bool UseG1GC                                  = true                                      {product} {ergonomic}
     bool UseLargePagesIndividualAllocation        = false                                  {pd product} {ergonomic}

Logging:
Log output configuration:
 #0: stdout all=warning uptime,level,tags
 #1: stderr all=off uptime,level,tags

Environment Variables:
JAVA_HOME=C:\Program Files\Java\jdk-18.0.1
PATH=C:\flutter\bin;C:\Program Files\Common Files\Oracle\Java\javapath;C:\Program Files (x86)\Common Files\Oracle\Java\javapath;C:\WINDOWS\system32;C:\WINDOWS;C:\WINDOWS\System32\Wbem;C:\WINDOWS\System32\WindowsPowerShell\v1.0\;C:\WINDOWS\System32\OpenSSH\;C:\Program Files\dotnet\;C:\Program Files\Git\cmd;C:\ProgramData\chocolatey\bin;C:\Program Files\NVIDIA Corporation\NVIDIA NvDLISR;C:\Program Files (x86)\NVIDIA Corporation\PhysX\Common;C:\WINDOWS\system32;C:\WINDOWS;C:\WINDOWS\System32\Wbem;C:\WINDOWS\System32\WindowsPowerShell\v1.0\;C:\WINDOWS\System32\OpenSSH\;C:\Program Files\Cloudflare\Cloudflare WARP\;C:\flutter\bin;C:\Users\nang2\AppData\Local\Microsoft\WindowsApps;C:\Users\nang2\AppData\Local\Programs\Microsoft VS Code\bin;C:\Users\nang2\AppData\Local\GitHubDesktop\bin;
USERNAME=asus
OS=Windows_NT
PROCESSOR_IDENTIFIER=AMD64 Family 23 Model 96 Stepping 1, AuthenticAMD
TMP=C:\Users\nang2\AppData\Local\Temp
TEMP=C:\Users\nang2\AppData\Local\Temp



Periodic native trim disabled

JNI global refs:
JNI global refs: 35, weak refs: 0

JNI global refs memory usage: 843, weak refs: 841

Process memory usage:
Resident Set Size: 352340K (2% of 16168500K total physical memory with 1808752K free physical memory)

OOME stack traces (most recent first):
Classloader memory used:
Loader org.gradle.internal.classloader.VisitableURLClassLoader                         : 5509K
Loader bootstrap                                                                       : 2483K
Loader org.gradle.initialization.MixInLegacyTypesClassLoader                           : 768K
Loader org.gradle.internal.classloader.VisitableURLClassLoader                         : 81142B
Loader org.gradle.internal.classloader.VisitableURLClassLoader$InstrumentingVisitableURLClassLoader: 75393B
Loader jdk.internal.loader.ClassLoaders$PlatformClassLoader                            : 68172B
Loader jdk.internal.jrtfs.JrtFileSystemProvider$JrtFsLoader                            : 39588B
Loader jdk.internal.loader.ClassLoaders$AppClassLoader                                 : 28771B
Loader jdk.internal.reflect.DelegatingClassLoader                                      : 27481B
Loader org.gradle.groovy.scripts.internal.DefaultScriptCompilationHandler$ScriptClassLoader: 10720B
Loader org.codehaus.groovy.runtime.callsite.CallSiteClassLoader                        : 6077B

Classes loaded by more than one classloader:
Class org.gradle.api.GradleException                                                  : loaded 3 times (x 80B)
Class org.gradle.internal.installation.GradleInstallation                             : loaded 2 times (x 73B)
Class org.gradle.util.GradleVersion                                                   : loaded 2 times (x 81B)
Class org.jetbrains.plugins.gradle.model.MavenRepositoryModel                         : loaded 2 times (x 68B)
Class org.gradle.internal.classpath.ClassPath                                         : loaded 2 times (x 68B)
Class org.gradle.api.internal.classpath.DefaultModuleRegistry                         : loaded 2 times (x 84B)
Class org.gradle.internal.exceptions.NonGradleCauseExceptionsHolder                   : loaded 2 times (x 68B)
Class jdk.internal.jimage.BasicImageReader$1                                          : loaded 2 times (x 75B)
Class org.gradle.api.Action                                                           : loaded 2 times (x 68B)
Class sync_studio_tooling4693_en7m0u2unqfdhtedrmqd8chy7                               : loaded 2 times (x 177B)
Class jdk.internal.jimage.ImageBufferCache$1                                          : loaded 2 times (x 78B)
Class jdk.internal.jimage.ImageBufferCache$2                                          : loaded 2 times (x 89B)
Class org.gradle.api.internal.DefaultClassPathProvider                                : loaded 2 times (x 74B)
Class org.gradle.internal.installation.GradleInstallation$1                           : loaded 2 times (x 73B)
Class jdk.internal.jrtfs.SystemImage$1                                                : loaded 2 times (x 76B)
Class jdk.internal.jrtfs.SystemImage$2                                                : loaded 2 times (x 74B)
Class org.gradle.internal.exceptions.DefaultMultiCauseException                       : loaded 2 times (x 93B)
Class org.gradle.internal.time.MonotonicClock                                         : loaded 2 times (x 75B)
Class org.gradle.internal.classloader.FilteringClassLoader                            : loaded 2 times (x 103B)
Class jdk.internal.jimage.ImageReader$Resource                                        : loaded 2 times (x 82B)
Class jdk.internal.jrtfs.SystemImage                                                  : loaded 2 times (x 72B)
Class org.gradle.internal.classpath.DefaultClassPath$ImmutableUniqueList$Builder      : loaded 2 times (x 73B)
Class jdk.internal.jrtfs.JrtDirectoryStream$1                                         : loaded 2 times (x 81B)
Class org.gradle.internal.classloader.ClassLoaderVisitor                              : loaded 2 times (x 74B)
Class org.gradle.internal.time.DefaultCountdownTimer                                  : loaded 2 times (x 86B)
Class ijInit2_av7eb8kitsa2myo4hn3fmrrvd                                               : loaded 2 times (x 177B)
Class org.gradle.internal.service.DefaultServiceLocator                               : loaded 2 times (x 81B)
Class org.gradle.internal.service.UnknownServiceException                             : loaded 2 times (x 81B)
Class org.gradle.internal.classloader.DefaultClassLoaderFactory                       : loaded 2 times (x 80B)
Class jdk.internal.jimage.ImageReader$SharedImageReader                               : loaded 2 times (x 93B)
Class jdk.internal.jimage.decompressor.ZipDecompressorFactory                         : loaded 2 times (x 72B)
Class org.gradle.internal.classloader.VisitableURLClassLoader$Spec                    : loaded 2 times (x 72B)
Class org.gradle.tooling.model.ProjectModel                                           : loaded 2 times (x 68B)
Class sync_studio_tooling4693_en7m0u2unqfdhtedrmqd8chy7$_run_closure1                 : loaded 2 times (x 137B)
Class org.gradle.api.internal.classpath.ModuleRegistry                                : loaded 2 times (x 68B)
Class org.jetbrains.plugins.gradle.model.RepositoriesModel                            : loaded 2 times (x 68B)
Class kotlin.jvm.internal.markers.KMappedMarker                                       : loaded 2 times (x 68B)
Class org.gradle.api.internal.ClassPathProvider                                       : loaded 2 times (x 68B)
Class org.gradle.internal.classloader.ClasspathUtil$1                                 : loaded 2 times (x 74B)
Class org.gradle.internal.classloader.ClassLoaderFactory                              : loaded 2 times (x 68B)
Class jdk.internal.jimage.ImageHeader                                                 : loaded 2 times (x 69B)
Class org.gradle.api.internal.classpath.ManifestUtil                                  : loaded 2 times (x 69B)
Class org.gradle.api.specs.Spec                                                       : loaded 2 times (x 68B)
Class org.gradle.internal.IoActions                                                   : loaded 2 times (x 69B)
Class jdk.internal.jimage.decompressor.StringSharingDecompressorFactory               : loaded 2 times (x 72B)
Class org.gradle.api.internal.classpath.EffectiveClassPath                            : loaded 2 times (x 88B)
Class kotlin.jvm.internal.DefaultConstructorMarker                                    : loaded 2 times (x 69B)
Class org.gradle.internal.exceptions.ResolutionProvider                               : loaded 2 times (x 68B)
Class org.gradle.internal.installation.CurrentGradleInstallation                      : loaded 2 times (x 71B)
Class org.gradle.internal.agents.InstrumentingClassLoader                             : loaded 2 times (x 68B)
Class org.gradle.internal.installation.CurrentGradleInstallationLocator               : loaded 2 times (x 69B)
Class org.gradle.api.internal.classpath.Module                                        : loaded 2 times (x 68B)
Class org.gradle.internal.service.CachingServiceLocator                               : loaded 2 times (x 80B)
Class org.gradle.internal.time.Timer                                                  : loaded 2 times (x 68B)
Class org.gradle.internal.classpath.DefaultClassPath                                  : loaded 2 times (x 88B)
Class jdk.internal.jimage.BasicImageReader                                            : loaded 2 times (x 93B)
Class jdk.internal.jimage.ImageLocation                                               : loaded 2 times (x 88B)
Class kotlin.jvm.functions.Function1                                                  : loaded 2 times (x 68B)
Class jdk.internal.jimage.ImageReader$Node                                            : loaded 2 times (x 82B)
Class org.gradle.internal.time.Time                                                   : loaded 2 times (x 69B)
Class jdk.internal.jimage.decompressor.CompressedResourceHeader                       : loaded 2 times (x 69B)
Class org.gradle.internal.time.TimeSource$1                                           : loaded 2 times (x 75B)
Class jdk.internal.jrtfs.JrtPath                                                      : loaded 2 times (x 116B)
Class jdk.internal.jimage.ImageStrings                                                : loaded 2 times (x 68B)
Class jdk.internal.jrtfs.JrtFileAttributes                                            : loaded 2 times (x 81B)
Class org.gradle.internal.classloader.SystemClassLoaderSpec                           : loaded 2 times (x 69B)
Class jdk.internal.jimage.decompressor.ResourceDecompressorRepository                 : loaded 2 times (x 69B)
Class kotlin.Function                                                                 : loaded 2 times (x 68B)
Class org.gradle.api.UncheckedIOException                                             : loaded 2 times (x 80B)
Class jdk.internal.jimage.decompressor.ResourceDecompressor$StringsProvider           : loaded 2 times (x 68B)
Class jdk.internal.jimage.decompressor.Decompressor                                   : loaded 2 times (x 70B)
Class jdk.internal.jrtfs.JrtFileSystem                                                : loaded 2 times (x 100B)
Class jdk.internal.jrtfs.JrtFileSystemProvider                                        : loaded 2 times (x 97B)
Class org.gradle.internal.time.CountdownTimer                                         : loaded 2 times (x 68B)
Class org.gradle.internal.time.Clock                                                  : loaded 2 times (x 68B)
Class org.gradle.internal.classloader.ClasspathUtil                                   : loaded 2 times (x 69B)
Class jdk.internal.jrtfs.JrtDirectoryStream                                           : loaded 2 times (x 87B)
Class jdk.internal.jimage.decompressor.ResourceDecompressor                           : loaded 2 times (x 68B)
Class org.gradle.api.internal.DefaultClassPathRegistry                                : loaded 2 times (x 74B)
Class org.gradle.api.internal.classpath.DefaultModuleRegistry$DefaultModule           : loaded 2 times (x 84B)
Class org.gradle.internal.time.TimeSource                                             : loaded 2 times (x 68B)
Class org.gradle.api.internal.classpath.UnknownModuleException                        : loaded 2 times (x 80B)
Class org.gradle.internal.service.ServiceLookupException                              : loaded 2 times (x 80B)
Class jdk.internal.jimage.ImageStringsReader                                          : loaded 2 times (x 78B)
Class org.gradle.cache.GlobalCache                                                    : loaded 2 times (x 68B)
Class jdk.internal.jimage.decompressor.ResourceDecompressorFactory                    : loaded 2 times (x 72B)
Class [Lorg.gradle.api.internal.ClassPathProvider;                                    : loaded 2 times (x 67B)
Class jdk.internal.jimage.ImageReader$SharedImageReader$LocationVisitor               : loaded 2 times (x 68B)
Class org.gradle.internal.operations.MultipleBuildOperationFailures                   : loaded 2 times (x 93B)
Class org.gradle.util.internal.GUtil                                                  : loaded 2 times (x 69B)
Class jdk.internal.jimage.decompressor.ZipDecompressor                                : loaded 2 times (x 73B)
Class org.gradle.internal.classloader.ClassLoaderSpec                                 : loaded 2 times (x 69B)
Class org.gradle.internal.classloader.VisitableURLClassLoader                         : loaded 2 times (x 115B)
Class org.gradle.internal.Cast                                                        : loaded 2 times (x 69B)
Class org.gradle.api.internal.ClassPathRegistry                                       : loaded 2 times (x 68B)
Class org.gradle.internal.classloader.VisitableURLClassLoader$InstrumentingVisitableURLClassLoader: loaded 2 times (x 121B)
Class org.gradle.internal.classloader.ClassLoaderHierarchy                            : loaded 2 times (x 68B)
Class org.gradle.internal.exceptions.MultiCauseException                              : loaded 2 times (x 68B)
Class jdk.internal.jimage.ImageReader                                                 : loaded 2 times (x 73B)
Class org.gradle.internal.InternalTransformer                                         : loaded 2 times (x 68B)
Class org.gradle.internal.service.ServiceLocator                                      : loaded 2 times (x 68B)
Class org.gradle.internal.classpath.DefaultClassPath$ImmutableUniqueList              : loaded 2 times (x 159B)
Class jdk.internal.jimage.ImageBufferCache                                            : loaded 2 times (x 69B)
Class org.gradle.internal.time.DefaultTimer                                           : loaded 2 times (x 78B)
Class org.gradle.internal.classpath.TransformedClassPath                              : loaded 2 times (x 94B)
Class jdk.internal.jimage.ImageReader$Directory                                       : loaded 2 times (x 82B)


---------------  S Y S T E M  ---------------

OS:
 Windows 11 , 64 bit Build 26100 (10.0.26100.2200)
OS uptime: 0 days 10:26 hours

CPU: total 16 (initial active 16) (16 cores per cpu, 2 threads per core) family 23 model 96 stepping 1 microcode 0x8600104, cx8, cmov, fxsr, ht, mmx, 3dnowpref, sse, sse2, sse3, ssse3, sse4a, sse4.1, sse4.2, popcnt, lzcnt, tsc, tscinvbit, avx, avx2, aes, clmul, bmi1, bmi2, adx, sha, fma, vzeroupper, clflush, clflushopt
Processor Information for all 16 processors :
  Max Mhz: 2900, Current Mhz: 2900, Mhz Limit: 2900

Memory: 4k page, system-wide physical 15789M (1765M free)
TotalPageFile size 23981M (AvailPageFile size 56M)
current process WorkingSet (physical memory assigned to process): 344M, peak: 346M
current process commit charge ("private bytes"): 394M, peak: 446M

vm_info: OpenJDK 64-Bit Server VM (17.0.11+0--11852314) for windows-amd64 JRE (17.0.11+0--11852314), built on May 16 2024 21:29:20 by "androidbuild" with MS VC++ 16.10 / 16.11 (VS2019)

END.
