#
# There is insufficient memory for the Java Runtime Environment to continue.
# Native memory allocation (malloc) failed to allocate 1465776 bytes. Error detail: Chunk::new
# Possible reasons:
#   The system is out of physical RAM or swap space
#   This process is running with CompressedOops enabled, and the Java Heap may be blocking the growth of the native heap
# Possible solutions:
#   Reduce memory load on the system
#   Increase physical memory or swap space
#   Check if swap backing store is full
#   Decrease Java heap size (-Xmx/-Xms)
#   Decrease number of Java threads
#   Decrease Java thread stack sizes (-Xss)
#   Set larger code cache with -XX:ReservedCodeCacheSize=
#   JVM is running with Unscaled Compressed Oops mode in which the Java heap is
#     placed in the first 4GB address space. The Java Heap base address is the
#     maximum limit for the native heap growth. Please use -XX:HeapBaseMinAddress
#     to set the Java Heap base and to place the Java Heap above 4GB virtual address.
# This output file may be truncated or incomplete.
#
#  Out of Memory Error (arena.cpp:191), pid=1640, tid=21012
#
# JRE version: OpenJDK Runtime Environment (17.0.11) (build 17.0.11+0--11852314)
# Java VM: OpenJDK 64-Bit Server VM (17.0.11+0--11852314, mixed mode, tiered, compressed oops, compressed class ptrs, g1 gc, windows-amd64)
# No core dump will be written. Minidumps are not enabled by default on client versions of Windows
#

---------------  S U M M A R Y ------------

Command Line: --add-opens=java.base/java.util=ALL-UNNAMED --add-opens=java.base/java.lang=ALL-UNNAMED --add-opens=java.base/java.lang.invoke=ALL-UNNAMED --add-opens=java.prefs/java.util.prefs=ALL-UNNAMED --add-opens=java.base/java.nio.charset=ALL-UNNAMED --add-opens=java.base/java.net=ALL-UNNAMED --add-opens=java.base/java.util.concurrent.atomic=ALL-UNNAMED -Xmx2048m -Dfile.encoding=UTF-8 -Duser.country=GB -Duser.language=en -Duser.variant -javaagent:C:\Users\nang2\.gradle\wrapper\dists\gradle-8.5-rc-1-bin\n9822e4gfwbu0cck2r2xppx\gradle-8.5-rc-1\lib\agents\gradle-instrumentation-agent-8.5.jar org.gradle.launcher.daemon.bootstrap.GradleDaemon 8.5-rc-1

Host: AMD Ryzen 7 4800H with Radeon Graphics         , 16 cores, 15G,  Windows 11 , 64 bit Build 26100 (10.0.26100.2200)
Time: Sat Nov  2 16:04:57 2024 SE Asia Standard Time elapsed time: 19.263188 seconds (0d 0h 0m 19s)

---------------  T H R E A D  ---------------

Current thread (0x000001b81f9062b0):  JavaThread "C2 CompilerThread2" daemon [_thread_in_native, id=21012, stack(0x0000007f16c00000,0x0000007f16d00000)]


Current CompileTask:
C2:  19263 4970       4       org.codehaus.groovy.reflection.CachedMethod::compareTo (25 bytes)

Stack: [0x0000007f16c00000,0x0000007f16d00000]
Native frames: (J=compiled Java code, j=interpreted, Vv=VM code, C=native code)
V  [jvm.dll+0x687bb9]
V  [jvm.dll+0x84142a]
V  [jvm.dll+0x8430ae]
V  [jvm.dll+0x843713]
V  [jvm.dll+0x24a35f]
V  [jvm.dll+0xac544]
V  [jvm.dll+0xacb8c]
V  [jvm.dll+0x369be2]
V  [jvm.dll+0x33416a]
V  [jvm.dll+0x33360a]
V  [jvm.dll+0x21bed1]
V  [jvm.dll+0x21b311]
V  [jvm.dll+0x1a63ed]
V  [jvm.dll+0x22b1ee]
V  [jvm.dll+0x229375]
V  [jvm.dll+0x7f5647]
V  [jvm.dll+0x7efa4a]
V  [jvm.dll+0x686a35]
C  [ucrtbase.dll+0x14ea0]
C  [KERNEL32.DLL+0x2dbe7]
C  [ntdll.dll+0xdfbec]


---------------  P R O C E S S  ---------------

Threads class SMR info:
_java_thread_list=0x000001b81d1a0910, length=55, elements={
0x000001b87d4698b0, 0x000001b81879bb40, 0x000001b81879d520, 0x000001b8187f4270,
0x000001b81881c140, 0x000001b8187f5150, 0x000001b818810390, 0x000001b818814ca0,
0x000001b8188155b0, 0x000001b81885cf50, 0x000001b81860f6d0, 0x000001b81d042ac0,
0x000001b81e5eff50, 0x000001b81e836c30, 0x000001b81f1c2030, 0x000001b81ebc0c10,
0x000001b81edda860, 0x000001b81f8933d0, 0x000001b81f8953d0, 0x000001b81e0f1950,
0x000001b81e0f2d90, 0x000001b81e0f0f30, 0x000001b81e0f0510, 0x000001b81e0f32a0,
0x000001b81e0efaf0, 0x000001b81e0f0000, 0x000001b81e0f0a20, 0x000001b81ea3ed00,
0x000001b81ea40650, 0x000001b81ea3ddd0, 0x000001b81ea3f210, 0x000001b81ea3e2e0,
0x000001b81ea3d8c0, 0x000001b81ea3d3b0, 0x000001b81ea3cea0, 0x000001b81ea40b60,
0x000001b81ea41fa0, 0x000001b81ea3f720, 0x000001b81ea41070, 0x000001b81ea3e7f0,
0x000001b81ea40140, 0x000001b81ea424b0, 0x000001b81ea3fc30, 0x000001b81f904d70,
0x000001b81ea42ed0, 0x000001b81ea438f0, 0x000001b81ea433e0, 0x000001b81ea44820,
0x000001b81ea429c0, 0x000001b81ea41580, 0x000001b81f9062b0, 0x000001b81f906800,
0x000001b81e63c800, 0x000001b81e63dd40, 0x000001b81e63ad70
}

Java Threads: ( => current thread )
  0x000001b87d4698b0 JavaThread "main" [_thread_blocked, id=4184, stack(0x0000007f12800000,0x0000007f12900000)]
  0x000001b81879bb40 JavaThread "Reference Handler" daemon [_thread_blocked, id=14016, stack(0x0000007f12f00000,0x0000007f13000000)]
  0x000001b81879d520 JavaThread "Finalizer" daemon [_thread_blocked, id=20072, stack(0x0000007f13000000,0x0000007f13100000)]
  0x000001b8187f4270 JavaThread "Signal Dispatcher" daemon [_thread_blocked, id=22284, stack(0x0000007f13100000,0x0000007f13200000)]
  0x000001b81881c140 JavaThread "Attach Listener" daemon [_thread_blocked, id=17928, stack(0x0000007f13200000,0x0000007f13300000)]
  0x000001b8187f5150 JavaThread "Service Thread" daemon [_thread_blocked, id=15036, stack(0x0000007f13300000,0x0000007f13400000)]
  0x000001b818810390 JavaThread "Monitor Deflation Thread" daemon [_thread_blocked, id=16276, stack(0x0000007f13400000,0x0000007f13500000)]
  0x000001b818814ca0 JavaThread "C2 CompilerThread0" daemon [_thread_in_native, id=17040, stack(0x0000007f13500000,0x0000007f13600000)]
  0x000001b8188155b0 JavaThread "C1 CompilerThread0" daemon [_thread_blocked, id=6960, stack(0x0000007f13600000,0x0000007f13700000)]
  0x000001b81885cf50 JavaThread "Sweeper thread" daemon [_thread_blocked, id=19144, stack(0x0000007f13700000,0x0000007f13800000)]
  0x000001b81860f6d0 JavaThread "Common-Cleaner" daemon [_thread_blocked, id=18400, stack(0x0000007f13800000,0x0000007f13900000)]
  0x000001b81d042ac0 JavaThread "Notification Thread" daemon [_thread_blocked, id=5036, stack(0x0000007f13c00000,0x0000007f13d00000)]
  0x000001b81e5eff50 JavaThread "Daemon health stats" [_thread_blocked, id=3112, stack(0x0000007f14400000,0x0000007f14500000)]
  0x000001b81e836c30 JavaThread "Incoming local TCP Connector on port 59217" [_thread_in_native, id=18472, stack(0x0000007f14500000,0x0000007f14600000)]
  0x000001b81f1c2030 JavaThread "Daemon periodic checks" [_thread_blocked, id=13604, stack(0x0000007f14600000,0x0000007f14700000)]
  0x000001b81ebc0c10 JavaThread "Daemon" [_thread_blocked, id=20788, stack(0x0000007f14700000,0x0000007f14800000)]
  0x000001b81edda860 JavaThread "Handler for socket connection from /127.0.0.1:59217 to /127.0.0.1:59218" [_thread_in_native, id=20896, stack(0x0000007f14800000,0x0000007f14900000)]
  0x000001b81f8933d0 JavaThread "Cancel handler" [_thread_blocked, id=11552, stack(0x0000007f14900000,0x0000007f14a00000)]
  0x000001b81f8953d0 JavaThread "Daemon worker" [_thread_in_Java, id=16244, stack(0x0000007f14a00000,0x0000007f14b00000)]
  0x000001b81e0f1950 JavaThread "Asynchronous log dispatcher for DefaultDaemonConnection: socket connection from /127.0.0.1:59217 to /127.0.0.1:59218" [_thread_blocked, id=14836, stack(0x0000007f14b00000,0x0000007f14c00000)]
  0x000001b81e0f2d90 JavaThread "Stdin handler" [_thread_blocked, id=7712, stack(0x0000007f14c00000,0x0000007f14d00000)]
  0x000001b81e0f0f30 JavaThread "Daemon client event forwarder" [_thread_blocked, id=6268, stack(0x0000007f14d00000,0x0000007f14e00000)]
  0x000001b81e0f0510 JavaThread "Cache worker for journal cache (C:\Users\nang2\.gradle\caches\journal-1)" [_thread_blocked, id=20620, stack(0x0000007f13e00000,0x0000007f13f00000)]
  0x000001b81e0f32a0 JavaThread "File lock request listener" [_thread_in_native, id=19364, stack(0x0000007f15700000,0x0000007f15800000)]
  0x000001b81e0efaf0 JavaThread "Cache worker for file hash cache (C:\Users\nang2\.gradle\caches\8.5-rc-1\fileHashes)" [_thread_blocked, id=16488, stack(0x0000007f15900000,0x0000007f15a00000)]
  0x000001b81e0f0000 JavaThread "File watcher server" daemon [_thread_in_native, id=17156, stack(0x0000007f15c00000,0x0000007f15d00000)]
  0x000001b81e0f0a20 JavaThread "File watcher consumer" daemon [_thread_blocked, id=15148, stack(0x0000007f15d00000,0x0000007f15e00000)]
  0x000001b81ea3ed00 JavaThread "jar transforms" [_thread_blocked, id=14516, stack(0x0000007f15800000,0x0000007f15900000)]
  0x000001b81ea40650 JavaThread "jar transforms Thread 2" [_thread_blocked, id=7592, stack(0x0000007f15a00000,0x0000007f15b00000)]
  0x000001b81ea3ddd0 JavaThread "jar transforms Thread 3" [_thread_blocked, id=9008, stack(0x0000007f15b00000,0x0000007f15c00000)]
  0x000001b81ea3f210 JavaThread "jar transforms Thread 4" [_thread_blocked, id=19776, stack(0x0000007f15e00000,0x0000007f15f00000)]
  0x000001b81ea3e2e0 JavaThread "jar transforms Thread 5" [_thread_blocked, id=13504, stack(0x0000007f15f00000,0x0000007f16000000)]
  0x000001b81ea3d8c0 JavaThread "jar transforms Thread 6" [_thread_blocked, id=14972, stack(0x0000007f16000000,0x0000007f16100000)]
  0x000001b81ea3d3b0 JavaThread "jar transforms Thread 7" [_thread_blocked, id=20488, stack(0x0000007f16100000,0x0000007f16200000)]
  0x000001b81ea3cea0 JavaThread "jar transforms Thread 8" [_thread_blocked, id=13260, stack(0x0000007f16200000,0x0000007f16300000)]
  0x000001b81ea40b60 JavaThread "jar transforms Thread 9" [_thread_blocked, id=5276, stack(0x0000007f16300000,0x0000007f16400000)]
  0x000001b81ea41fa0 JavaThread "jar transforms Thread 10" [_thread_blocked, id=23440, stack(0x0000007f16400000,0x0000007f16500000)]
  0x000001b81ea3f720 JavaThread "jar transforms Thread 11" [_thread_blocked, id=11056, stack(0x0000007f16500000,0x0000007f16600000)]
  0x000001b81ea41070 JavaThread "jar transforms Thread 12" [_thread_blocked, id=13484, stack(0x0000007f16600000,0x0000007f16700000)]
  0x000001b81ea3e7f0 JavaThread "jar transforms Thread 13" [_thread_blocked, id=8012, stack(0x0000007f16700000,0x0000007f16800000)]
  0x000001b81ea40140 JavaThread "jar transforms Thread 14" [_thread_blocked, id=22588, stack(0x0000007f16800000,0x0000007f16900000)]
  0x000001b81ea424b0 JavaThread "jar transforms Thread 15" [_thread_blocked, id=1228, stack(0x0000007f16900000,0x0000007f16a00000)]
  0x000001b81ea3fc30 JavaThread "jar transforms Thread 16" [_thread_blocked, id=21772, stack(0x0000007f16a00000,0x0000007f16b00000)]
  0x000001b81f904d70 JavaThread "C2 CompilerThread1" daemon [_thread_in_native, id=19280, stack(0x0000007f16b00000,0x0000007f16c00000)]
  0x000001b81ea42ed0 JavaThread "Cache worker for checksums cache (D:\TOTNGHIEP\New folder\Money_Manager\.gradle\8.5-rc-1\checksums)" [_thread_blocked, id=4800, stack(0x0000007f16d00000,0x0000007f16e00000)]
  0x000001b81ea438f0 JavaThread "Cache worker for file hash cache (D:\TOTNGHIEP\New folder\Money_Manager\.gradle\8.5-rc-1\fileHashes)" [_thread_blocked, id=23472, stack(0x0000007f16e00000,0x0000007f16f00000)]
  0x000001b81ea433e0 JavaThread "Cache worker for cache directory md-supplier (C:\Users\nang2\.gradle\caches\8.5-rc-1\md-supplier)" [_thread_blocked, id=20364, stack(0x0000007f16f00000,0x0000007f17000000)]
  0x000001b81ea44820 JavaThread "Cache worker for cache directory md-rule (C:\Users\nang2\.gradle\caches\8.5-rc-1\md-rule)" [_thread_blocked, id=18636, stack(0x0000007f17000000,0x0000007f17100000)]
  0x000001b81ea429c0 JavaThread "Cache worker for file content cache (C:\Users\nang2\.gradle\caches\8.5-rc-1\fileContent)" [_thread_blocked, id=10184, stack(0x0000007f17100000,0x0000007f17200000)]
  0x000001b81ea41580 JavaThread "Cache worker for execution history cache (C:\Users\nang2\.gradle\caches\8.5-rc-1\executionHistory)" [_thread_blocked, id=2496, stack(0x0000007f17200000,0x0000007f17300000)]
=>0x000001b81f9062b0 JavaThread "C2 CompilerThread2" daemon [_thread_in_native, id=21012, stack(0x0000007f16c00000,0x0000007f16d00000)]
  0x000001b81f906800 JavaThread "C2 CompilerThread3" daemon [_thread_in_native, id=22764, stack(0x0000007f17300000,0x0000007f17400000)]
  0x000001b81e63c800 JavaThread "C2 CompilerThread4" daemon [_thread_in_native, id=10048, stack(0x0000007f17400000,0x0000007f17500000)]
  0x000001b81e63dd40 JavaThread "C2 CompilerThread5" daemon [_thread_in_native, id=6428, stack(0x0000007f17500000,0x0000007f17600000)]
  0x000001b81e63ad70 JavaThread "C1 CompilerThread1" daemon [_thread_blocked, id=1832, stack(0x0000007f13900000,0x0000007f13a00000)]

Other Threads:
  0x000001b81861ecf0 VMThread "VM Thread" [stack: 0x0000007f12e00000,0x0000007f12f00000] [id=19856]
  0x000001b87d46a640 WatcherThread [stack: 0x0000007f13d00000,0x0000007f13e00000] [id=19200]
  0x000001b87d4ca4c0 GCTaskThread "GC Thread#0" [stack: 0x0000007f12900000,0x0000007f12a00000] [id=20036]
  0x000001b81dcb2230 GCTaskThread "GC Thread#1" [stack: 0x0000007f14000000,0x0000007f14100000] [id=20124]
  0x000001b81dcb2ff0 GCTaskThread "GC Thread#2" [stack: 0x0000007f14100000,0x0000007f14200000] [id=10152]
  0x000001b81dcb3830 GCTaskThread "GC Thread#3" [stack: 0x0000007f14200000,0x0000007f14300000] [id=7832]
  0x000001b81dcb3af0 GCTaskThread "GC Thread#4" [stack: 0x0000007f14300000,0x0000007f14400000] [id=12684]
  0x000001b81dcb3570 GCTaskThread "GC Thread#5" [stack: 0x0000007f13a00000,0x0000007f13b00000] [id=10712]
  0x000001b81dcb27b0 GCTaskThread "GC Thread#6" [stack: 0x0000007f14e00000,0x0000007f14f00000] [id=6372]
  0x000001b81dcb2d30 GCTaskThread "GC Thread#7" [stack: 0x0000007f14f00000,0x0000007f15000000] [id=17492]
  0x000001b81ed96270 GCTaskThread "GC Thread#8" [stack: 0x0000007f15000000,0x0000007f15100000] [id=8812]
  0x000001b81ed954b0 GCTaskThread "GC Thread#9" [stack: 0x0000007f15100000,0x0000007f15200000] [id=21624]
  0x000001b81ed930f0 GCTaskThread "GC Thread#10" [stack: 0x0000007f15200000,0x0000007f15300000] [id=5200]
  0x000001b81ed933b0 GCTaskThread "GC Thread#11" [stack: 0x0000007f15300000,0x0000007f15400000] [id=1792]
  0x000001b81ed928b0 GCTaskThread "GC Thread#12" [stack: 0x0000007f15400000,0x0000007f15500000] [id=21916]
  0x000001b87d4dbff0 ConcurrentGCThread "G1 Main Marker" [stack: 0x0000007f12a00000,0x0000007f12b00000] [id=18484]
  0x000001b87d4dd0c0 ConcurrentGCThread "G1 Conc#0" [stack: 0x0000007f12b00000,0x0000007f12c00000] [id=15484]
  0x000001b81ed96530 ConcurrentGCThread "G1 Conc#1" [stack: 0x0000007f15500000,0x0000007f15600000] [id=19160]
  0x000001b81ed93930 ConcurrentGCThread "G1 Conc#2" [stack: 0x0000007f15600000,0x0000007f15700000] [id=2976]
  0x000001b8184d7110 ConcurrentGCThread "G1 Refine#0" [stack: 0x0000007f12c00000,0x0000007f12d00000] [id=16668]
  0x000001b8184d8800 ConcurrentGCThread "G1 Service" [stack: 0x0000007f12d00000,0x0000007f12e00000] [id=23076]

Threads with active compile tasks:
C2 CompilerThread0    19341 4971       4       org.codehaus.groovy.reflection.CachedMethod::compareToCachedMethod (160 bytes)
C2 CompilerThread1    19341 5064       4       groovyjarjarantlr4.v4.runtime.atn.PredictionContext::getCachedContext (297 bytes)
C2 CompilerThread2    19341 4970       4       org.codehaus.groovy.reflection.CachedMethod::compareTo (25 bytes)
C2 CompilerThread3    19341 5095       4       java.util.HashMap::resize (356 bytes)
C2 CompilerThread4    19341 5071       4       groovyjarjarantlr4.v4.runtime.atn.ParserATNSimulator::closure (784 bytes)
C2 CompilerThread5    19341 5082       4       groovyjarjarantlr4.v4.runtime.atn.PredictionContext::join (569 bytes)

VM state: not at safepoint (normal execution)

VM Mutex/Monitor currently owned by a thread: None

Heap address: 0x0000000080000000, size: 2048 MB, Compressed Oops mode: 32-bit

CDS archive(s) not mapped
Compressed class space mapped at: 0x0000000100000000-0x0000000140000000, reserved size: 1073741824
Narrow klass base: 0x0000000000000000, Narrow klass shift: 3, Narrow klass range: 0x140000000

GC Precious Log:
 CPUs: 16 total, 16 available
 Memory: 15789M
 Large Page Support: Disabled
 NUMA Support: Disabled
 Compressed Oops: Enabled (32-bit)
 Heap Region Size: 1M
 Heap Min Capacity: 8M
 Heap Initial Capacity: 248M
 Heap Max Capacity: 2G
 Pre-touch: Disabled
 Parallel Workers: 13
 Concurrent Workers: 3
 Concurrent Refinement Workers: 13
 Periodic GC: Disabled

Heap:
 garbage-first heap   total 96256K, used 65087K [0x0000000080000000, 0x0000000100000000)
  region size 1024K, 17 young (17408K), 4 survivors (4096K)
 Metaspace       used 51583K, committed 52032K, reserved 1114112K
  class space    used 6850K, committed 7040K, reserved 1048576K

Heap Regions: E=young(eden), S=young(survivor), O=old, HS=humongous(starts), HC=humongous(continues), CS=collection set, F=free, OA=open archive, CA=closed archive, TAMS=top-at-mark-start (previous, next)
|   0|0x0000000080000000, 0x0000000080100000, 0x0000000080100000|100%|HS|  |TAMS 0x0000000080100000, 0x0000000080000000| Complete 
|   1|0x0000000080100000, 0x0000000080200000, 0x0000000080200000|100%|HC|  |TAMS 0x0000000080200000, 0x0000000080100000| Complete 
|   2|0x0000000080200000, 0x0000000080300000, 0x0000000080300000|100%|HC|  |TAMS 0x0000000080300000, 0x0000000080200000| Complete 
|   3|0x0000000080300000, 0x0000000080400000, 0x0000000080400000|100%|HC|  |TAMS 0x0000000080400000, 0x0000000080300000| Complete 
|   4|0x0000000080400000, 0x0000000080500000, 0x0000000080500000|100%| O|  |TAMS 0x0000000080500000, 0x0000000080400000| Untracked 
|   5|0x0000000080500000, 0x0000000080600000, 0x0000000080600000|100%| O|  |TAMS 0x0000000080600000, 0x0000000080500000| Untracked 
|   6|0x0000000080600000, 0x0000000080700000, 0x0000000080700000|100%| O|  |TAMS 0x0000000080700000, 0x0000000080600000| Untracked 
|   7|0x0000000080700000, 0x0000000080800000, 0x0000000080800000|100%| O|  |TAMS 0x0000000080800000, 0x0000000080700000| Untracked 
|   8|0x0000000080800000, 0x0000000080900000, 0x0000000080900000|100%| O|  |TAMS 0x0000000080900000, 0x0000000080800000| Untracked 
|   9|0x0000000080900000, 0x0000000080a00000, 0x0000000080a00000|100%| O|  |TAMS 0x0000000080a00000, 0x0000000080900000| Untracked 
|  10|0x0000000080a00000, 0x0000000080a6cc00, 0x0000000080b00000| 42%| O|  |TAMS 0x0000000080a6cc00, 0x0000000080a00000| Untracked 
|  11|0x0000000080b00000, 0x0000000080c00000, 0x0000000080c00000|100%| O|  |TAMS 0x0000000080c00000, 0x0000000080b00000| Untracked 
|  12|0x0000000080c00000, 0x0000000080d00000, 0x0000000080d00000|100%| O|  |TAMS 0x0000000080d00000, 0x0000000080c00000| Untracked 
|  13|0x0000000080d00000, 0x0000000080e00000, 0x0000000080e00000|100%| O|  |TAMS 0x0000000080e00000, 0x0000000080d00000| Untracked 
|  14|0x0000000080e00000, 0x0000000080f00000, 0x0000000080f00000|100%| O|  |TAMS 0x0000000080f00000, 0x0000000080e00000| Untracked 
|  15|0x0000000080f00000, 0x0000000081000000, 0x0000000081000000|100%| O|  |TAMS 0x0000000081000000, 0x0000000080f00000| Untracked 
|  16|0x0000000081000000, 0x0000000081100000, 0x0000000081100000|100%| O|  |TAMS 0x0000000081100000, 0x0000000081000000| Untracked 
|  17|0x0000000081100000, 0x0000000081200000, 0x0000000081200000|100%| O|  |TAMS 0x0000000081200000, 0x0000000081100000| Untracked 
|  18|0x0000000081200000, 0x0000000081300000, 0x0000000081300000|100%| O|  |TAMS 0x0000000081300000, 0x0000000081200000| Untracked 
|  19|0x0000000081300000, 0x0000000081400000, 0x0000000081400000|100%| O|  |TAMS 0x0000000081400000, 0x0000000081300000| Untracked 
|  20|0x0000000081400000, 0x0000000081500000, 0x0000000081500000|100%|HS|  |TAMS 0x0000000081500000, 0x0000000081400000| Complete 
|  21|0x0000000081500000, 0x0000000081600000, 0x0000000081600000|100%|HC|  |TAMS 0x0000000081600000, 0x0000000081500000| Complete 
|  22|0x0000000081600000, 0x0000000081700000, 0x0000000081700000|100%|HC|  |TAMS 0x0000000081700000, 0x0000000081600000| Complete 
|  23|0x0000000081700000, 0x0000000081800000, 0x0000000081800000|100%|HC|  |TAMS 0x0000000081800000, 0x0000000081700000| Complete 
|  24|0x0000000081800000, 0x0000000081900000, 0x0000000081900000|100%|HC|  |TAMS 0x0000000081900000, 0x0000000081800000| Complete 
|  25|0x0000000081900000, 0x0000000081a00000, 0x0000000081a00000|100%|HS|  |TAMS 0x0000000081a00000, 0x0000000081900000| Complete 
|  26|0x0000000081a00000, 0x0000000081b00000, 0x0000000081b00000|100%|HC|  |TAMS 0x0000000081b00000, 0x0000000081a00000| Complete 
|  27|0x0000000081b00000, 0x0000000081c00000, 0x0000000081c00000|100%|HC|  |TAMS 0x0000000081c00000, 0x0000000081b00000| Complete 
|  28|0x0000000081c00000, 0x0000000081d00000, 0x0000000081d00000|100%|HS|  |TAMS 0x0000000081d00000, 0x0000000081c00000| Complete 
|  29|0x0000000081d00000, 0x0000000081e00000, 0x0000000081e00000|100%|HC|  |TAMS 0x0000000081e00000, 0x0000000081d00000| Complete 
|  30|0x0000000081e00000, 0x0000000081f00000, 0x0000000081f00000|100%|HC|  |TAMS 0x0000000081f00000, 0x0000000081e00000| Complete 
|  31|0x0000000081f00000, 0x0000000082000000, 0x0000000082000000|100%| O|  |TAMS 0x0000000082000000, 0x0000000081f00000| Untracked 
|  32|0x0000000082000000, 0x0000000082100000, 0x0000000082100000|100%| O|  |TAMS 0x0000000082100000, 0x0000000082000000| Untracked 
|  33|0x0000000082100000, 0x0000000082200000, 0x0000000082200000|100%|HS|  |TAMS 0x0000000082200000, 0x0000000082100000| Complete 
|  34|0x0000000082200000, 0x0000000082300000, 0x0000000082300000|100%| O|  |TAMS 0x0000000082300000, 0x0000000082200000| Untracked 
|  35|0x0000000082300000, 0x0000000082400000, 0x0000000082400000|100%| O|  |TAMS 0x0000000082400000, 0x0000000082300000| Untracked 
|  36|0x0000000082400000, 0x0000000082500000, 0x0000000082500000|100%| O|  |TAMS 0x0000000082500000, 0x0000000082400000| Untracked 
|  37|0x0000000082500000, 0x0000000082600000, 0x0000000082600000|100%| O|  |TAMS 0x0000000082600000, 0x0000000082500000| Untracked 
|  38|0x0000000082600000, 0x0000000082700000, 0x0000000082700000|100%| O|  |TAMS 0x0000000082700000, 0x0000000082600000| Untracked 
|  39|0x0000000082700000, 0x0000000082800000, 0x0000000082800000|100%| O|  |TAMS 0x0000000082800000, 0x0000000082700000| Untracked 
|  40|0x0000000082800000, 0x0000000082900000, 0x0000000082900000|100%| O|  |TAMS 0x000000008280be00, 0x0000000082800000| Untracked 
|  41|0x0000000082900000, 0x0000000082a00000, 0x0000000082a00000|100%| O|  |TAMS 0x0000000082900000, 0x0000000082900000| Untracked 
|  42|0x0000000082a00000, 0x0000000082b00000, 0x0000000082b00000|100%| O|  |TAMS 0x0000000082a00000, 0x0000000082a00000| Untracked 
|  43|0x0000000082b00000, 0x0000000082c00000, 0x0000000082c00000|100%| O|  |TAMS 0x0000000082b00000, 0x0000000082b00000| Untracked 
|  44|0x0000000082c00000, 0x0000000082c6f600, 0x0000000082d00000| 43%| O|  |TAMS 0x0000000082c00000, 0x0000000082c00000| Untracked 
|  45|0x0000000082d00000, 0x0000000082e00000, 0x0000000082e00000|100%|HS|  |TAMS 0x0000000082d00000, 0x0000000082d00000| Complete 
|  46|0x0000000082e00000, 0x0000000082f00000, 0x0000000082f00000|100%|HS|  |TAMS 0x0000000082e00000, 0x0000000082e00000| Complete 
|  47|0x0000000082f00000, 0x0000000083000000, 0x0000000083000000|100%|HC|  |TAMS 0x0000000082f00000, 0x0000000082f00000| Complete 
|  48|0x0000000083000000, 0x0000000083100000, 0x0000000083100000|100%|HS|  |TAMS 0x0000000083000000, 0x0000000083000000| Complete 
|  49|0x0000000083100000, 0x0000000083200000, 0x0000000083200000|100%|HC|  |TAMS 0x0000000083100000, 0x0000000083100000| Complete 
|  50|0x0000000083200000, 0x0000000083200000, 0x0000000083300000|  0%| F|  |TAMS 0x0000000083200000, 0x0000000083200000| Untracked 
|  51|0x0000000083300000, 0x0000000083300000, 0x0000000083400000|  0%| F|  |TAMS 0x0000000083300000, 0x0000000083300000| Untracked 
|  52|0x0000000083400000, 0x0000000083400000, 0x0000000083500000|  0%| F|  |TAMS 0x0000000083400000, 0x0000000083400000| Untracked 
|  53|0x0000000083500000, 0x0000000083500000, 0x0000000083600000|  0%| F|  |TAMS 0x0000000083500000, 0x0000000083500000| Untracked 
|  54|0x0000000083600000, 0x0000000083600000, 0x0000000083700000|  0%| F|  |TAMS 0x0000000083600000, 0x0000000083600000| Untracked 
|  55|0x0000000083700000, 0x0000000083700000, 0x0000000083800000|  0%| F|  |TAMS 0x0000000083700000, 0x0000000083700000| Untracked 
|  56|0x0000000083800000, 0x0000000083800000, 0x0000000083900000|  0%| F|  |TAMS 0x0000000083800000, 0x0000000083800000| Untracked 
|  57|0x0000000083900000, 0x0000000083900000, 0x0000000083a00000|  0%| F|  |TAMS 0x0000000083900000, 0x0000000083900000| Untracked 
|  58|0x0000000083a00000, 0x0000000083ab3b80, 0x0000000083b00000| 70%| S|CS|TAMS 0x0000000083a00000, 0x0000000083a00000| Complete 
|  59|0x0000000083b00000, 0x0000000083c00000, 0x0000000083c00000|100%| S|CS|TAMS 0x0000000083b00000, 0x0000000083b00000| Complete 
|  60|0x0000000083c00000, 0x0000000083c00000, 0x0000000083d00000|  0%| F|  |TAMS 0x0000000083c00000, 0x0000000083c00000| Untracked 
|  61|0x0000000083d00000, 0x0000000083e00000, 0x0000000083e00000|100%| S|CS|TAMS 0x0000000083d00000, 0x0000000083d00000| Complete 
|  62|0x0000000083e00000, 0x0000000083f00000, 0x0000000083f00000|100%| S|CS|TAMS 0x0000000083e00000, 0x0000000083e00000| Complete 
|  63|0x0000000083f00000, 0x0000000083f00000, 0x0000000084000000|  0%| F|  |TAMS 0x0000000083f00000, 0x0000000083f00000| Untracked 
|  64|0x0000000084000000, 0x0000000084000000, 0x0000000084100000|  0%| F|  |TAMS 0x0000000084000000, 0x0000000084000000| Untracked 
|  65|0x0000000084100000, 0x0000000084100000, 0x0000000084200000|  0%| F|  |TAMS 0x0000000084100000, 0x0000000084100000| Untracked 
|  66|0x0000000084200000, 0x0000000084200000, 0x0000000084300000|  0%| F|  |TAMS 0x0000000084200000, 0x0000000084200000| Untracked 
|  67|0x0000000084300000, 0x0000000084300000, 0x0000000084400000|  0%| F|  |TAMS 0x0000000084300000, 0x0000000084300000| Untracked 
|  68|0x0000000084400000, 0x0000000084400000, 0x0000000084500000|  0%| F|  |TAMS 0x0000000084400000, 0x0000000084400000| Untracked 
|  69|0x0000000084500000, 0x0000000084500000, 0x0000000084600000|  0%| F|  |TAMS 0x0000000084500000, 0x0000000084500000| Untracked 
|  70|0x0000000084600000, 0x0000000084600000, 0x0000000084700000|  0%| F|  |TAMS 0x0000000084600000, 0x0000000084600000| Untracked 
|  71|0x0000000084700000, 0x0000000084700000, 0x0000000084800000|  0%| F|  |TAMS 0x0000000084700000, 0x0000000084700000| Untracked 
|  72|0x0000000084800000, 0x0000000084800000, 0x0000000084900000|  0%| F|  |TAMS 0x0000000084800000, 0x0000000084800000| Untracked 
|  73|0x0000000084900000, 0x0000000084900000, 0x0000000084a00000|  0%| F|  |TAMS 0x0000000084900000, 0x0000000084900000| Untracked 
|  74|0x0000000084a00000, 0x0000000084a00000, 0x0000000084b00000|  0%| F|  |TAMS 0x0000000084a00000, 0x0000000084a00000| Untracked 
|  75|0x0000000084b00000, 0x0000000084b00000, 0x0000000084c00000|  0%| F|  |TAMS 0x0000000084b00000, 0x0000000084b00000| Untracked 
|  76|0x0000000084c00000, 0x0000000084c00000, 0x0000000084d00000|  0%| F|  |TAMS 0x0000000084c00000, 0x0000000084c00000| Untracked 
|  77|0x0000000084d00000, 0x0000000084d00000, 0x0000000084e00000|  0%| F|  |TAMS 0x0000000084d00000, 0x0000000084d00000| Untracked 
|  78|0x0000000084e00000, 0x0000000084e00000, 0x0000000084f00000|  0%| F|  |TAMS 0x0000000084e00000, 0x0000000084e00000| Untracked 
|  79|0x0000000084f00000, 0x0000000084f00000, 0x0000000085000000|  0%| F|  |TAMS 0x0000000084f00000, 0x0000000084f00000| Untracked 
|  80|0x0000000085000000, 0x0000000085000000, 0x0000000085100000|  0%| F|  |TAMS 0x0000000085000000, 0x0000000085000000| Untracked 
|  81|0x0000000085100000, 0x0000000085200000, 0x0000000085200000|100%| E|  |TAMS 0x0000000085100000, 0x0000000085100000| Complete 
|  82|0x0000000085200000, 0x0000000085300000, 0x0000000085300000|100%| E|CS|TAMS 0x0000000085200000, 0x0000000085200000| Complete 
|  83|0x0000000085300000, 0x0000000085400000, 0x0000000085400000|100%| E|CS|TAMS 0x0000000085300000, 0x0000000085300000| Complete 
| 188|0x000000008bc00000, 0x000000008bd00000, 0x000000008bd00000|100%| E|CS|TAMS 0x000000008bc00000, 0x000000008bc00000| Complete 
| 189|0x000000008bd00000, 0x000000008be00000, 0x000000008be00000|100%| E|CS|TAMS 0x000000008bd00000, 0x000000008bd00000| Complete 
| 190|0x000000008be00000, 0x000000008bf00000, 0x000000008bf00000|100%| E|CS|TAMS 0x000000008be00000, 0x000000008be00000| Complete 
| 191|0x000000008bf00000, 0x000000008c000000, 0x000000008c000000|100%| E|CS|TAMS 0x000000008bf00000, 0x000000008bf00000| Complete 
| 192|0x000000008c000000, 0x000000008c100000, 0x000000008c100000|100%| E|CS|TAMS 0x000000008c000000, 0x000000008c000000| Complete 
| 193|0x000000008c100000, 0x000000008c200000, 0x000000008c200000|100%| E|CS|TAMS 0x000000008c100000, 0x000000008c100000| Complete 
| 194|0x000000008c200000, 0x000000008c300000, 0x000000008c300000|100%| E|CS|TAMS 0x000000008c200000, 0x000000008c200000| Complete 
| 195|0x000000008c300000, 0x000000008c400000, 0x000000008c400000|100%| E|CS|TAMS 0x000000008c300000, 0x000000008c300000| Complete 
| 196|0x000000008c400000, 0x000000008c500000, 0x000000008c500000|100%| E|CS|TAMS 0x000000008c400000, 0x000000008c400000| Complete 
| 247|0x000000008f700000, 0x000000008f800000, 0x000000008f800000|100%| E|  |TAMS 0x000000008f700000, 0x000000008f700000| Complete 

Card table byte_map: [0x000001b87e9d0000,0x000001b87edd0000] _byte_map_base: 0x000001b87e5d0000

Marking Bits (Prev, Next): (CMBitMap*) 0x000001b87d4ca9f0, (CMBitMap*) 0x000001b87d4caa30
 Prev Bits: [0x000001b812420000, 0x000001b814420000)
 Next Bits: [0x000001b814420000, 0x000001b816420000)

Polling page: 0x000001b87bbc0000

Metaspace:

Usage:
  Non-class:     43.69 MB used.
      Class:      6.69 MB used.
       Both:     50.38 MB used.

Virtual space:
  Non-class space:       64.00 MB reserved,      43.94 MB ( 69%) committed,  1 nodes.
      Class space:        1.00 GB reserved,       6.88 MB ( <1%) committed,  1 nodes.
             Both:        1.06 GB reserved,      50.81 MB (  5%) committed. 

Chunk freelists:
   Non-Class:  3.34 MB
       Class:  9.05 MB
        Both:  12.39 MB

MaxMetaspaceSize: unlimited
CompressedClassSpaceSize: 1.00 GB
Initial GC threshold: 21.00 MB
Current GC threshold: 84.31 MB
CDS: off
MetaspaceReclaimPolicy: balanced
 - commit_granule_bytes: 65536.
 - commit_granule_words: 8192.
 - virtual_space_node_default_size: 8388608.
 - enlarge_chunks_in_place: 1.
 - new_chunks_are_fully_committed: 0.
 - uncommit_free_chunks: 1.
 - use_allocation_guard: 0.
 - handle_deallocations: 1.


Internal statistics:

num_allocs_failed_limit: 3.
num_arena_births: 428.
num_arena_deaths: 0.
num_vsnodes_births: 2.
num_vsnodes_deaths: 0.
num_space_committed: 813.
num_space_uncommitted: 0.
num_chunks_returned_to_freelist: 3.
num_chunks_taken_from_freelist: 1990.
num_chunk_merges: 3.
num_chunk_splits: 1335.
num_chunks_enlarged: 961.
num_inconsistent_stats: 0.

CodeHeap 'non-profiled nmethods': size=119168Kb used=2295Kb max_used=2896Kb free=116872Kb
 bounds [0x000001b80afc0000, 0x000001b80b2a0000, 0x000001b812420000]
CodeHeap 'profiled nmethods': size=119104Kb used=8612Kb max_used=9609Kb free=110491Kb
 bounds [0x000001b803420000, 0x000001b803d90000, 0x000001b80a870000]
CodeHeap 'non-nmethods': size=7488Kb used=2875Kb max_used=4020Kb free=4612Kb
 bounds [0x000001b80a870000, 0x000001b80ac60000, 0x000001b80afc0000]
 total_blobs=5192 nmethods=4367 adapters=736
 compilation: enabled
              stopped_count=0, restarted_count=0
 full_count=0

Compilation events (20 events):
Event: 18.265 Thread 0x000001b8188155b0 5086       3       groovyjarjarantlr4.v4.runtime.dfa.DFAState::setTarget (14 bytes)
Event: 18.265 Thread 0x000001b8189fbfb0 nmethod 5085 0x000001b803a4a490 code [0x000001b803a4a620, 0x000001b803a4a738]
Event: 18.266 Thread 0x000001b8188155b0 nmethod 5086 0x000001b8037b4d90 code [0x000001b8037b4f40, 0x000001b8037b5168]
Event: 18.266 Thread 0x000001b81f4aed70 nmethod 5083 0x000001b803c91f10 code [0x000001b803c922a0, 0x000001b803c94658]
Event: 18.272 Thread 0x000001b81f4aed70 5091       3       groovyjarjarantlr4.v4.runtime.atn.ATNConfigSet::<init> (159 bytes)
Event: 18.272 Thread 0x000001b8189fbfb0 5092   !   3       java.util.ArrayList::clone (40 bytes)
Event: 18.272 Thread 0x000001b8188155b0 5093       3       groovyjarjarantlr4.v4.runtime.dfa.DFA::addState (34 bytes)
Event: 18.272 Thread 0x000001b8188155b0 nmethod 5093 0x000001b803b97610 code [0x000001b803b977e0, 0x000001b803b97b58]
Event: 18.273 Thread 0x000001b8189fbfb0 nmethod 5092 0x000001b803b96d90 code [0x000001b803b96f80, 0x000001b803b973c8]
Event: 18.274 Thread 0x000001b81f4aed70 nmethod 5091 0x000001b803ce2290 code [0x000001b803ce2520, 0x000001b803ce33b8]
Event: 18.274 Thread 0x000001b81f4aed70 5094       3       groovyjarjarantlr4.v4.runtime.atn.ATNConfigSet::getConflictingAlts (17 bytes)
Event: 18.274 Thread 0x000001b81f4aed70 nmethod 5094 0x000001b803b8cf90 code [0x000001b803b8d140, 0x000001b803b8d2d8]
Event: 18.277 Thread 0x000001b81e7133d0 5096       1       groovyjarjarantlr4.v4.runtime.atn.PlusLoopbackState::getStateType (3 bytes)
Event: 18.278 Thread 0x000001b81e7133d0 nmethod 5096 0x000001b80b00fa10 code [0x000001b80b00fba0, 0x000001b80b00fc78]
Event: 18.281 Thread 0x000001b81f4aed70 5097       3       java.util.HashMap::keysToArray (81 bytes)
Event: 18.282 Thread 0x000001b81e7133d0 5098       3       groovyjarjarantlr4.v4.runtime.atn.SemanticContext::or (58 bytes)
Event: 18.282 Thread 0x000001b8189fbfb0 5099       3       groovyjarjarantlr4.v4.runtime.atn.SemanticContext::<init> (5 bytes)
Event: 18.282 Thread 0x000001b81f4aed70 nmethod 5097 0x000001b803ce1a10 code [0x000001b803ce1be0, 0x000001b803ce2098]
Event: 18.282 Thread 0x000001b8189fbfb0 nmethod 5099 0x000001b803b96990 code [0x000001b803b96b20, 0x000001b803b96c78]
Event: 18.282 Thread 0x000001b81e7133d0 nmethod 5098 0x000001b803ce1390 code [0x000001b803ce1560, 0x000001b803ce18e8]

GC Heap History (20 events):
Event: 8.485 GC heap before
{Heap before GC invocations=2 (full 0):
 garbage-first heap   total 253952K, used 62715K [0x0000000080000000, 0x0000000100000000)
  region size 1024K, 51 young (52224K), 1 survivors (1024K)
 Metaspace       used 21284K, committed 21504K, reserved 1114112K
  class space    used 2514K, committed 2624K, reserved 1048576K
}
Event: 8.496 GC heap after
{Heap after GC invocations=3 (full 0):
 garbage-first heap   total 253952K, used 19121K [0x0000000080000000, 0x0000000100000000)
  region size 1024K, 9 young (9216K), 9 survivors (9216K)
 Metaspace       used 21284K, committed 21504K, reserved 1114112K
  class space    used 2514K, committed 2624K, reserved 1048576K
}
Event: 9.169 GC heap before
{Heap before GC invocations=4 (full 0):
 garbage-first heap   total 71680K, used 52913K [0x0000000080000000, 0x0000000100000000)
  region size 1024K, 42 young (43008K), 9 survivors (9216K)
 Metaspace       used 26410K, committed 26688K, reserved 1114112K
  class space    used 3365K, committed 3520K, reserved 1048576K
}
Event: 9.176 GC heap after
{Heap after GC invocations=5 (full 0):
 garbage-first heap   total 71680K, used 20844K [0x0000000080000000, 0x0000000100000000)
  region size 1024K, 2 young (2048K), 2 survivors (2048K)
 Metaspace       used 26410K, committed 26688K, reserved 1114112K
  class space    used 3365K, committed 3520K, reserved 1048576K
}
Event: 9.879 GC heap before
{Heap before GC invocations=5 (full 0):
 garbage-first heap   total 71680K, used 49516K [0x0000000080000000, 0x0000000100000000)
  region size 1024K, 31 young (31744K), 2 survivors (2048K)
 Metaspace       used 30466K, committed 30720K, reserved 1114112K
  class space    used 4057K, committed 4160K, reserved 1048576K
}
Event: 9.884 GC heap after
{Heap after GC invocations=6 (full 0):
 garbage-first heap   total 71680K, used 22538K [0x0000000080000000, 0x0000000100000000)
  region size 1024K, 4 young (4096K), 4 survivors (4096K)
 Metaspace       used 30466K, committed 30720K, reserved 1114112K
  class space    used 4057K, committed 4160K, reserved 1048576K
}
Event: 11.621 GC heap before
{Heap before GC invocations=6 (full 0):
 garbage-first heap   total 71680K, used 44042K [0x0000000080000000, 0x0000000100000000)
  region size 1024K, 16 young (16384K), 4 survivors (4096K)
 Metaspace       used 31645K, committed 32000K, reserved 1114112K
  class space    used 4258K, committed 4416K, reserved 1048576K
}
Event: 11.627 GC heap after
{Heap after GC invocations=7 (full 0):
 garbage-first heap   total 71680K, used 37078K [0x0000000080000000, 0x0000000100000000)
  region size 1024K, 4 young (4096K), 4 survivors (4096K)
 Metaspace       used 31645K, committed 32000K, reserved 1114112K
  class space    used 4258K, committed 4416K, reserved 1048576K
}
Event: 12.142 GC heap before
{Heap before GC invocations=8 (full 0):
 garbage-first heap   total 71680K, used 55510K [0x0000000080000000, 0x0000000100000000)
  region size 1024K, 21 young (21504K), 4 survivors (4096K)
 Metaspace       used 33850K, committed 34240K, reserved 1114112K
  class space    used 4618K, committed 4800K, reserved 1048576K
}
Event: 12.146 GC heap after
{Heap after GC invocations=9 (full 0):
 garbage-first heap   total 71680K, used 39402K [0x0000000080000000, 0x0000000100000000)
  region size 1024K, 1 young (1024K), 1 survivors (1024K)
 Metaspace       used 33850K, committed 34240K, reserved 1114112K
  class space    used 4618K, committed 4800K, reserved 1048576K
}
Event: 12.424 GC heap before
{Heap before GC invocations=9 (full 0):
 garbage-first heap   total 71680K, used 55786K [0x0000000080000000, 0x0000000100000000)
  region size 1024K, 17 young (17408K), 1 survivors (1024K)
 Metaspace       used 35838K, committed 36160K, reserved 1114112K
  class space    used 4933K, committed 5056K, reserved 1048576K
}
Event: 12.426 GC heap after
{Heap after GC invocations=10 (full 0):
 garbage-first heap   total 71680K, used 40055K [0x0000000080000000, 0x0000000100000000)
  region size 1024K, 2 young (2048K), 2 survivors (2048K)
 Metaspace       used 35838K, committed 36160K, reserved 1114112K
  class space    used 4933K, committed 5056K, reserved 1048576K
}
Event: 12.734 GC heap before
{Heap before GC invocations=11 (full 0):
 garbage-first heap   total 71680K, used 55415K [0x0000000080000000, 0x0000000100000000)
  region size 1024K, 18 young (18432K), 2 survivors (2048K)
 Metaspace       used 38505K, committed 38848K, reserved 1114112K
  class space    used 5299K, committed 5440K, reserved 1048576K
}
Event: 12.737 GC heap after
{Heap after GC invocations=12 (full 0):
 garbage-first heap   total 92160K, used 40559K [0x0000000080000000, 0x0000000100000000)
  region size 1024K, 3 young (3072K), 3 survivors (3072K)
 Metaspace       used 38505K, committed 38848K, reserved 1114112K
  class space    used 5299K, committed 5440K, reserved 1048576K
}
Event: 13.197 GC heap before
{Heap before GC invocations=12 (full 0):
 garbage-first heap   total 92160K, used 70255K [0x0000000080000000, 0x0000000100000000)
  region size 1024K, 33 young (33792K), 3 survivors (3072K)
 Metaspace       used 41526K, committed 41856K, reserved 1114112K
  class space    used 5711K, committed 5888K, reserved 1048576K
}
Event: 13.203 GC heap after
{Heap after GC invocations=13 (full 0):
 garbage-first heap   total 92160K, used 42989K [0x0000000080000000, 0x0000000100000000)
  region size 1024K, 5 young (5120K), 5 survivors (5120K)
 Metaspace       used 41526K, committed 41856K, reserved 1114112K
  class space    used 5711K, committed 5888K, reserved 1048576K
}
Event: 14.296 GC heap before
{Heap before GC invocations=13 (full 0):
 garbage-first heap   total 92160K, used 71661K [0x0000000080000000, 0x0000000100000000)
  region size 1024K, 34 young (34816K), 5 survivors (5120K)
 Metaspace       used 45407K, committed 45824K, reserved 1114112K
  class space    used 6197K, committed 6400K, reserved 1048576K
}
Event: 14.304 GC heap after
{Heap after GC invocations=14 (full 0):
 garbage-first heap   total 92160K, used 45176K [0x0000000080000000, 0x0000000100000000)
  region size 1024K, 5 young (5120K), 5 survivors (5120K)
 Metaspace       used 45407K, committed 45824K, reserved 1114112K
  class space    used 6197K, committed 6400K, reserved 1048576K
}
Event: 15.003 GC heap before
{Heap before GC invocations=14 (full 0):
 garbage-first heap   total 92160K, used 71800K [0x0000000080000000, 0x0000000100000000)
  region size 1024K, 32 young (32768K), 5 survivors (5120K)
 Metaspace       used 50692K, committed 51136K, reserved 1114112K
  class space    used 6802K, committed 6976K, reserved 1048576K
}
Event: 15.011 GC heap after
{Heap after GC invocations=15 (full 0):
 garbage-first heap   total 92160K, used 48703K [0x0000000080000000, 0x0000000100000000)
  region size 1024K, 4 young (4096K), 4 survivors (4096K)
 Metaspace       used 50692K, committed 51136K, reserved 1114112K
  class space    used 6802K, committed 6976K, reserved 1048576K
}

Dll operation events (3 events):
Event: 0.026 Loaded shared library C:\Program Files\Android\Android Studio\jbr\bin\java.dll
Event: 0.351 Loaded shared library C:\Program Files\Android\Android Studio\jbr\bin\zip.dll
Event: 1.146 Loaded shared library C:\Program Files\Android\Android Studio\jbr\bin\verify.dll

Deoptimization events (20 events):
Event: 18.262 Thread 0x000001b81f8953d0 Uncommon trap: trap_request=0xffffffde fr.pc=0x000001b80b0e6c7c relative=0x00000000000010dc
Event: 18.262 Thread 0x000001b81f8953d0 Uncommon trap: reason=class_check action=maybe_recompile pc=0x000001b80b0e6c7c method=java.util.concurrent.ConcurrentHashMap.putVal(Ljava/lang/Object;Ljava/lang/Object;Z)Ljava/lang/Object; @ 159 c2
Event: 18.262 Thread 0x000001b81f8953d0 DEOPT PACKING pc=0x000001b80b0e6c7c sp=0x0000007f14af6f80
Event: 18.262 Thread 0x000001b81f8953d0 DEOPT UNPACKING pc=0x000001b80a8c69a3 sp=0x0000007f14af6f00 mode 2
Event: 18.263 Thread 0x000001b81f8953d0 Uncommon trap: trap_request=0xffffffc6 fr.pc=0x000001b80b2374b0 relative=0x00000000000002b0
Event: 18.264 Thread 0x000001b81f8953d0 Uncommon trap: reason=bimorphic_or_optimized_type_check action=maybe_recompile pc=0x000001b80b2374b0 method=groovyjarjarantlr4.v4.runtime.atn.ATNConfig.equals(Lgroovyjarjarantlr4/v4/runtime/atn/ATNConfig;)Z @ 67 c2
Event: 18.264 Thread 0x000001b81f8953d0 DEOPT PACKING pc=0x000001b80b2374b0 sp=0x0000007f14af5950
Event: 18.264 Thread 0x000001b81f8953d0 DEOPT UNPACKING pc=0x000001b80a8c69a3 sp=0x0000007f14af5888 mode 2
Event: 18.264 Thread 0x000001b81f8953d0 Uncommon trap: trap_request=0xffffffc6 fr.pc=0x000001b80b2374b0 relative=0x00000000000002b0
Event: 18.264 Thread 0x000001b81f8953d0 Uncommon trap: reason=bimorphic_or_optimized_type_check action=maybe_recompile pc=0x000001b80b2374b0 method=groovyjarjarantlr4.v4.runtime.atn.ATNConfig.equals(Lgroovyjarjarantlr4/v4/runtime/atn/ATNConfig;)Z @ 67 c2
Event: 18.264 Thread 0x000001b81f8953d0 DEOPT PACKING pc=0x000001b80b2374b0 sp=0x0000007f14af5950
Event: 18.264 Thread 0x000001b81f8953d0 DEOPT UNPACKING pc=0x000001b80a8c69a3 sp=0x0000007f14af5888 mode 2
Event: 18.264 Thread 0x000001b81f8953d0 Uncommon trap: trap_request=0xffffffc6 fr.pc=0x000001b80b2374b0 relative=0x00000000000002b0
Event: 18.264 Thread 0x000001b81f8953d0 Uncommon trap: reason=bimorphic_or_optimized_type_check action=maybe_recompile pc=0x000001b80b2374b0 method=groovyjarjarantlr4.v4.runtime.atn.ATNConfig.equals(Lgroovyjarjarantlr4/v4/runtime/atn/ATNConfig;)Z @ 67 c2
Event: 18.264 Thread 0x000001b81f8953d0 DEOPT PACKING pc=0x000001b80b2374b0 sp=0x0000007f14af5950
Event: 18.264 Thread 0x000001b81f8953d0 DEOPT UNPACKING pc=0x000001b80a8c69a3 sp=0x0000007f14af5888 mode 2
Event: 18.264 Thread 0x000001b81f8953d0 Uncommon trap: trap_request=0xffffffc6 fr.pc=0x000001b80b2374b0 relative=0x00000000000002b0
Event: 18.264 Thread 0x000001b81f8953d0 Uncommon trap: reason=bimorphic_or_optimized_type_check action=maybe_recompile pc=0x000001b80b2374b0 method=groovyjarjarantlr4.v4.runtime.atn.ATNConfig.equals(Lgroovyjarjarantlr4/v4/runtime/atn/ATNConfig;)Z @ 67 c2
Event: 18.264 Thread 0x000001b81f8953d0 DEOPT PACKING pc=0x000001b80b2374b0 sp=0x0000007f14af5950
Event: 18.264 Thread 0x000001b81f8953d0 DEOPT UNPACKING pc=0x000001b80a8c69a3 sp=0x0000007f14af5888 mode 2

Classes unloaded (0 events):
No events

Classes redefined (0 events):
No events

Internal exceptions (20 events):
Event: 14.926 Thread 0x000001b81f8953d0 Exception <a 'java/lang/ClassNotFoundException'{0x00000000843fe440}: org/gradle/groovy/scripts/ScriptCustomizer> (0x00000000843fe440) 
thrown [s\src\hotspot\share\classfile\systemDictionary.cpp, line 256]
Event: 14.927 Thread 0x000001b81f8953d0 Exception <a 'java/lang/ClassNotFoundException'{0x0000000084210250}: org/gradle/groovy/scripts/BasicScriptCustomizer> (0x0000000084210250) 
thrown [s\src\hotspot\share\classfile\systemDictionary.cpp, line 256]
Event: 14.928 Thread 0x000001b81f8953d0 Exception <a 'java/lang/ClassNotFoundException'{0x00000000842272b0}: org/gradle/groovy/scripts/DefaultScriptCustomizer> (0x00000000842272b0) 
thrown [s\src\hotspot\share\classfile\systemDictionary.cpp, line 256]
Event: 14.931 Thread 0x000001b81f8953d0 Exception <a 'java/lang/ClassNotFoundException'{0x000000008424f180}: org/gradle/initialization/InitScriptCustomizer> (0x000000008424f180) 
thrown [s\src\hotspot\share\classfile\systemDictionary.cpp, line 256]
Event: 14.931 Thread 0x000001b81f8953d0 Exception <a 'java/lang/ClassNotFoundException'{0x000000008425e0c0}: ijMapper1_bjlmjutzx9138kwj4z96o7npmCustomizer> (0x000000008425e0c0) 
thrown [s\src\hotspot\share\classfile\systemDictionary.cpp, line 256]
Event: 14.944 Thread 0x000001b81f8953d0 Exception <a 'java/lang/ClassNotFoundException'{0x000000008411b118}: org/gradle/internal/extensibility/DefaultExtraPropertiesExtensionBeanInfo> (0x000000008411b118) 
thrown [s\src\hotspot\share\classfile\systemDictionary.cpp, line 256]
Event: 14.944 Thread 0x000001b81f8953d0 Exception <a 'java/lang/ClassNotFoundException'{0x0000000084125cd8}: org/gradle/internal/extensibility/DefaultExtraPropertiesExtensionCustomizer> (0x0000000084125cd8) 
thrown [s\src\hotspot\share\classfile\systemDictionary.cpp, line 256]
Event: 14.953 Thread 0x000001b81f8953d0 Exception <a 'java/lang/NoSuchMethodError'{0x000000008418c7b0}: 'void java.lang.invoke.Invokers$Holder.invoke_MT(java.lang.Object, java.lang.Object, java.lang.Object, java.lang.Object)'> (0x000000008418c7b0) 
thrown [s\src\hotspot\share\interpreter\linkResolver.cpp, line 771]
Event: 14.974 Thread 0x000001b81f8953d0 Exception <a 'java/lang/ClassNotFoundException'{0x00000000840e4c58}: org/gradle/invocation/DefaultGradle_DecoratedBeanInfo> (0x00000000840e4c58) 
thrown [s\src\hotspot\share\classfile\systemDictionary.cpp, line 256]
Event: 14.975 Thread 0x000001b81f8953d0 Exception <a 'java/lang/ClassNotFoundException'{0x00000000840f4f18}: org/gradle/invocation/DefaultGradleBeanInfo> (0x00000000840f4f18) 
thrown [s\src\hotspot\share\classfile\systemDictionary.cpp, line 256]
Event: 14.977 Thread 0x000001b81f8953d0 Exception <a 'java/lang/ClassNotFoundException'{0x0000000083f05bc8}: org/gradle/api/internal/project/AbstractPluginAwareBeanInfo> (0x0000000083f05bc8) 
thrown [s\src\hotspot\share\classfile\systemDictionary.cpp, line 256]
Event: 14.978 Thread 0x000001b81f8953d0 Exception <a 'java/lang/ClassNotFoundException'{0x0000000083f16270}: org/gradle/api/internal/project/AbstractPluginAwareCustomizer> (0x0000000083f16270) 
thrown [s\src\hotspot\share\classfile\systemDictionary.cpp, line 256]
Event: 14.981 Thread 0x000001b81f8953d0 Exception <a 'java/lang/ClassNotFoundException'{0x0000000083f2c088}: org/gradle/invocation/DefaultGradleCustomizer> (0x0000000083f2c088) 
thrown [s\src\hotspot\share\classfile\systemDictionary.cpp, line 256]
Event: 14.991 Thread 0x000001b81f8953d0 Exception <a 'java/lang/ClassNotFoundException'{0x0000000083f6c258}: org/gradle/invocation/DefaultGradle_DecoratedCustomizer> (0x0000000083f6c258) 
thrown [s\src\hotspot\share\classfile\systemDictionary.cpp, line 256]
Event: 18.097 Thread 0x000001b81f8953d0 Exception <a 'java/lang/ClassNotFoundException'{0x000000008c4c0c20}: groovy/lang/Closure$1BeanInfo> (0x000000008c4c0c20) 
thrown [s\src\hotspot\share\classfile\systemDictionary.cpp, line 256]
Event: 18.100 Thread 0x000001b81f1c2030 Implicit null exception at 0x000001b80b01daf2 to 0x000001b80b01e0c0
Event: 18.100 Thread 0x000001b81f8953d0 Exception <a 'java/lang/ClassNotFoundException'{0x000000008c4e5220}: groovy/lang/ClosureBeanInfo> (0x000000008c4e5220) 
thrown [s\src\hotspot\share\classfile\systemDictionary.cpp, line 256]
Event: 18.101 Thread 0x000001b81f1c2030 Implicit null exception at 0x000001b80affdaf2 to 0x000001b80affe0d0
Event: 18.105 Thread 0x000001b81f8953d0 Exception <a 'java/lang/ClassNotFoundException'{0x000000008c309b40}: groovy/lang/ClosureCustomizer> (0x000000008c309b40) 
thrown [s\src\hotspot\share\classfile\systemDictionary.cpp, line 256]
Event: 18.119 Thread 0x000001b81f8953d0 Exception <a 'java/lang/ClassNotFoundException'{0x000000008c3508a0}: groovy/lang/Closure$1Customizer> (0x000000008c3508a0) 
thrown [s\src\hotspot\share\classfile\systemDictionary.cpp, line 256]

VM Operations (20 events):
Event: 14.535 Executing VM operation: HandshakeAllThreads done
Event: 14.641 Executing VM operation: ICBufferFull
Event: 14.641 Executing VM operation: ICBufferFull done
Event: 14.651 Executing VM operation: HandshakeAllThreads
Event: 14.651 Executing VM operation: HandshakeAllThreads done
Event: 14.757 Executing VM operation: HandshakeAllThreads
Event: 14.757 Executing VM operation: HandshakeAllThreads done
Event: 14.786 Executing VM operation: HandshakeAllThreads
Event: 14.786 Executing VM operation: HandshakeAllThreads done
Event: 15.003 Executing VM operation: G1CollectForAllocation
Event: 15.011 Executing VM operation: G1CollectForAllocation done
Event: 15.036 Executing VM operation: G1PauseRemark
Event: 17.034 Executing VM operation: G1PauseRemark done
Event: 17.048 Executing VM operation: G1PauseCleanup
Event: 17.061 Executing VM operation: G1PauseCleanup done
Event: 18.062 Executing VM operation: Cleanup
Event: 18.087 Executing VM operation: Cleanup done
Event: 18.115 Executing VM operation: HandshakeAllThreads
Event: 18.115 Executing VM operation: HandshakeAllThreads done
Event: 19.115 Executing VM operation: Cleanup

Events (20 events):
Event: 14.908 loading class java/util/stream/IntPipeline$1 done
Event: 14.908 loading class java/util/stream/IntPipeline$1$1
Event: 14.908 loading class java/util/stream/IntPipeline$1$1 done
Event: 15.002 loading class jdk/internal/reflect/UnsafeObjectFieldAccessorImpl
Event: 15.002 loading class jdk/internal/reflect/UnsafeObjectFieldAccessorImpl done
Event: 17.034 Thread 0x000001b81f9072a0 Thread exited: 0x000001b81f9072a0
Event: 17.071 loading class sun/reflect/MagicAccessorImpl
Event: 17.071 loading class sun/reflect/MagicAccessorImpl done
Event: 18.002 loading class java/util/concurrent/LinkedBlockingDeque$Itr
Event: 18.088 loading class java/util/concurrent/LinkedBlockingDeque$AbstractItr
Event: 18.088 loading class java/util/concurrent/LinkedBlockingDeque$AbstractItr done
Event: 18.088 loading class java/util/concurrent/LinkedBlockingDeque$Itr done
Event: 18.120 loading class com/sun/beans/finder/MethodFinder
Event: 18.120 loading class com/sun/beans/finder/AbstractFinder
Event: 18.120 loading class com/sun/beans/finder/AbstractFinder done
Event: 18.120 loading class com/sun/beans/finder/MethodFinder done
Event: 18.121 loading class com/sun/beans/finder/MethodFinder$1
Event: 18.121 loading class com/sun/beans/finder/MethodFinder$1 done
Event: 18.121 loading class com/sun/beans/finder/FinderUtils
Event: 18.121 loading class com/sun/beans/finder/FinderUtils done


Dynamic libraries:
0x00007ff74c5e0000 - 0x00007ff74c5ea000 	C:\Program Files\Android\Android Studio\jbr\bin\java.exe
0x00007ffd3fa60000 - 0x00007ffd3fcc3000 	C:\WINDOWS\SYSTEM32\ntdll.dll
0x00007ffd3ec80000 - 0x00007ffd3ed48000 	C:\WINDOWS\System32\KERNEL32.DLL
0x00007ffd3d040000 - 0x00007ffd3d3f1000 	C:\WINDOWS\System32\KERNELBASE.dll
0x00007ffd3d750000 - 0x00007ffd3d89b000 	C:\WINDOWS\System32\ucrtbase.dll
0x00007ffd20970000 - 0x00007ffd2098b000 	C:\Program Files\Android\Android Studio\jbr\bin\VCRUNTIME140.dll
0x00007ffd15440000 - 0x00007ffd15457000 	C:\Program Files\Android\Android Studio\jbr\bin\jli.dll
0x00007ffd3e160000 - 0x00007ffd3e328000 	C:\WINDOWS\System32\USER32.dll
0x00007ffd3d8a0000 - 0x00007ffd3d8c7000 	C:\WINDOWS\System32\win32u.dll
0x00007ffd277f0000 - 0x00007ffd27a80000 	C:\WINDOWS\WinSxS\amd64_microsoft.windows.common-controls_6595b64144ccf1df_6.0.26100.2130_none_3e09c39ae333133b\COMCTL32.dll
0x00007ffd3efe0000 - 0x00007ffd3f00a000 	C:\WINDOWS\System32\GDI32.dll
0x00007ffd3e590000 - 0x00007ffd3e639000 	C:\WINDOWS\System32\msvcrt.dll
0x00007ffd3d4a0000 - 0x00007ffd3d5cb000 	C:\WINDOWS\System32\gdi32full.dll
0x00007ffd3ced0000 - 0x00007ffd3cf73000 	C:\WINDOWS\System32\msvcp_win.dll
0x00007ffd3f9e0000 - 0x00007ffd3fa0f000 	C:\WINDOWS\System32\IMM32.DLL
0x00007ffd335d0000 - 0x00007ffd335dc000 	C:\Program Files\Android\Android Studio\jbr\bin\vcruntime140_1.dll
0x00007ffcfbbb0000 - 0x00007ffcfbc3d000 	C:\Program Files\Android\Android Studio\jbr\bin\msvcp140.dll
0x00007ffcac840000 - 0x00007ffcad4c3000 	C:\Program Files\Android\Android Studio\jbr\bin\server\jvm.dll
0x00007ffd3f900000 - 0x00007ffd3f9b3000 	C:\WINDOWS\System32\ADVAPI32.dll
0x00007ffd3e360000 - 0x00007ffd3e406000 	C:\WINDOWS\System32\sechost.dll
0x00007ffd3e7d0000 - 0x00007ffd3e8e6000 	C:\WINDOWS\System32\RPCRT4.dll
0x00007ffd3ccd0000 - 0x00007ffd3cd1e000 	C:\WINDOWS\SYSTEM32\POWRPROF.dll
0x00007ffd36280000 - 0x00007ffd3628b000 	C:\WINDOWS\SYSTEM32\VERSION.dll
0x00007ffd37ee0000 - 0x00007ffd37eea000 	C:\WINDOWS\SYSTEM32\WSOCK32.dll
0x00007ffd36240000 - 0x00007ffd36276000 	C:\WINDOWS\SYSTEM32\WINMM.dll
0x00007ffd3f010000 - 0x00007ffd3f084000 	C:\WINDOWS\System32\WS2_32.dll
0x00007ffd3ccb0000 - 0x00007ffd3ccc4000 	C:\WINDOWS\SYSTEM32\UMPDC.dll
0x00007ffd3bc90000 - 0x00007ffd3bcaa000 	C:\WINDOWS\SYSTEM32\kernel.appcore.dll
0x00007ffd36660000 - 0x00007ffd3666a000 	C:\Program Files\Android\Android Studio\jbr\bin\jimage.dll
0x00007ffd32040000 - 0x00007ffd32281000 	C:\WINDOWS\SYSTEM32\DBGHELP.DLL
0x00007ffd3e8f0000 - 0x00007ffd3ec6d000 	C:\WINDOWS\System32\combase.dll
0x00007ffd3e640000 - 0x00007ffd3e716000 	C:\WINDOWS\System32\OLEAUT32.dll
0x00007ffd26600000 - 0x00007ffd26639000 	C:\WINDOWS\SYSTEM32\dbgcore.DLL
0x00007ffd3d400000 - 0x00007ffd3d499000 	C:\WINDOWS\System32\bcryptPrimitives.dll
0x00007ffd1fda0000 - 0x00007ffd1fdae000 	C:\Program Files\Android\Android Studio\jbr\bin\instrument.dll
0x00007ffd15460000 - 0x00007ffd15485000 	C:\Program Files\Android\Android Studio\jbr\bin\java.dll
0x00007ffd330b0000 - 0x00007ffd330c8000 	C:\Program Files\Android\Android Studio\jbr\bin\zip.dll
0x00007ffd3f1f0000 - 0x00007ffd3f8f1000 	C:\WINDOWS\System32\SHELL32.dll
0x00007ffd3aba0000 - 0x00007ffd3b3d2000 	C:\WINDOWS\SYSTEM32\windows.storage.dll
0x00007ffd3df90000 - 0x00007ffd3e06a000 	C:\WINDOWS\System32\SHCORE.dll
0x00007ffd3e4a0000 - 0x00007ffd3e4fd000 	C:\WINDOWS\System32\shlwapi.dll
0x00007ffd3cd50000 - 0x00007ffd3cd7e000 	C:\WINDOWS\SYSTEM32\profapi.dll
0x00007ffd25cd0000 - 0x00007ffd25ce9000 	C:\Program Files\Android\Android Studio\jbr\bin\net.dll
0x00007ffd334a0000 - 0x00007ffd335c6000 	C:\WINDOWS\SYSTEM32\WINHTTP.dll
0x00007ffd3c190000 - 0x00007ffd3c1f8000 	C:\WINDOWS\system32\mswsock.dll
0x00007ffd1dc20000 - 0x00007ffd1dc36000 	C:\Program Files\Android\Android Studio\jbr\bin\nio.dll
0x00007ffd200c0000 - 0x00007ffd200d0000 	C:\Program Files\Android\Android Studio\jbr\bin\verify.dll
0x00007ffd1fd70000 - 0x00007ffd1fd97000 	C:\Users\nang2\.gradle\native\c067742578af261105cb4f569cf0c3c89f3d7b1fecec35dd04571415982c5e48\windows-amd64\native-platform.dll
0x00007ffcee7b0000 - 0x00007ffcee8f4000 	C:\Users\nang2\.gradle\native\38dada09dfb8b06ba9b0570ebf7e218e3eb74d4ef43ca46872605cf95ebc2f47\windows-amd64\native-platform-file-events.dll
0x00007ffd24440000 - 0x00007ffd24449000 	C:\Program Files\Android\Android Studio\jbr\bin\management.dll
0x00007ffd21cf0000 - 0x00007ffd21cfb000 	C:\Program Files\Android\Android Studio\jbr\bin\management_ext.dll
0x00007ffd3e100000 - 0x00007ffd3e108000 	C:\WINDOWS\System32\PSAPI.DLL
0x00007ffd3c430000 - 0x00007ffd3c44c000 	C:\WINDOWS\SYSTEM32\CRYPTSP.dll
0x00007ffd3bbf0000 - 0x00007ffd3bc28000 	C:\WINDOWS\system32\rsaenh.dll
0x00007ffd3c230000 - 0x00007ffd3c25b000 	C:\WINDOWS\SYSTEM32\USERENV.dll
0x00007ffd3c670000 - 0x00007ffd3c696000 	C:\WINDOWS\SYSTEM32\bcrypt.dll
0x00007ffd3c450000 - 0x00007ffd3c45c000 	C:\WINDOWS\SYSTEM32\CRYPTBASE.dll
0x00007ffd3b720000 - 0x00007ffd3b751000 	C:\WINDOWS\SYSTEM32\IPHLPAPI.DLL
0x00007ffd3e580000 - 0x00007ffd3e58a000 	C:\WINDOWS\System32\NSI.dll
0x00007ffd33bb0000 - 0x00007ffd33bce000 	C:\WINDOWS\SYSTEM32\dhcpcsvc6.DLL
0x00007ffd33b80000 - 0x00007ffd33ba5000 	C:\WINDOWS\SYSTEM32\dhcpcsvc.DLL
0x00007ffd3b7c0000 - 0x00007ffd3b8e5000 	C:\WINDOWS\SYSTEM32\DNSAPI.dll
0x00007ffd2d7e0000 - 0x00007ffd2d7e9000 	C:\Program Files\Android\Android Studio\jbr\bin\extnet.dll
0x00007ffd121c0000 - 0x00007ffd121c8000 	C:\WINDOWS\system32\wshunix.dll

dbghelp: loaded successfully - version: 4.0.5 - missing functions: none
symbol engine: initialized successfully - sym options: 0x614 - pdb path: .;C:\Program Files\Android\Android Studio\jbr\bin;C:\WINDOWS\SYSTEM32;C:\WINDOWS\WinSxS\amd64_microsoft.windows.common-controls_6595b64144ccf1df_6.0.26100.2130_none_3e09c39ae333133b;C:\Program Files\Android\Android Studio\jbr\bin\server;C:\Users\nang2\.gradle\native\c067742578af261105cb4f569cf0c3c89f3d7b1fecec35dd04571415982c5e48\windows-amd64;C:\Users\nang2\.gradle\native\38dada09dfb8b06ba9b0570ebf7e218e3eb74d4ef43ca46872605cf95ebc2f47\windows-amd64

VM Arguments:
jvm_args: --add-opens=java.base/java.util=ALL-UNNAMED --add-opens=java.base/java.lang=ALL-UNNAMED --add-opens=java.base/java.lang.invoke=ALL-UNNAMED --add-opens=java.prefs/java.util.prefs=ALL-UNNAMED --add-opens=java.base/java.nio.charset=ALL-UNNAMED --add-opens=java.base/java.net=ALL-UNNAMED --add-opens=java.base/java.util.concurrent.atomic=ALL-UNNAMED -Xmx2048m -Dfile.encoding=UTF-8 -Duser.country=GB -Duser.language=en -Duser.variant -javaagent:C:\Users\nang2\.gradle\wrapper\dists\gradle-8.5-rc-1-bin\n9822e4gfwbu0cck2r2xppx\gradle-8.5-rc-1\lib\agents\gradle-instrumentation-agent-8.5.jar 
java_command: org.gradle.launcher.daemon.bootstrap.GradleDaemon 8.5-rc-1
java_class_path (initial): C:\Users\nang2\.gradle\wrapper\dists\gradle-8.5-rc-1-bin\n9822e4gfwbu0cck2r2xppx\gradle-8.5-rc-1\lib\gradle-launcher-8.5.jar
Launcher Type: SUN_STANDARD

[Global flags]
     intx CICompilerCount                          = 12                                        {product} {ergonomic}
     uint ConcGCThreads                            = 3                                         {product} {ergonomic}
     uint G1ConcRefinementThreads                  = 13                                        {product} {ergonomic}
   size_t G1HeapRegionSize                         = 1048576                                   {product} {ergonomic}
    uintx GCDrainStackTargetSize                   = 64                                        {product} {ergonomic}
   size_t InitialHeapSize                          = 260046848                                 {product} {ergonomic}
   size_t MarkStackSize                            = 4194304                                   {product} {ergonomic}
   size_t MaxHeapSize                              = 2147483648                                {product} {command line}
   size_t MaxNewSize                               = 1287651328                                {product} {ergonomic}
   size_t MinHeapDeltaBytes                        = 1048576                                   {product} {ergonomic}
   size_t MinHeapSize                              = 8388608                                   {product} {ergonomic}
    uintx NonNMethodCodeHeapSize                   = 7602480                                {pd product} {ergonomic}
    uintx NonProfiledCodeHeapSize                  = 122027880                              {pd product} {ergonomic}
    uintx ProfiledCodeHeapSize                     = 122027880                              {pd product} {ergonomic}
    uintx ReservedCodeCacheSize                    = 251658240                              {pd product} {ergonomic}
     bool SegmentedCodeCache                       = true                                      {product} {ergonomic}
   size_t SoftMaxHeapSize                          = 2147483648                             {manageable} {ergonomic}
     bool UseCompressedClassPointers               = true                           {product lp64_product} {ergonomic}
     bool UseCompressedOops                        = true                           {product lp64_product} {ergonomic}
     bool UseG1GC                                  = true                                      {product} {ergonomic}
     bool UseLargePagesIndividualAllocation        = false                                  {pd product} {ergonomic}

Logging:
Log output configuration:
 #0: stdout all=warning uptime,level,tags
 #1: stderr all=off uptime,level,tags

Environment Variables:
JAVA_HOME=C:\Program Files\Java\jdk-18.0.1
PATH=C:\flutter\bin;C:\Program Files\Common Files\Oracle\Java\javapath;C:\Program Files (x86)\Common Files\Oracle\Java\javapath;C:\WINDOWS\system32;C:\WINDOWS;C:\WINDOWS\System32\Wbem;C:\WINDOWS\System32\WindowsPowerShell\v1.0\;C:\WINDOWS\System32\OpenSSH\;C:\Program Files\dotnet\;C:\Program Files\Git\cmd;C:\ProgramData\chocolatey\bin;C:\Program Files\NVIDIA Corporation\NVIDIA NvDLISR;C:\Program Files (x86)\NVIDIA Corporation\PhysX\Common;C:\WINDOWS\system32;C:\WINDOWS;C:\WINDOWS\System32\Wbem;C:\WINDOWS\System32\WindowsPowerShell\v1.0\;C:\WINDOWS\System32\OpenSSH\;C:\Program Files\Cloudflare\Cloudflare WARP\;C:\flutter\bin;C:\Users\nang2\AppData\Local\Microsoft\WindowsApps;C:\Users\nang2\AppData\Local\Programs\Microsoft VS Code\bin;C:\Users\nang2\AppData\Local\GitHubDesktop\bin;
USERNAME=asus
OS=Windows_NT
PROCESSOR_IDENTIFIER=AMD64 Family 23 Model 96 Stepping 1, AuthenticAMD
TMP=C:\Users\nang2\AppData\Local\Temp
TEMP=C:\Users\nang2\AppData\Local\Temp



Periodic native trim disabled

JNI global refs:
JNI global refs: 40, weak refs: 7

JNI global refs memory usage: 843, weak refs: 841

Process memory usage:
Resident Set Size: 284968K (1% of 16168500K total physical memory with 1598836K free physical memory)

OOME stack traces (most recent first):
Classloader memory used:
Loader org.gradle.internal.classloader.VisitableURLClassLoader                         : 3376K
Loader bootstrap                                                                       : 2407K
Loader org.gradle.initialization.MixInLegacyTypesClassLoader                           : 463K
Loader org.gradle.internal.classloader.VisitableURLClassLoader                         : 81091B
Loader jdk.internal.loader.ClassLoaders$PlatformClassLoader                            : 68576B
Loader jdk.internal.loader.ClassLoaders$AppClassLoader                                 : 28440B
Loader jdk.internal.reflect.DelegatingClassLoader                                      : 24511B
Loader org.gradle.groovy.scripts.internal.DefaultScriptCompilationHandler$ScriptClassLoader: 1611B
Loader groovy.lang.GroovyClassLoader$InnerLoader                                       : 999B
Loader org.codehaus.groovy.runtime.callsite.CallSiteClassLoader                        : 446B

Classes loaded by more than one classloader:
Class org.gradle.api.GradleException                                                  : loaded 3 times (x 80B)
Class org.gradle.util.GradleVersion                                                   : loaded 2 times (x 81B)
Class org.gradle.internal.classpath.ClassPath                                         : loaded 2 times (x 68B)
Class org.gradle.api.internal.classpath.DefaultModuleRegistry                         : loaded 2 times (x 84B)
Class org.gradle.internal.exceptions.NonGradleCauseExceptionsHolder                   : loaded 2 times (x 68B)
Class org.gradle.api.Action                                                           : loaded 2 times (x 68B)
Class org.gradle.api.internal.DefaultClassPathProvider                                : loaded 2 times (x 74B)
Class org.gradle.internal.installation.GradleInstallation$1                           : loaded 2 times (x 73B)
Class org.gradle.internal.exceptions.DefaultMultiCauseException                       : loaded 2 times (x 93B)
Class org.gradle.internal.time.MonotonicClock                                         : loaded 2 times (x 75B)
Class org.gradle.internal.classloader.FilteringClassLoader                            : loaded 2 times (x 103B)
Class org.gradle.internal.classpath.DefaultClassPath$ImmutableUniqueList$Builder      : loaded 2 times (x 73B)
Class org.gradle.internal.classloader.ClassLoaderVisitor                              : loaded 2 times (x 74B)
Class org.gradle.internal.time.DefaultCountdownTimer                                  : loaded 2 times (x 86B)
Class org.gradle.internal.service.DefaultServiceLocator                               : loaded 2 times (x 81B)
Class org.gradle.internal.service.UnknownServiceException                             : loaded 2 times (x 81B)
Class org.gradle.internal.classloader.DefaultClassLoaderFactory                       : loaded 2 times (x 80B)
Class org.gradle.internal.classloader.VisitableURLClassLoader$Spec                    : loaded 2 times (x 72B)
Class org.gradle.tooling.model.ProjectModel                                           : loaded 2 times (x 68B)
Class org.gradle.internal.installation.GradleInstallation                             : loaded 2 times (x 73B)
Class org.gradle.api.internal.classpath.ModuleRegistry                                : loaded 2 times (x 68B)
Class org.gradle.api.internal.ClassPathProvider                                       : loaded 2 times (x 68B)
Class org.gradle.internal.classloader.ClasspathUtil$1                                 : loaded 2 times (x 74B)
Class org.gradle.internal.classloader.ClassLoaderFactory                              : loaded 2 times (x 68B)
Class org.gradle.api.internal.classpath.ManifestUtil                                  : loaded 2 times (x 69B)
Class org.gradle.api.specs.Spec                                                       : loaded 2 times (x 68B)
Class org.gradle.internal.IoActions                                                   : loaded 2 times (x 69B)
Class org.gradle.api.internal.classpath.EffectiveClassPath                            : loaded 2 times (x 88B)
Class org.gradle.internal.exceptions.ResolutionProvider                               : loaded 2 times (x 68B)
Class org.gradle.internal.installation.CurrentGradleInstallation                      : loaded 2 times (x 71B)
Class org.gradle.internal.agents.InstrumentingClassLoader                             : loaded 2 times (x 68B)
Class org.gradle.internal.installation.CurrentGradleInstallationLocator               : loaded 2 times (x 69B)
Class org.gradle.api.internal.classpath.Module                                        : loaded 2 times (x 68B)
Class org.gradle.internal.service.CachingServiceLocator                               : loaded 2 times (x 80B)
Class org.gradle.internal.time.Timer                                                  : loaded 2 times (x 68B)
Class org.gradle.internal.classpath.DefaultClassPath                                  : loaded 2 times (x 88B)
Class org.gradle.internal.time.Time                                                   : loaded 2 times (x 69B)
Class org.gradle.internal.time.TimeSource$1                                           : loaded 2 times (x 75B)
Class org.gradle.internal.classloader.SystemClassLoaderSpec                           : loaded 2 times (x 69B)
Class kotlin.Function                                                                 : loaded 2 times (x 68B)
Class org.gradle.api.UncheckedIOException                                             : loaded 2 times (x 80B)
Class org.gradle.internal.time.CountdownTimer                                         : loaded 2 times (x 68B)
Class org.gradle.internal.time.Clock                                                  : loaded 2 times (x 68B)
Class org.gradle.internal.classloader.ClasspathUtil                                   : loaded 2 times (x 69B)
Class org.gradle.api.internal.DefaultClassPathRegistry                                : loaded 2 times (x 74B)
Class org.gradle.api.internal.classpath.DefaultModuleRegistry$DefaultModule           : loaded 2 times (x 84B)
Class org.gradle.internal.time.TimeSource                                             : loaded 2 times (x 68B)
Class org.gradle.api.internal.classpath.UnknownModuleException                        : loaded 2 times (x 80B)
Class org.gradle.internal.service.ServiceLookupException                              : loaded 2 times (x 80B)
Class org.gradle.cache.GlobalCache                                                    : loaded 2 times (x 68B)
Class [Lorg.gradle.api.internal.ClassPathProvider;                                    : loaded 2 times (x 67B)
Class org.gradle.internal.operations.MultipleBuildOperationFailures                   : loaded 2 times (x 93B)
Class org.gradle.util.internal.GUtil                                                  : loaded 2 times (x 69B)
Class org.gradle.internal.classloader.ClassLoaderSpec                                 : loaded 2 times (x 69B)
Class org.gradle.internal.classloader.VisitableURLClassLoader                         : loaded 2 times (x 115B)
Class org.gradle.internal.Cast                                                        : loaded 2 times (x 69B)
Class org.gradle.api.internal.ClassPathRegistry                                       : loaded 2 times (x 68B)
Class org.gradle.internal.classloader.VisitableURLClassLoader$InstrumentingVisitableURLClassLoader: loaded 2 times (x 121B)
Class org.gradle.internal.classloader.ClassLoaderHierarchy                            : loaded 2 times (x 68B)
Class org.gradle.internal.exceptions.MultiCauseException                              : loaded 2 times (x 68B)
Class org.gradle.internal.InternalTransformer                                         : loaded 2 times (x 68B)
Class org.gradle.internal.service.ServiceLocator                                      : loaded 2 times (x 68B)
Class org.gradle.internal.classpath.DefaultClassPath$ImmutableUniqueList              : loaded 2 times (x 159B)
Class org.gradle.internal.time.DefaultTimer                                           : loaded 2 times (x 78B)
Class org.gradle.internal.classpath.TransformedClassPath                              : loaded 2 times (x 94B)


---------------  S Y S T E M  ---------------

OS:
 Windows 11 , 64 bit Build 26100 (10.0.26100.2200)
OS uptime: 0 days 10:11 hours

CPU: total 16 (initial active 16) (16 cores per cpu, 2 threads per core) family 23 model 96 stepping 1 microcode 0x8600104, cx8, cmov, fxsr, ht, mmx, 3dnowpref, sse, sse2, sse3, ssse3, sse4a, sse4.1, sse4.2, popcnt, lzcnt, tsc, tscinvbit, avx, avx2, aes, clmul, bmi1, bmi2, adx, sha, fma, vzeroupper, clflush, clflushopt
Processor Information for all 16 processors :
  Max Mhz: 2900, Current Mhz: 2900, Mhz Limit: 2900

Memory: 4k page, system-wide physical 15789M (1562M free)
TotalPageFile size 23981M (AvailPageFile size 50M)
current process WorkingSet (physical memory assigned to process): 281M, peak: 281M
current process commit charge ("private bytes"): 323M, peak: 409M

vm_info: OpenJDK 64-Bit Server VM (17.0.11+0--11852314) for windows-amd64 JRE (17.0.11+0--11852314), built on May 16 2024 21:29:20 by "androidbuild" with MS VC++ 16.10 / 16.11 (VS2019)

END.
