#
# There is insufficient memory for the Java Runtime Environment to continue.
# Native memory allocation (malloc) failed to allocate 1116384 bytes. Error detail: Chunk::new
# Possible reasons:
#   The system is out of physical RAM or swap space
#   This process is running with CompressedOops enabled, and the Java Heap may be blocking the growth of the native heap
# Possible solutions:
#   Reduce memory load on the system
#   Increase physical memory or swap space
#   Check if swap backing store is full
#   Decrease Java heap size (-Xmx/-Xms)
#   Decrease number of Java threads
#   Decrease Java thread stack sizes (-Xss)
#   Set larger code cache with -XX:ReservedCodeCacheSize=
#   JVM is running with Unscaled Compressed Oops mode in which the Java heap is
#     placed in the first 4GB address space. The Java Heap base address is the
#     maximum limit for the native heap growth. Please use -XX:HeapBaseMinAddress
#     to set the Java Heap base and to place the Java Heap above 4GB virtual address.
# This output file may be truncated or incomplete.
#
#  Out of Memory Error (arena.cpp:191), pid=18668, tid=18600
#
# JRE version: OpenJDK Runtime Environment (17.0.11) (build 17.0.11+0--11852314)
# Java VM: OpenJDK 64-Bit Server VM (17.0.11+0--11852314, mixed mode, tiered, compressed oops, compressed class ptrs, g1 gc, windows-amd64)
# No core dump will be written. Minidumps are not enabled by default on client versions of Windows
#

---------------  S U M M A R Y ------------

Command Line: --add-opens=java.base/java.util=ALL-UNNAMED --add-opens=java.base/java.lang=ALL-UNNAMED --add-opens=java.base/java.lang.invoke=ALL-UNNAMED --add-opens=java.prefs/java.util.prefs=ALL-UNNAMED --add-opens=java.base/java.nio.charset=ALL-UNNAMED --add-opens=java.base/java.net=ALL-UNNAMED --add-opens=java.base/java.util.concurrent.atomic=ALL-UNNAMED -Xmx2048m -Dfile.encoding=UTF-8 -Duser.country=GB -Duser.language=en -Duser.variant -javaagent:C:\Users\nang2\.gradle\wrapper\dists\gradle-8.5-rc-1-bin\n9822e4gfwbu0cck2r2xppx\gradle-8.5-rc-1\lib\agents\gradle-instrumentation-agent-8.5.jar org.gradle.launcher.daemon.bootstrap.GradleDaemon 8.5-rc-1

Host: AMD Ryzen 7 4800H with Radeon Graphics         , 16 cores, 15G,  Windows 11 , 64 bit Build 26100 (10.0.26100.2200)
Time: Sat Nov  2 16:06:17 2024 SE Asia Standard Time elapsed time: 10.293177 seconds (0d 0h 0m 10s)

---------------  T H R E A D  ---------------

Current thread (0x00000228610cf680):  JavaThread "C2 CompilerThread0" daemon [_thread_in_native, id=18600, stack(0x000000ab49a00000,0x000000ab49b00000)]


Current CompileTask:
C2:  10293 5725 %     4       org.objectweb.asm.ClassReader::readCode @ 2186 (5117 bytes)

Stack: [0x000000ab49a00000,0x000000ab49b00000]
Native frames: (J=compiled Java code, j=interpreted, Vv=VM code, C=native code)
V  [jvm.dll+0x687bb9]
V  [jvm.dll+0x84142a]
V  [jvm.dll+0x8430ae]
V  [jvm.dll+0x843713]
V  [jvm.dll+0x24a35f]
V  [jvm.dll+0xac544]
V  [jvm.dll+0xacb8c]
V  [jvm.dll+0x369c37]
V  [jvm.dll+0x33416a]
V  [jvm.dll+0x33360a]
V  [jvm.dll+0x21bed1]
V  [jvm.dll+0x21b311]
V  [jvm.dll+0x1a63ed]
V  [jvm.dll+0x22b1ee]
V  [jvm.dll+0x229375]
V  [jvm.dll+0x7f5647]
V  [jvm.dll+0x7efa4a]
V  [jvm.dll+0x686a35]
C  [ucrtbase.dll+0x14ea0]
C  [KERNEL32.DLL+0x2dbe7]
C  [ntdll.dll+0xdfbec]


---------------  P R O C E S S  ---------------

Threads class SMR info:
_java_thread_list=0x000002286654d830, length=55, elements={
0x0000022845d2a2a0, 0x0000022861097010, 0x00000228610989e0, 0x00000228610c8c30,
0x00000228610c95f0, 0x00000228610cdfd0, 0x00000228610ce990, 0x00000228610cf680,
0x00000228610d0130, 0x00000228610fdac0, 0x00000228610ff0b0, 0x00000228615c6450,
0x00000228615997a0, 0x0000022868663440, 0x0000022866cce980, 0x0000022866ff5550,
0x0000022867c998f0, 0x000002286791c7e0, 0x0000022867d0a6e0, 0x0000022866d2c9f0,
0x000002286818a960, 0x00000228662dddc0, 0x00000228662dc980, 0x00000228662df200,
0x00000228662df710, 0x00000228662decf0, 0x0000022866bb2050, 0x00000228662dfc20,
0x00000228662e0130, 0x00000228662dd3a0, 0x000002286871d770, 0x000002286871f5d0,
0x000002286871ebb0, 0x000002286871cd50, 0x000002286871c330, 0x000002286871be20,
0x000002286871c840, 0x000002286871fae0, 0x000002286871f0c0, 0x000002286871fff0,
0x0000022868720a10, 0x0000022868720500, 0x000002286871d260, 0x0000022868720f20,
0x0000022868721430, 0x000002286871dc80, 0x0000022868721940, 0x000002286871e190,
0x0000022868721e50, 0x000002286871e6a0, 0x0000022868722d80, 0x0000022866bb3040,
0x0000022866bb15b0, 0x0000022866bb3ae0, 0x000002286b349170
}

Java Threads: ( => current thread )
  0x0000022845d2a2a0 JavaThread "main" [_thread_blocked, id=18328, stack(0x000000ab48d00000,0x000000ab48e00000)]
  0x0000022861097010 JavaThread "Reference Handler" daemon [_thread_blocked, id=20228, stack(0x000000ab49400000,0x000000ab49500000)]
  0x00000228610989e0 JavaThread "Finalizer" daemon [_thread_blocked, id=21740, stack(0x000000ab49500000,0x000000ab49600000)]
  0x00000228610c8c30 JavaThread "Signal Dispatcher" daemon [_thread_blocked, id=19652, stack(0x000000ab49600000,0x000000ab49700000)]
  0x00000228610c95f0 JavaThread "Attach Listener" daemon [_thread_blocked, id=14556, stack(0x000000ab49700000,0x000000ab49800000)]
  0x00000228610cdfd0 JavaThread "Service Thread" daemon [_thread_blocked, id=18416, stack(0x000000ab49800000,0x000000ab49900000)]
  0x00000228610ce990 JavaThread "Monitor Deflation Thread" daemon [_thread_blocked, id=10132, stack(0x000000ab49900000,0x000000ab49a00000)]
=>0x00000228610cf680 JavaThread "C2 CompilerThread0" daemon [_thread_in_native, id=18600, stack(0x000000ab49a00000,0x000000ab49b00000)]
  0x00000228610d0130 JavaThread "C1 CompilerThread0" daemon [_thread_blocked, id=5428, stack(0x000000ab49b00000,0x000000ab49c00000)]
  0x00000228610fdac0 JavaThread "Sweeper thread" daemon [_thread_blocked, id=17132, stack(0x000000ab49c00000,0x000000ab49d00000)]
  0x00000228610ff0b0 JavaThread "Common-Cleaner" daemon [_thread_blocked, id=20012, stack(0x000000ab49d00000,0x000000ab49e00000)]
  0x00000228615c6450 JavaThread "Notification Thread" daemon [_thread_blocked, id=13924, stack(0x000000ab4a000000,0x000000ab4a100000)]
  0x00000228615997a0 JavaThread "C2 CompilerThread1" daemon [_thread_in_native, id=19564, stack(0x000000ab4a200000,0x000000ab4a300000)]
  0x0000022868663440 JavaThread "Daemon health stats" [_thread_blocked, id=17004, stack(0x000000ab4a400000,0x000000ab4a500000)]
  0x0000022866cce980 JavaThread "Incoming local TCP Connector on port 56579" [_thread_in_native, id=18484, stack(0x000000ab4a300000,0x000000ab4a400000)]
  0x0000022866ff5550 JavaThread "Daemon periodic checks" [_thread_blocked, id=15484, stack(0x000000ab4aa00000,0x000000ab4ab00000)]
  0x0000022867c998f0 JavaThread "Daemon" [_thread_blocked, id=16668, stack(0x000000ab4ab00000,0x000000ab4ac00000)]
  0x000002286791c7e0 JavaThread "Handler for socket connection from /127.0.0.1:56579 to /127.0.0.1:56580" [_thread_in_native, id=23076, stack(0x000000ab4ac00000,0x000000ab4ad00000)]
  0x0000022867d0a6e0 JavaThread "Cancel handler" [_thread_blocked, id=19856, stack(0x000000ab4ad00000,0x000000ab4ae00000)]
  0x0000022866d2c9f0 JavaThread "Daemon worker" [_thread_blocked, id=14016, stack(0x000000ab4ae00000,0x000000ab4af00000)]
  0x000002286818a960 JavaThread "Asynchronous log dispatcher for DefaultDaemonConnection: socket connection from /127.0.0.1:56579 to /127.0.0.1:56580" [_thread_blocked, id=17928, stack(0x000000ab4af00000,0x000000ab4b000000)]
  0x00000228662dddc0 JavaThread "Stdin handler" [_thread_blocked, id=15036, stack(0x000000ab4b000000,0x000000ab4b100000)]
  0x00000228662dc980 JavaThread "Daemon client event forwarder" [_thread_blocked, id=16276, stack(0x000000ab4b100000,0x000000ab4b200000)]
  0x00000228662df200 JavaThread "Cache worker for journal cache (C:\Users\nang2\.gradle\caches\journal-1)" [_thread_blocked, id=10152, stack(0x000000ab4bc00000,0x000000ab4bd00000)]
  0x00000228662df710 JavaThread "File lock request listener" [_thread_in_native, id=7832, stack(0x000000ab4bd00000,0x000000ab4be00000)]
  0x00000228662decf0 JavaThread "Cache worker for file hash cache (C:\Users\nang2\.gradle\caches\8.5-rc-1\fileHashes)" [_thread_blocked, id=7432, stack(0x000000ab4be00000,0x000000ab4bf00000)]
  0x0000022866bb2050 JavaThread "C2 CompilerThread2" daemon [_thread_blocked, id=3112, stack(0x000000ab4bf00000,0x000000ab4c000000)]
  0x00000228662dfc20 JavaThread "File watcher server" daemon [_thread_in_native, id=20896, stack(0x000000ab4c100000,0x000000ab4c200000)]
  0x00000228662e0130 JavaThread "File watcher consumer" daemon [_thread_blocked, id=11552, stack(0x000000ab4c200000,0x000000ab4c300000)]
  0x00000228662dd3a0 JavaThread "jar transforms" [_thread_blocked, id=16488, stack(0x000000ab4c300000,0x000000ab4c400000)]
  0x000002286871d770 JavaThread "jar transforms Thread 2" [_thread_blocked, id=16244, stack(0x000000ab4c400000,0x000000ab4c500000)]
  0x000002286871f5d0 JavaThread "jar transforms Thread 3" [_thread_blocked, id=7712, stack(0x000000ab4c500000,0x000000ab4c600000)]
  0x000002286871ebb0 JavaThread "jar transforms Thread 4" [_thread_blocked, id=6268, stack(0x000000ab4c600000,0x000000ab4c700000)]
  0x000002286871cd50 JavaThread "jar transforms Thread 5" [_thread_blocked, id=10712, stack(0x000000ab4c700000,0x000000ab4c800000)]
  0x000002286871c330 JavaThread "jar transforms Thread 6" [_thread_blocked, id=6372, stack(0x000000ab4c800000,0x000000ab4c900000)]
  0x000002286871be20 JavaThread "jar transforms Thread 7" [_thread_blocked, id=17492, stack(0x000000ab4c900000,0x000000ab4ca00000)]
  0x000002286871c840 JavaThread "jar transforms Thread 8" [_thread_blocked, id=8812, stack(0x000000ab4ca00000,0x000000ab4cb00000)]
  0x000002286871fae0 JavaThread "jar transforms Thread 9" [_thread_blocked, id=21624, stack(0x000000ab4cb00000,0x000000ab4cc00000)]
  0x000002286871f0c0 JavaThread "jar transforms Thread 10" [_thread_blocked, id=5200, stack(0x000000ab4cc00000,0x000000ab4cd00000)]
  0x000002286871fff0 JavaThread "jar transforms Thread 11" [_thread_blocked, id=1792, stack(0x000000ab4cd00000,0x000000ab4ce00000)]
  0x0000022868720a10 JavaThread "jar transforms Thread 12" [_thread_blocked, id=21916, stack(0x000000ab4ce00000,0x000000ab4cf00000)]
  0x0000022868720500 JavaThread "jar transforms Thread 13" [_thread_blocked, id=19160, stack(0x000000ab4cf00000,0x000000ab4d000000)]
  0x000002286871d260 JavaThread "jar transforms Thread 14" [_thread_blocked, id=2976, stack(0x000000ab4d000000,0x000000ab4d100000)]
  0x0000022868720f20 JavaThread "jar transforms Thread 15" [_thread_blocked, id=19364, stack(0x000000ab4d100000,0x000000ab4d200000)]
  0x0000022868721430 JavaThread "jar transforms Thread 16" [_thread_blocked, id=14836, stack(0x000000ab4d200000,0x000000ab4d300000)]
  0x000002286871dc80 JavaThread "Cache worker for checksums cache (D:\TOTNGHIEP\New folder\Money_Manager\.gradle\8.5-rc-1\checksums)" [_thread_blocked, id=13260, stack(0x000000ab4d400000,0x000000ab4d500000)]
  0x0000022868721940 JavaThread "Cache worker for file hash cache (D:\TOTNGHIEP\New folder\Money_Manager\.gradle\8.5-rc-1\fileHashes)" [_thread_blocked, id=17156, stack(0x000000ab4d300000,0x000000ab4d400000)]
  0x000002286871e190 JavaThread "Cache worker for cache directory md-supplier (C:\Users\nang2\.gradle\caches\8.5-rc-1\md-supplier)" [_thread_blocked, id=15148, stack(0x000000ab4d500000,0x000000ab4d600000)]
  0x0000022868721e50 JavaThread "Cache worker for cache directory md-rule (C:\Users\nang2\.gradle\caches\8.5-rc-1\md-rule)" [_thread_blocked, id=14516, stack(0x000000ab4d600000,0x000000ab4d700000)]
  0x000002286871e6a0 JavaThread "Cache worker for file content cache (C:\Users\nang2\.gradle\caches\8.5-rc-1\fileContent)" [_thread_blocked, id=7592, stack(0x000000ab4d700000,0x000000ab4d800000)]
  0x0000022868722d80 JavaThread "Cache worker for execution history cache (C:\Users\nang2\.gradle\caches\8.5-rc-1\executionHistory)" [_thread_blocked, id=9008, stack(0x000000ab4d800000,0x000000ab4d900000)]
  0x0000022866bb3040 JavaThread "C2 CompilerThread3" daemon [_thread_in_native, id=14972, stack(0x000000ab4c000000,0x000000ab4c100000)]
  0x0000022866bb15b0 JavaThread "C2 CompilerThread4" daemon [_thread_blocked, id=20364, stack(0x000000ab4d900000,0x000000ab4da00000)]
  0x0000022866bb3ae0 JavaThread "C2 CompilerThread5" daemon [_thread_in_native, id=2496, stack(0x000000ab4da00000,0x000000ab4db00000)]
  0x000002286b349170 JavaThread "C2 CompilerThread6" daemon [_thread_in_native, id=18924, stack(0x000000ab4db00000,0x000000ab4dc00000)]

Other Threads:
  0x0000022860edec80 VMThread "VM Thread" [stack: 0x000000ab49300000,0x000000ab49400000] [id=23500]
  0x00000228613e8c00 WatcherThread [stack: 0x000000ab4a100000,0x000000ab4a200000] [id=17644]
  0x0000022845d89a40 GCTaskThread "GC Thread#0" [stack: 0x000000ab48e00000,0x000000ab48f00000] [id=8132]
  0x0000022866bb6960 GCTaskThread "GC Thread#1" [stack: 0x000000ab4a600000,0x000000ab4a700000] [id=10716]
  0x0000022866bb6c20 GCTaskThread "GC Thread#2" [stack: 0x000000ab4a700000,0x000000ab4a800000] [id=4792]
  0x0000022866bb6120 GCTaskThread "GC Thread#3" [stack: 0x000000ab4a800000,0x000000ab4a900000] [id=5384]
  0x0000022866bb7720 GCTaskThread "GC Thread#4" [stack: 0x000000ab4a900000,0x000000ab4aa00000] [id=7632]
  0x0000022866bb79e0 GCTaskThread "GC Thread#5" [stack: 0x000000ab4b200000,0x000000ab4b300000] [id=19144]
  0x0000022866bb7460 GCTaskThread "GC Thread#6" [stack: 0x000000ab4b300000,0x000000ab4b400000] [id=18400]
  0x0000022866bb63e0 GCTaskThread "GC Thread#7" [stack: 0x000000ab4b400000,0x000000ab4b500000] [id=1832]
  0x0000022866bb5e60 GCTaskThread "GC Thread#8" [stack: 0x000000ab4b500000,0x000000ab4b600000] [id=22596]
  0x0000022861bc8ed0 GCTaskThread "GC Thread#9" [stack: 0x000000ab4b600000,0x000000ab4b700000] [id=23040]
  0x0000022861bc78d0 GCTaskThread "GC Thread#10" [stack: 0x000000ab4b700000,0x000000ab4b800000] [id=5036]
  0x0000022861bc7350 GCTaskThread "GC Thread#11" [stack: 0x000000ab4b800000,0x000000ab4b900000] [id=19200]
  0x0000022861bc9c90 GCTaskThread "GC Thread#12" [stack: 0x000000ab4b900000,0x000000ab4ba00000] [id=20620]
  0x0000022845d9a990 ConcurrentGCThread "G1 Main Marker" [stack: 0x000000ab48f00000,0x000000ab49000000] [id=20840]
  0x0000022845d9c080 ConcurrentGCThread "G1 Conc#0" [stack: 0x000000ab49000000,0x000000ab49100000] [id=18660]
  0x0000022861bcb0a0 ConcurrentGCThread "G1 Conc#1" [stack: 0x000000ab4ba00000,0x000000ab4bb00000] [id=18080]
  0x0000022861bcb360 ConcurrentGCThread "G1 Conc#2" [stack: 0x000000ab4bb00000,0x000000ab4bc00000] [id=20124]
  0x0000022845ddebf0 ConcurrentGCThread "G1 Refine#0" [stack: 0x000000ab49100000,0x000000ab49200000] [id=23184]
  0x0000022860d97450 ConcurrentGCThread "G1 Service" [stack: 0x000000ab49200000,0x000000ab49300000] [id=9504]

Threads with active compile tasks:
C2 CompilerThread0    12328 5725 %     4       org.objectweb.asm.ClassReader::readCode @ 2186 (5117 bytes)
C1 CompilerThread0    12328 5907       3       org.apache.commons.compress.archivers.zip.ZipArchiveOutputStream::closeArchiveEntry (85 bytes)
C2 CompilerThread1    12328 5308   !   4       java.net.URLClassLoader::findClass (47 bytes)
C2 CompilerThread2    12328 5652       4       org.gradle.internal.io.IoSupplier$$Lambda$497/0x000000010053fa38::get (8 bytes)
C2 CompilerThread3    12328 5318       4       java.net.URLClassLoader$1::run (5 bytes)
C2 CompilerThread4    12328 5687       4       org.gradle.api.internal.changedetection.state.FallbackHandlingResourceHasher::hash (50 bytes)
C2 CompilerThread5    12328 5319   !   4       java.net.URLClassLoader$1::run (81 bytes)
C2 CompilerThread6    12328 5781       4       org.objectweb.asm.SymbolTable::addConstantMemberReference (147 bytes)

VM state: at safepoint (normal execution)

VM Mutex/Monitor currently owned by a thread:  ([mutex/lock_event])
[0x0000022844432380] Threads_lock - owner thread: 0x0000022860edec80
[0x0000022845d298a0] Heap_lock - owner thread: 0x000002286871fff0
[0x0000022845d28730] CompileThread_lock - owner thread: 0x00000228610d0130

Heap address: 0x0000000080000000, size: 2048 MB, Compressed Oops mode: 32-bit

CDS archive(s) not mapped
Compressed class space mapped at: 0x0000000100000000-0x0000000140000000, reserved size: 1073741824
Narrow klass base: 0x0000000000000000, Narrow klass shift: 3, Narrow klass range: 0x140000000

GC Precious Log:
 CPUs: 16 total, 16 available
 Memory: 15789M
 Large Page Support: Disabled
 NUMA Support: Disabled
 Compressed Oops: Enabled (32-bit)
 Heap Region Size: 1M
 Heap Min Capacity: 8M
 Heap Initial Capacity: 248M
 Heap Max Capacity: 2G
 Pre-touch: Disabled
 Parallel Workers: 13
 Concurrent Workers: 3
 Concurrent Refinement Workers: 13
 Periodic GC: Disabled

Heap:
 garbage-first heap   total 114688K, used 56653K [0x0000000080000000, 0x0000000100000000)
  region size 1024K, 4 young (4096K), 4 survivors (4096K)
 Metaspace       used 54740K, committed 55104K, reserved 1114112K
  class space    used 7295K, committed 7488K, reserved 1048576K

Heap Regions: E=young(eden), S=young(survivor), O=old, HS=humongous(starts), HC=humongous(continues), CS=collection set, F=free, OA=open archive, CA=closed archive, TAMS=top-at-mark-start (previous, next)
|   0|0x0000000080000000, 0x0000000080100000, 0x0000000080100000|100%|HS|  |TAMS 0x0000000080100000, 0x0000000080100000| Complete 
|   1|0x0000000080100000, 0x0000000080200000, 0x0000000080200000|100%|HC|  |TAMS 0x0000000080200000, 0x0000000080200000| Complete 
|   2|0x0000000080200000, 0x0000000080300000, 0x0000000080300000|100%|HC|  |TAMS 0x0000000080300000, 0x0000000080300000| Complete 
|   3|0x0000000080300000, 0x0000000080400000, 0x0000000080400000|100%|HC|  |TAMS 0x0000000080400000, 0x0000000080400000| Complete 
|   4|0x0000000080400000, 0x0000000080500000, 0x0000000080500000|100%| O|  |TAMS 0x0000000080500000, 0x0000000080500000| Untracked 
|   5|0x0000000080500000, 0x0000000080600000, 0x0000000080600000|100%| O|  |TAMS 0x0000000080600000, 0x0000000080600000| Untracked 
|   6|0x0000000080600000, 0x0000000080700000, 0x0000000080700000|100%| O|  |TAMS 0x0000000080700000, 0x0000000080700000| Untracked 
|   7|0x0000000080700000, 0x0000000080800000, 0x0000000080800000|100%| O|  |TAMS 0x0000000080800000, 0x0000000080800000| Untracked 
|   8|0x0000000080800000, 0x0000000080900000, 0x0000000080900000|100%| O|  |TAMS 0x0000000080900000, 0x0000000080900000| Untracked 
|   9|0x0000000080900000, 0x0000000080a00000, 0x0000000080a00000|100%| O|  |TAMS 0x0000000080a00000, 0x0000000080a00000| Untracked 
|  10|0x0000000080a00000, 0x0000000080a1ba00, 0x0000000080b00000| 10%| O|  |TAMS 0x0000000080a1ba00, 0x0000000080a1ba00| Untracked 
|  11|0x0000000080b00000, 0x0000000080c00000, 0x0000000080c00000|100%| O|  |TAMS 0x0000000080c00000, 0x0000000080c00000| Untracked 
|  12|0x0000000080c00000, 0x0000000080d00000, 0x0000000080d00000|100%| O|  |TAMS 0x0000000080d00000, 0x0000000080d00000| Untracked 
|  13|0x0000000080d00000, 0x0000000080e00000, 0x0000000080e00000|100%| O|  |TAMS 0x0000000080e00000, 0x0000000080e00000| Untracked 
|  14|0x0000000080e00000, 0x0000000080f00000, 0x0000000080f00000|100%| O|  |TAMS 0x0000000080f00000, 0x0000000080f00000| Untracked 
|  15|0x0000000080f00000, 0x0000000081000000, 0x0000000081000000|100%| O|  |TAMS 0x0000000081000000, 0x0000000081000000| Untracked 
|  16|0x0000000081000000, 0x0000000081100000, 0x0000000081100000|100%| O|  |TAMS 0x0000000081100000, 0x0000000081100000| Untracked 
|  17|0x0000000081100000, 0x0000000081200000, 0x0000000081200000|100%| O|  |TAMS 0x0000000081200000, 0x0000000081200000| Untracked 
|  18|0x0000000081200000, 0x0000000081300000, 0x0000000081300000|100%| O|  |TAMS 0x0000000081300000, 0x0000000081300000| Untracked 
|  19|0x0000000081300000, 0x0000000081400000, 0x0000000081400000|100%| O|  |TAMS 0x0000000081400000, 0x0000000081400000| Untracked 
|  20|0x0000000081400000, 0x0000000081500000, 0x0000000081500000|100%|HS|  |TAMS 0x0000000081500000, 0x0000000081500000| Complete 
|  21|0x0000000081500000, 0x0000000081600000, 0x0000000081600000|100%|HC|  |TAMS 0x0000000081600000, 0x0000000081600000| Complete 
|  22|0x0000000081600000, 0x0000000081700000, 0x0000000081700000|100%|HC|  |TAMS 0x0000000081700000, 0x0000000081700000| Complete 
|  23|0x0000000081700000, 0x0000000081800000, 0x0000000081800000|100%|HC|  |TAMS 0x0000000081800000, 0x0000000081800000| Complete 
|  24|0x0000000081800000, 0x0000000081900000, 0x0000000081900000|100%|HC|  |TAMS 0x0000000081900000, 0x0000000081900000| Complete 
|  25|0x0000000081900000, 0x0000000081a00000, 0x0000000081a00000|100%|HS|  |TAMS 0x0000000081a00000, 0x0000000081a00000| Complete 
|  26|0x0000000081a00000, 0x0000000081b00000, 0x0000000081b00000|100%|HC|  |TAMS 0x0000000081b00000, 0x0000000081b00000| Complete 
|  27|0x0000000081b00000, 0x0000000081c00000, 0x0000000081c00000|100%|HC|  |TAMS 0x0000000081c00000, 0x0000000081c00000| Complete 
|  28|0x0000000081c00000, 0x0000000081d00000, 0x0000000081d00000|100%|HS|  |TAMS 0x0000000081d00000, 0x0000000081d00000| Complete 
|  29|0x0000000081d00000, 0x0000000081e00000, 0x0000000081e00000|100%|HC|  |TAMS 0x0000000081e00000, 0x0000000081e00000| Complete 
|  30|0x0000000081e00000, 0x0000000081f00000, 0x0000000081f00000|100%|HC|  |TAMS 0x0000000081f00000, 0x0000000081f00000| Complete 
|  31|0x0000000081f00000, 0x0000000082000000, 0x0000000082000000|100%| O|  |TAMS 0x0000000082000000, 0x0000000082000000| Untracked 
|  32|0x0000000082000000, 0x0000000082100000, 0x0000000082100000|100%| O|  |TAMS 0x0000000082100000, 0x0000000082100000| Untracked 
|  33|0x0000000082100000, 0x0000000082200000, 0x0000000082200000|100%|HS|  |TAMS 0x0000000082200000, 0x0000000082200000| Complete 
|  34|0x0000000082200000, 0x0000000082300000, 0x0000000082300000|100%| O|  |TAMS 0x0000000082300000, 0x0000000082300000| Untracked 
|  35|0x0000000082300000, 0x0000000082400000, 0x0000000082400000|100%| O|  |TAMS 0x0000000082400000, 0x0000000082400000| Untracked 
|  36|0x0000000082400000, 0x0000000082500000, 0x0000000082500000|100%| O|  |TAMS 0x0000000082500000, 0x0000000082500000| Untracked 
|  37|0x0000000082500000, 0x0000000082600000, 0x0000000082600000|100%| O|  |TAMS 0x0000000082600000, 0x0000000082600000| Untracked 
|  38|0x0000000082600000, 0x0000000082700000, 0x0000000082700000|100%| O|  |TAMS 0x0000000082700000, 0x0000000082700000| Untracked 
|  39|0x0000000082700000, 0x0000000082800000, 0x0000000082800000|100%| O|  |TAMS 0x0000000082800000, 0x0000000082800000| Untracked 
|  40|0x0000000082800000, 0x0000000082900000, 0x0000000082900000|100%| O|  |TAMS 0x0000000082900000, 0x0000000082900000| Untracked 
|  41|0x0000000082900000, 0x0000000082a00000, 0x0000000082a00000|100%| O|  |TAMS 0x0000000082a00000, 0x0000000082a00000| Untracked 
|  42|0x0000000082a00000, 0x0000000082b00000, 0x0000000082b00000|100%| O|  |TAMS 0x0000000082b00000, 0x0000000082b00000| Untracked 
|  43|0x0000000082b00000, 0x0000000082c00000, 0x0000000082c00000|100%| O|  |TAMS 0x0000000082c00000, 0x0000000082c00000| Untracked 
|  44|0x0000000082c00000, 0x0000000082d00000, 0x0000000082d00000|100%| O|  |TAMS 0x0000000082d00000, 0x0000000082d00000| Untracked 
|  45|0x0000000082d00000, 0x0000000082e00000, 0x0000000082e00000|100%| O|  |TAMS 0x0000000082e00000, 0x0000000082e00000| Untracked 
|  46|0x0000000082e00000, 0x0000000082f00000, 0x0000000082f00000|100%| O|  |TAMS 0x0000000082f00000, 0x0000000082f00000| Untracked 
|  47|0x0000000082f00000, 0x0000000082f78000, 0x0000000083000000| 46%| O|  |TAMS 0x0000000082f78000, 0x0000000082f78000| Untracked 
|  48|0x0000000083000000, 0x0000000083100000, 0x0000000083100000|100%| O|  |TAMS 0x0000000083100000, 0x0000000083100000| Untracked 
|  49|0x0000000083100000, 0x0000000083200000, 0x0000000083200000|100%| O|  |TAMS 0x0000000083200000, 0x0000000083200000| Untracked 
|  50|0x0000000083200000, 0x0000000083300000, 0x0000000083300000|100%|HS|  |TAMS 0x0000000083300000, 0x0000000083300000| Complete 
|  51|0x0000000083300000, 0x0000000083400000, 0x0000000083400000|100%|HC|  |TAMS 0x0000000083400000, 0x0000000083400000| Complete 
|  52|0x0000000083400000, 0x0000000083500000, 0x0000000083500000|100%|HC|  |TAMS 0x0000000083500000, 0x0000000083500000| Complete 
|  53|0x0000000083500000, 0x0000000083500000, 0x0000000083600000|  0%| F|  |TAMS 0x0000000083500000, 0x0000000083500000| Untracked 
|  54|0x0000000083600000, 0x0000000083600000, 0x0000000083700000|  0%| F|  |TAMS 0x0000000083600000, 0x0000000083600000| Untracked 
|  55|0x0000000083700000, 0x0000000083700000, 0x0000000083800000|  0%| F|  |TAMS 0x0000000083700000, 0x0000000083700000| Untracked 
|  56|0x0000000083800000, 0x0000000083800000, 0x0000000083900000|  0%| F|  |TAMS 0x0000000083800000, 0x0000000083800000| Untracked 
|  57|0x0000000083900000, 0x0000000083900000, 0x0000000083a00000|  0%| F|  |TAMS 0x0000000083900000, 0x0000000083900000| Untracked 
|  58|0x0000000083a00000, 0x0000000083a00000, 0x0000000083b00000|  0%| F|  |TAMS 0x0000000083a00000, 0x0000000083a00000| Untracked 
|  59|0x0000000083b00000, 0x0000000083b00000, 0x0000000083c00000|  0%| F|  |TAMS 0x0000000083b00000, 0x0000000083b00000| Untracked 
|  60|0x0000000083c00000, 0x0000000083c00000, 0x0000000083d00000|  0%| F|  |TAMS 0x0000000083c00000, 0x0000000083c00000| Untracked 
|  61|0x0000000083d00000, 0x0000000083d00000, 0x0000000083e00000|  0%| F|  |TAMS 0x0000000083d00000, 0x0000000083d00000| Untracked 
|  62|0x0000000083e00000, 0x0000000083e00000, 0x0000000083f00000|  0%| F|  |TAMS 0x0000000083e00000, 0x0000000083e00000| Untracked 
|  63|0x0000000083f00000, 0x0000000083f00000, 0x0000000084000000|  0%| F|  |TAMS 0x0000000083f00000, 0x0000000083f00000| Untracked 
|  64|0x0000000084000000, 0x0000000084000000, 0x0000000084100000|  0%| F|  |TAMS 0x0000000084000000, 0x0000000084000000| Untracked 
|  65|0x0000000084100000, 0x0000000084100000, 0x0000000084200000|  0%| F|  |TAMS 0x0000000084100000, 0x0000000084100000| Untracked 
|  66|0x0000000084200000, 0x0000000084200000, 0x0000000084300000|  0%| F|  |TAMS 0x0000000084200000, 0x0000000084200000| Untracked 
|  67|0x0000000084300000, 0x00000000843bfdc8, 0x0000000084400000| 74%| S|CS|TAMS 0x0000000084300000, 0x0000000084300000| Complete 
|  68|0x0000000084400000, 0x0000000084500000, 0x0000000084500000|100%| S|CS|TAMS 0x0000000084400000, 0x0000000084400000| Complete 
|  69|0x0000000084500000, 0x0000000084600000, 0x0000000084600000|100%| S|CS|TAMS 0x0000000084500000, 0x0000000084500000| Complete 
|  70|0x0000000084600000, 0x0000000084700000, 0x0000000084700000|100%| S|CS|TAMS 0x0000000084600000, 0x0000000084600000| Complete 
|  71|0x0000000084700000, 0x0000000084700000, 0x0000000084800000|  0%| F|  |TAMS 0x0000000084700000, 0x0000000084700000| Untracked 
|  72|0x0000000084800000, 0x0000000084800000, 0x0000000084900000|  0%| F|  |TAMS 0x0000000084800000, 0x0000000084800000| Untracked 
|  73|0x0000000084900000, 0x0000000084900000, 0x0000000084a00000|  0%| F|  |TAMS 0x0000000084900000, 0x0000000084900000| Untracked 
|  74|0x0000000084a00000, 0x0000000084a00000, 0x0000000084b00000|  0%| F|  |TAMS 0x0000000084a00000, 0x0000000084a00000| Untracked 
|  75|0x0000000084b00000, 0x0000000084b00000, 0x0000000084c00000|  0%| F|  |TAMS 0x0000000084b00000, 0x0000000084b00000| Untracked 
|  76|0x0000000084c00000, 0x0000000084c00000, 0x0000000084d00000|  0%| F|  |TAMS 0x0000000084c00000, 0x0000000084c00000| Untracked 
|  77|0x0000000084d00000, 0x0000000084d00000, 0x0000000084e00000|  0%| F|  |TAMS 0x0000000084d00000, 0x0000000084d00000| Untracked 
|  78|0x0000000084e00000, 0x0000000084e00000, 0x0000000084f00000|  0%| F|  |TAMS 0x0000000084e00000, 0x0000000084e00000| Untracked 
|  79|0x0000000084f00000, 0x0000000084f00000, 0x0000000085000000|  0%| F|  |TAMS 0x0000000084f00000, 0x0000000084f00000| Untracked 
|  80|0x0000000085000000, 0x0000000085000000, 0x0000000085100000|  0%| F|  |TAMS 0x0000000085000000, 0x0000000085000000| Untracked 
|  81|0x0000000085100000, 0x0000000085100000, 0x0000000085200000|  0%| F|  |TAMS 0x0000000085100000, 0x0000000085100000| Untracked 
|  82|0x0000000085200000, 0x0000000085200000, 0x0000000085300000|  0%| F|  |TAMS 0x0000000085200000, 0x0000000085200000| Untracked 
|  83|0x0000000085300000, 0x0000000085300000, 0x0000000085400000|  0%| F|  |TAMS 0x0000000085300000, 0x0000000085300000| Untracked 
|  84|0x0000000085400000, 0x0000000085400000, 0x0000000085500000|  0%| F|  |TAMS 0x0000000085400000, 0x0000000085400000| Untracked 
|  85|0x0000000085500000, 0x0000000085500000, 0x0000000085600000|  0%| F|  |TAMS 0x0000000085500000, 0x0000000085500000| Untracked 
|  86|0x0000000085600000, 0x0000000085600000, 0x0000000085700000|  0%| F|  |TAMS 0x0000000085600000, 0x0000000085600000| Untracked 
|  87|0x0000000085700000, 0x0000000085700000, 0x0000000085800000|  0%| F|  |TAMS 0x0000000085700000, 0x0000000085700000| Untracked 
|  88|0x0000000085800000, 0x0000000085800000, 0x0000000085900000|  0%| F|  |TAMS 0x0000000085800000, 0x0000000085800000| Untracked 
|  89|0x0000000085900000, 0x0000000085900000, 0x0000000085a00000|  0%| F|  |TAMS 0x0000000085900000, 0x0000000085900000| Untracked 
|  90|0x0000000085a00000, 0x0000000085a00000, 0x0000000085b00000|  0%| F|  |TAMS 0x0000000085a00000, 0x0000000085a00000| Untracked 
|  91|0x0000000085b00000, 0x0000000085b00000, 0x0000000085c00000|  0%| F|  |TAMS 0x0000000085b00000, 0x0000000085b00000| Untracked 
|  92|0x0000000085c00000, 0x0000000085c00000, 0x0000000085d00000|  0%| F|  |TAMS 0x0000000085c00000, 0x0000000085c00000| Untracked 
|  93|0x0000000085d00000, 0x0000000085d00000, 0x0000000085e00000|  0%| F|  |TAMS 0x0000000085d00000, 0x0000000085d00000| Untracked 
|  94|0x0000000085e00000, 0x0000000085e00000, 0x0000000085f00000|  0%| F|  |TAMS 0x0000000085e00000, 0x0000000085e00000| Untracked 
|  95|0x0000000085f00000, 0x0000000085f00000, 0x0000000086000000|  0%| F|  |TAMS 0x0000000085f00000, 0x0000000085f00000| Untracked 
|  96|0x0000000086000000, 0x0000000086000000, 0x0000000086100000|  0%| F|  |TAMS 0x0000000086000000, 0x0000000086000000| Untracked 
|  97|0x0000000086100000, 0x0000000086100000, 0x0000000086200000|  0%| F|  |TAMS 0x0000000086100000, 0x0000000086100000| Untracked 
|  98|0x0000000086200000, 0x0000000086200000, 0x0000000086300000|  0%| F|  |TAMS 0x0000000086200000, 0x0000000086200000| Untracked 
|  99|0x0000000086300000, 0x0000000086300000, 0x0000000086400000|  0%| F|  |TAMS 0x0000000086300000, 0x0000000086300000| Untracked 
| 100|0x0000000086400000, 0x0000000086400000, 0x0000000086500000|  0%| F|  |TAMS 0x0000000086400000, 0x0000000086400000| Untracked 
| 101|0x0000000086500000, 0x0000000086500000, 0x0000000086600000|  0%| F|  |TAMS 0x0000000086500000, 0x0000000086500000| Untracked 
| 186|0x000000008ba00000, 0x000000008ba00000, 0x000000008bb00000|  0%| F|  |TAMS 0x000000008ba00000, 0x000000008ba00000| Untracked 
| 187|0x000000008bb00000, 0x000000008bb00000, 0x000000008bc00000|  0%| F|  |TAMS 0x000000008bb00000, 0x000000008bb00000| Untracked 
| 188|0x000000008bc00000, 0x000000008bc00000, 0x000000008bd00000|  0%| F|  |TAMS 0x000000008bc00000, 0x000000008bc00000| Untracked 
| 189|0x000000008bd00000, 0x000000008bd00000, 0x000000008be00000|  0%| F|  |TAMS 0x000000008bd00000, 0x000000008bd00000| Untracked 
| 190|0x000000008be00000, 0x000000008be00000, 0x000000008bf00000|  0%| F|  |TAMS 0x000000008be00000, 0x000000008be00000| Untracked 
| 191|0x000000008bf00000, 0x000000008bf00000, 0x000000008c000000|  0%| F|  |TAMS 0x000000008bf00000, 0x000000008bf00000| Untracked 
| 192|0x000000008c000000, 0x000000008c000000, 0x000000008c100000|  0%| F|  |TAMS 0x000000008c000000, 0x000000008c000000| Untracked 
| 193|0x000000008c100000, 0x000000008c100000, 0x000000008c200000|  0%| F|  |TAMS 0x000000008c100000, 0x000000008c100000| Untracked 
| 194|0x000000008c200000, 0x000000008c200000, 0x000000008c300000|  0%| F|  |TAMS 0x000000008c200000, 0x000000008c200000| Untracked 
| 247|0x000000008f700000, 0x000000008f700000, 0x000000008f800000|  0%| F|  |TAMS 0x000000008f700000, 0x000000008f700000| Untracked 

Card table byte_map: [0x0000022859610000,0x0000022859a10000] _byte_map_base: 0x0000022859210000

Marking Bits (Prev, Next): (CMBitMap*) 0x0000022845d8a0a0, (CMBitMap*) 0x0000022845d8a060
 Prev Bits: [0x000002285be10000, 0x000002285de10000)
 Next Bits: [0x0000022859e10000, 0x000002285be10000)

Polling page: 0x0000022844350000

Metaspace:

Usage:
  Non-class:     46.33 MB used.
      Class:      7.12 MB used.
       Both:     53.46 MB used.

Virtual space:
  Non-class space:       64.00 MB reserved,      46.50 MB ( 73%) committed,  1 nodes.
      Class space:        1.00 GB reserved,       7.31 MB ( <1%) committed,  1 nodes.
             Both:        1.06 GB reserved,      53.81 MB (  5%) committed. 

Chunk freelists:
   Non-Class:  832.00 KB
       Class:  8.70 MB
        Both:  9.51 MB

MaxMetaspaceSize: unlimited
CompressedClassSpaceSize: 1.00 GB
Initial GC threshold: 21.00 MB
Current GC threshold: 89.62 MB
CDS: off
MetaspaceReclaimPolicy: balanced
 - commit_granule_bytes: 65536.
 - commit_granule_words: 8192.
 - virtual_space_node_default_size: 8388608.
 - enlarge_chunks_in_place: 1.
 - new_chunks_are_fully_committed: 0.
 - uncommit_free_chunks: 1.
 - use_allocation_guard: 0.
 - handle_deallocations: 1.


Internal statistics:

num_allocs_failed_limit: 3.
num_arena_births: 442.
num_arena_deaths: 2.
num_vsnodes_births: 2.
num_vsnodes_deaths: 0.
num_space_committed: 861.
num_space_uncommitted: 0.
num_chunks_returned_to_freelist: 7.
num_chunks_taken_from_freelist: 2153.
num_chunk_merges: 3.
num_chunk_splits: 1430.
num_chunks_enlarged: 1018.
num_inconsistent_stats: 0.

CodeHeap 'non-profiled nmethods': size=119168Kb used=2923Kb max_used=3057Kb free=116244Kb
 bounds [0x0000022850de0000, 0x00000228510e0000, 0x0000022858240000]
CodeHeap 'profiled nmethods': size=119104Kb used=10621Kb max_used=10621Kb free=108482Kb
 bounds [0x0000022849240000, 0x0000022849ca0000, 0x0000022850690000]
CodeHeap 'non-nmethods': size=7488Kb used=2312Kb max_used=4041Kb free=5175Kb
 bounds [0x0000022850690000, 0x0000022850a90000, 0x0000022850de0000]
 total_blobs=5944 nmethods=5113 adapters=742
 compilation: enabled
              stopped_count=0, restarted_count=0
 full_count=0

Compilation events (20 events):
Event: 9.234 Thread 0x00000228671a40f0 nmethod 5884 0x0000022849c97010 code [0x0000022849c971c0, 0x0000022849c973d8]
Event: 9.234 Thread 0x00000228610d0130 nmethod 5878 0x0000022849c97490 code [0x0000022849c977c0, 0x0000022849c98c98]
Event: 9.234 Thread 0x0000022861260540 nmethod 5890 0x0000022849c99510 code [0x0000022849c996e0, 0x0000022849c99ba8]
Event: 9.235 Thread 0x0000022861260540 5891       3       org.gradle.internal.classpath.transforms.ClasspathElementTransformForAgent::processClassFile (44 bytes)
Event: 9.235 Thread 0x00000228610d0130 5892   !   3       org.gradle.util.internal.JarUtil::getVersionedDirectoryMajorVersion (34 bytes)
Event: 9.235 Thread 0x00000228671a40f0 5893       3       java.util.regex.Pattern$Begin::match (62 bytes)
Event: 9.235 Thread 0x0000022861260020 nmethod 5889 0x0000022849c99d90 code [0x0000022849c99fe0, 0x0000022849c9a828]
Event: 9.235 Thread 0x0000022861260020 5894       3       org.gradle.internal.classanalysis.AsmConstants::isSupportedVersion (12 bytes)
Event: 9.235 Thread 0x0000022861260020 nmethod 5894 0x0000022849c9ab90 code [0x0000022849c9ad20, 0x0000022849c9ae78]
Event: 9.235 Thread 0x0000022861260020 5895       3       org.gradle.internal.classpath.ClasspathWalker$ZipClasspathEntry::getPath (9 bytes)
Event: 9.236 Thread 0x00000228671a40f0 nmethod 5893 0x0000022849c9af10 code [0x0000022849c9b0c0, 0x0000022849c9b408]
Event: 9.236 Thread 0x00000228610d0130 nmethod 5892 0x0000022849c9b590 code [0x0000022849c9b7a0, 0x0000022849c9bc98]
Event: 9.236 Thread 0x00000228610d0130 5896       3       org.gradle.internal.classpath.ClasspathWalker$ZipClasspathEntry::getCompressionMethod (56 bytes)
Event: 9.236 Thread 0x0000022861260020 nmethod 5895 0x0000022849c9bf10 code [0x0000022849c9c0e0, 0x0000022849c9c4d8]
Event: 9.236 Thread 0x00000228671a40f0 5897       3       org.gradle.api.internal.file.archive.impl.AbstractZipEntry::getCompressionMethod (44 bytes)
Event: 9.236 Thread 0x0000022861260540 nmethod 5891 0x0000022849c9c690 code [0x0000022849c9c8e0, 0x0000022849c9d198]
Event: 9.237 Thread 0x00000228671a40f0 nmethod 5897 0x0000022849c9d510 code [0x0000022849c9d6c0, 0x0000022849c9d968]
Event: 9.237 Thread 0x00000228610d0130 nmethod 5896 0x0000022849c9da10 code [0x0000022849c9dbe0, 0x0000022849c9dee8]
Event: 9.240 Thread 0x00000228610d0130 5898       3       org.objectweb.asm.MethodWriter::visitIntInsn (113 bytes)
Event: 9.240 Thread 0x00000228610d0130 nmethod 5898 0x0000022849c9e090 code [0x0000022849c9e260, 0x0000022849c9e6c8]

GC Heap History (20 events):
Event: 6.389 GC heap before
{Heap before GC invocations=14 (full 0):
 garbage-first heap   total 86016K, used 66082K [0x0000000080000000, 0x0000000100000000)
  region size 1024K, 27 young (27648K), 3 survivors (3072K)
 Metaspace       used 43877K, committed 44288K, reserved 1114112K
  class space    used 5885K, committed 6080K, reserved 1048576K
}
Event: 6.395 GC heap after
{Heap after GC invocations=15 (full 0):
 garbage-first heap   total 86016K, used 44692K [0x0000000080000000, 0x0000000100000000)
  region size 1024K, 4 young (4096K), 4 survivors (4096K)
 Metaspace       used 43877K, committed 44288K, reserved 1114112K
  class space    used 5885K, committed 6080K, reserved 1048576K
}
Event: 6.706 GC heap before
{Heap before GC invocations=15 (full 0):
 garbage-first heap   total 86016K, used 49812K [0x0000000080000000, 0x0000000100000000)
  region size 1024K, 11 young (11264K), 4 survivors (4096K)
 Metaspace       used 44320K, committed 44736K, reserved 1114112K
  class space    used 5931K, committed 6144K, reserved 1048576K
}
Event: 6.711 GC heap after
{Heap after GC invocations=16 (full 0):
 garbage-first heap   total 86016K, used 45613K [0x0000000080000000, 0x0000000100000000)
  region size 1024K, 3 young (3072K), 3 survivors (3072K)
 Metaspace       used 44320K, committed 44736K, reserved 1114112K
  class space    used 5931K, committed 6144K, reserved 1048576K
}
Event: 7.150 GC heap before
{Heap before GC invocations=17 (full 0):
 garbage-first heap   total 89088K, used 72237K [0x0000000080000000, 0x0000000100000000)
  region size 1024K, 24 young (24576K), 3 survivors (3072K)
 Metaspace       used 48459K, committed 48832K, reserved 1114112K
  class space    used 6501K, committed 6656K, reserved 1048576K
}
Event: 7.153 GC heap after
{Heap after GC invocations=18 (full 0):
 garbage-first heap   total 89088K, used 46619K [0x0000000080000000, 0x0000000100000000)
  region size 1024K, 3 young (3072K), 3 survivors (3072K)
 Metaspace       used 48459K, committed 48832K, reserved 1114112K
  class space    used 6501K, committed 6656K, reserved 1048576K
}
Event: 7.665 GC heap before
{Heap before GC invocations=18 (full 0):
 garbage-first heap   total 89088K, used 70171K [0x0000000080000000, 0x0000000100000000)
  region size 1024K, 26 young (26624K), 3 survivors (3072K)
 Metaspace       used 49540K, committed 49920K, reserved 1114112K
  class space    used 6623K, committed 6784K, reserved 1048576K
}
Event: 7.669 GC heap after
{Heap after GC invocations=19 (full 0):
 garbage-first heap   total 89088K, used 47782K [0x0000000080000000, 0x0000000100000000)
  region size 1024K, 3 young (3072K), 3 survivors (3072K)
 Metaspace       used 49540K, committed 49920K, reserved 1114112K
  class space    used 6623K, committed 6784K, reserved 1048576K
}
Event: 8.275 GC heap before
{Heap before GC invocations=20 (full 0):
 garbage-first heap   total 89088K, used 71334K [0x0000000080000000, 0x0000000100000000)
  region size 1024K, 26 young (26624K), 3 survivors (3072K)
 Metaspace       used 52839K, committed 53312K, reserved 1114112K
  class space    used 7048K, committed 7232K, reserved 1048576K
}
Event: 8.279 GC heap after
{Heap after GC invocations=21 (full 0):
 garbage-first heap   total 89088K, used 49944K [0x0000000080000000, 0x0000000100000000)
  region size 1024K, 4 young (4096K), 4 survivors (4096K)
 Metaspace       used 52839K, committed 53312K, reserved 1114112K
  class space    used 7048K, committed 7232K, reserved 1048576K
}
Event: 8.502 GC heap before
{Heap before GC invocations=21 (full 0):
 garbage-first heap   total 89088K, used 62232K [0x0000000080000000, 0x0000000100000000)
  region size 1024K, 17 young (17408K), 4 survivors (4096K)
 Metaspace       used 54271K, committed 54720K, reserved 1114112K
  class space    used 7275K, committed 7488K, reserved 1048576K
}
Event: 8.505 GC heap after
{Heap after GC invocations=22 (full 0):
 garbage-first heap   total 89088K, used 50500K [0x0000000080000000, 0x0000000100000000)
  region size 1024K, 1 young (1024K), 1 survivors (1024K)
 Metaspace       used 54271K, committed 54720K, reserved 1114112K
  class space    used 7275K, committed 7488K, reserved 1048576K
}
Event: 8.730 GC heap before
{Heap before GC invocations=23 (full 0):
 garbage-first heap   total 96256K, used 74052K [0x0000000080000000, 0x0000000100000000)
  region size 1024K, 22 young (22528K), 1 survivors (1024K)
 Metaspace       used 54480K, committed 54848K, reserved 1114112K
  class space    used 7298K, committed 7488K, reserved 1048576K
}
Event: 8.734 GC heap after
{Heap after GC invocations=24 (full 0):
 garbage-first heap   total 96256K, used 53928K [0x0000000080000000, 0x0000000100000000)
  region size 1024K, 2 young (2048K), 2 survivors (2048K)
 Metaspace       used 54480K, committed 54848K, reserved 1114112K
  class space    used 7298K, committed 7488K, reserved 1048576K
}
Event: 8.894 GC heap before
{Heap before GC invocations=24 (full 0):
 garbage-first heap   total 96256K, used 76456K [0x0000000080000000, 0x0000000100000000)
  region size 1024K, 25 young (25600K), 2 survivors (2048K)
 Metaspace       used 54631K, committed 55040K, reserved 1114112K
  class space    used 7299K, committed 7488K, reserved 1048576K
}
Event: 8.897 GC heap after
{Heap after GC invocations=25 (full 0):
 garbage-first heap   total 96256K, used 54277K [0x0000000080000000, 0x0000000100000000)
  region size 1024K, 2 young (2048K), 2 survivors (2048K)
 Metaspace       used 54631K, committed 55040K, reserved 1114112K
  class space    used 7299K, committed 7488K, reserved 1048576K
}
Event: 9.085 GC heap before
{Heap before GC invocations=26 (full 0):
 garbage-first heap   total 109568K, used 77829K [0x0000000080000000, 0x0000000100000000)
  region size 1024K, 26 young (26624K), 2 survivors (2048K)
 Metaspace       used 54666K, committed 55040K, reserved 1114112K
  class space    used 7295K, committed 7488K, reserved 1048576K
}
Event: 9.090 GC heap after
{Heap after GC invocations=27 (full 0):
 garbage-first heap   total 109568K, used 54688K [0x0000000080000000, 0x0000000100000000)
  region size 1024K, 2 young (2048K), 2 survivors (2048K)
 Metaspace       used 54666K, committed 55040K, reserved 1114112K
  class space    used 7295K, committed 7488K, reserved 1048576K
}
Event: 9.257 GC heap before
{Heap before GC invocations=27 (full 0):
 garbage-first heap   total 109568K, used 89504K [0x0000000080000000, 0x0000000100000000)
  region size 1024K, 36 young (36864K), 2 survivors (2048K)
 Metaspace       used 54734K, committed 55104K, reserved 1114112K
  class space    used 7295K, committed 7488K, reserved 1048576K
}
Event: 9.261 GC heap after
{Heap after GC invocations=28 (full 0):
 garbage-first heap   total 109568K, used 55297K [0x0000000080000000, 0x0000000100000000)
  region size 1024K, 3 young (3072K), 3 survivors (3072K)
 Metaspace       used 54734K, committed 55104K, reserved 1114112K
  class space    used 7295K, committed 7488K, reserved 1048576K
}

Dll operation events (3 events):
Event: 0.011 Loaded shared library C:\Program Files\Android\Android Studio\jbr\bin\java.dll
Event: 0.172 Loaded shared library C:\Program Files\Android\Android Studio\jbr\bin\zip.dll
Event: 0.542 Loaded shared library C:\Program Files\Android\Android Studio\jbr\bin\verify.dll

Deoptimization events (20 events):
Event: 8.683 Thread 0x00000228662dd3a0 DEOPT PACKING pc=0x000002284971c6d4 sp=0x000000ab4c3fe6f0
Event: 8.683 Thread 0x00000228662dd3a0 DEOPT UNPACKING pc=0x00000228506e7143 sp=0x000000ab4c3fdc48 mode 0
Event: 8.693 Thread 0x00000228662dd3a0 Uncommon trap: trap_request=0xffffff3d fr.pc=0x0000022850fd9674 relative=0x0000000000000cd4
Event: 8.693 Thread 0x00000228662dd3a0 Uncommon trap: reason=unstable_fused_if action=reinterpret pc=0x0000022850fd9674 method=org.objectweb.asm.ByteVector.putUTF8(Ljava/lang/String;)Lorg/objectweb/asm/ByteVector; @ 93 c2
Event: 8.693 Thread 0x00000228662dd3a0 DEOPT PACKING pc=0x0000022850fd9674 sp=0x000000ab4c3fe3a0
Event: 8.693 Thread 0x00000228662dd3a0 DEOPT UNPACKING pc=0x00000228506e69a3 sp=0x000000ab4c3fe2f8 mode 2
Event: 8.697 Thread 0x00000228662dd3a0 Uncommon trap: trap_request=0xffffff3d fr.pc=0x0000022850f55648 relative=0x0000000000000208
Event: 8.697 Thread 0x00000228662dd3a0 Uncommon trap: reason=unstable_fused_if action=reinterpret pc=0x0000022850f55648 method=org.objectweb.asm.ByteVector.putUTF8(Ljava/lang/String;)Lorg/objectweb/asm/ByteVector; @ 93 c2
Event: 8.697 Thread 0x00000228662dd3a0 DEOPT PACKING pc=0x0000022850f55648 sp=0x000000ab4c3fe370
Event: 8.697 Thread 0x00000228662dd3a0 DEOPT UNPACKING pc=0x00000228506e69a3 sp=0x000000ab4c3fe300 mode 2
Event: 8.723 Thread 0x00000228662dd3a0 Uncommon trap: trap_request=0xffffff45 fr.pc=0x0000022850e132a8 relative=0x0000000000000488
Event: 8.723 Thread 0x00000228662dd3a0 Uncommon trap: reason=unstable_if action=reinterpret pc=0x0000022850e132a8 method=java.lang.StringUTF16.compress([CII)[B @ 13 c2
Event: 8.723 Thread 0x00000228662dd3a0 DEOPT PACKING pc=0x0000022850e132a8 sp=0x000000ab4c3fe2b0
Event: 8.723 Thread 0x00000228662dd3a0 DEOPT UNPACKING pc=0x00000228506e69a3 sp=0x000000ab4c3fe178 mode 2
Event: 9.129 Thread 0x00000228662dd3a0 DEOPT PACKING pc=0x0000022849b7cfa8 sp=0x000000ab4c3fddd0
Event: 9.129 Thread 0x00000228662dd3a0 DEOPT UNPACKING pc=0x00000228506e7143 sp=0x000000ab4c3fd2e8 mode 0
Event: 9.154 Thread 0x00000228662dd3a0 DEOPT PACKING pc=0x0000022849b7cfa8 sp=0x000000ab4c3fe380
Event: 9.154 Thread 0x00000228662dd3a0 DEOPT UNPACKING pc=0x00000228506e7143 sp=0x000000ab4c3fd8b8 mode 0
Event: 9.210 Thread 0x00000228662dd3a0 DEOPT PACKING pc=0x0000022849b7cfa8 sp=0x000000ab4c3fe380
Event: 9.210 Thread 0x00000228662dd3a0 DEOPT UNPACKING pc=0x00000228506e7143 sp=0x000000ab4c3fd8b8 mode 0

Classes unloaded (3 events):
Event: 8.951 Thread 0x0000022860edec80 Unloading class 0x00000001006cc410 '_BuildScript_$_run_closure1$_closure2'
Event: 8.951 Thread 0x0000022860edec80 Unloading class 0x00000001006cc000 '_BuildScript_$_run_closure1'
Event: 8.951 Thread 0x0000022860edec80 Unloading class 0x00000001006c0800 '_BuildScript_'

Classes redefined (0 events):
No events

Internal exceptions (20 events):
Event: 8.009 Thread 0x0000022866d2c9f0 Exception <a 'java/lang/ClassNotFoundException'{0x0000000084cebdc0}: sync_studio_tooling2373_3lzmncj96pf73lcii7frniyz3BeanInfo> (0x0000000084cebdc0) 
thrown [s\src\hotspot\share\classfile\systemDictionary.cpp, line 256]
Event: 8.009 Thread 0x0000022866d2c9f0 Exception <a 'java/lang/ClassNotFoundException'{0x0000000084cf2808}: sync_studio_tooling2373_3lzmncj96pf73lcii7frniyz3Customizer> (0x0000000084cf2808) 
thrown [s\src\hotspot\share\classfile\systemDictionary.cpp, line 256]
Event: 8.018 Thread 0x0000022866d2c9f0 Exception <a 'java/lang/ClassNotFoundException'{0x0000000084b6f658}: org/gradle/internal/metaobject/ConfigureDelegateBeanInfo> (0x0000000084b6f658) 
thrown [s\src\hotspot\share\classfile\systemDictionary.cpp, line 256]
Event: 8.019 Thread 0x0000022866d2c9f0 Exception <a 'java/lang/ClassNotFoundException'{0x0000000084b7fcd8}: org/gradle/internal/metaobject/ConfigureDelegateCustomizer> (0x0000000084b7fcd8) 
thrown [s\src\hotspot\share\classfile\systemDictionary.cpp, line 256]
Event: 8.042 Thread 0x0000022866d2c9f0 Exception <a 'java/lang/ClassNotFoundException'{0x0000000084a749d0}: org/gradle/api/internal/initialization/DefaultScriptHandler_DecoratedBeanInfo> (0x0000000084a749d0) 
thrown [s\src\hotspot\share\classfile\systemDictionary.cpp, line 256]
Event: 8.043 Thread 0x0000022866d2c9f0 Exception <a 'java/lang/ClassNotFoundException'{0x0000000084a87380}: org/gradle/api/internal/initialization/DefaultScriptHandlerBeanInfo> (0x0000000084a87380) 
thrown [s\src\hotspot\share\classfile\systemDictionary.cpp, line 256]
Event: 8.043 Thread 0x0000022866d2c9f0 Exception <a 'java/lang/ClassNotFoundException'{0x0000000084a99ac0}: org/gradle/api/internal/initialization/DefaultScriptHandlerCustomizer> (0x0000000084a99ac0) 
thrown [s\src\hotspot\share\classfile\systemDictionary.cpp, line 256]
Event: 8.046 Thread 0x0000022866d2c9f0 Exception <a 'java/lang/ClassNotFoundException'{0x0000000084ab8d60}: org/gradle/api/internal/initialization/DefaultScriptHandler_DecoratedCustomizer> (0x0000000084ab8d60) 
thrown [s\src\hotspot\share\classfile\systemDictionary.cpp, line 256]
Event: 8.222 Thread 0x0000022866d2c9f0 Implicit null exception at 0x0000022850fea5ec to 0x0000022850fea690
Event: 8.229 Thread 0x0000022866d2c9f0 Exception <a 'java/lang/ClassNotFoundException'{0x00000000842122b0}: org/gradle/api/internal/artifacts/dsl/dependencies/DefaultDependencyHandler_DecoratedBeanInfo> (0x00000000842122b0) 
thrown [s\src\hotspot\share\classfile\systemDictionary.cpp, line 256]
Event: 8.230 Thread 0x0000022866d2c9f0 Exception <a 'java/lang/ClassNotFoundException'{0x0000000084229b60}: org/gradle/api/internal/artifacts/dsl/dependencies/DefaultDependencyHandlerBeanInfo> (0x0000000084229b60) 
thrown [s\src\hotspot\share\classfile\systemDictionary.cpp, line 256]
Event: 8.231 Thread 0x0000022866d2c9f0 Exception <a 'java/lang/ClassNotFoundException'{0x00000000842413d0}: org/gradle/api/internal/artifacts/dsl/dependencies/DefaultDependencyHandlerCustomizer> (0x00000000842413d0) 
thrown [s\src\hotspot\share\classfile\systemDictionary.cpp, line 256]
Event: 8.235 Thread 0x0000022866d2c9f0 Exception <a 'java/lang/ClassNotFoundException'{0x0000000084282c90}: org/gradle/api/internal/artifacts/dsl/dependencies/DefaultDependencyHandler_DecoratedCustomizer> (0x0000000084282c90) 
thrown [s\src\hotspot\share\classfile\systemDictionary.cpp, line 256]
Event: 8.239 Thread 0x0000022866d2c9f0 Exception <a 'java/lang/ClassNotFoundException'{0x00000000842c4fe0}: sync_studio_tooling2373_3lzmncj96pf73lcii7frniyz3$_run_closure1BeanInfo> (0x00000000842c4fe0) 
thrown [s\src\hotspot\share\classfile\systemDictionary.cpp, line 256]
Event: 8.239 Thread 0x0000022866d2c9f0 Exception <a 'java/lang/ClassNotFoundException'{0x00000000842cbff8}: sync_studio_tooling2373_3lzmncj96pf73lcii7frniyz3$_run_closure1Customizer> (0x00000000842cbff8) 
thrown [s\src\hotspot\share\classfile\systemDictionary.cpp, line 256]
Event: 8.292 Thread 0x0000022866d2c9f0 Exception <a 'java/lang/NoSuchMethodError'{0x000000008f7cbc10}: 'java.lang.Object java.lang.invoke.DirectMethodHandle$Holder.newInvokeSpecial(java.lang.Object, int, java.lang.Object)'> (0x000000008f7cbc10) 
thrown [s\src\hotspot\share\interpreter\linkResolver.cpp, line 771]
Event: 8.333 Thread 0x0000022866d2c9f0 Exception <a 'java/lang/NoSuchMethodError'{0x000000008c0a70c8}: 'void java.lang.invoke.DirectMethodHandle$Holder.invokeInterface(java.lang.Object, java.lang.Object)'> (0x000000008c0a70c8) 
thrown [s\src\hotspot\share\interpreter\linkResolver.cpp, line 771]
Event: 8.489 Thread 0x0000022866d2c9f0 Exception <a 'java/lang/NoSuchMethodError'{0x0000000084ba8420}: 'int java.lang.invoke.DirectMethodHandle$Holder.invokeStatic(java.lang.Object)'> (0x0000000084ba8420) 
thrown [s\src\hotspot\share\interpreter\linkResolver.cpp, line 771]
Event: 8.490 Thread 0x0000022866d2c9f0 Exception <a 'java/lang/NoSuchMethodError'{0x0000000084bacab8}: 'int java.lang.invoke.DirectMethodHandle$Holder.invokeStaticInit(java.lang.Object)'> (0x0000000084bacab8) 
thrown [s\src\hotspot\share\interpreter\linkResolver.cpp, line 771]
Event: 8.685 Thread 0x00000228662dd3a0 Exception <a 'sun/nio/fs/WindowsException'{0x0000000084fbb670}> (0x0000000084fbb670) 
thrown [s\src\hotspot\share\prims\jni.cpp, line 531]

VM Operations (20 events):
Event: 8.505 Executing VM operation: G1TryInitiateConcMark done
Event: 8.546 Executing VM operation: G1PauseRemark
Event: 8.551 Executing VM operation: G1PauseRemark done
Event: 8.577 Executing VM operation: G1PauseCleanup
Event: 8.577 Executing VM operation: G1PauseCleanup done
Event: 8.671 Executing VM operation: HandshakeAllThreads
Event: 8.671 Executing VM operation: HandshakeAllThreads done
Event: 8.730 Executing VM operation: G1CollectForAllocation
Event: 8.734 Executing VM operation: G1CollectForAllocation done
Event: 8.894 Executing VM operation: G1CollectForAllocation
Event: 8.897 Executing VM operation: G1CollectForAllocation done
Event: 8.950 Executing VM operation: G1PauseRemark
Event: 8.960 Executing VM operation: G1PauseRemark done
Event: 8.983 Executing VM operation: G1PauseCleanup
Event: 8.986 Executing VM operation: G1PauseCleanup done
Event: 9.085 Executing VM operation: G1CollectForAllocation
Event: 9.090 Executing VM operation: G1CollectForAllocation done
Event: 9.257 Executing VM operation: G1CollectForAllocation
Event: 9.261 Executing VM operation: G1CollectForAllocation done
Event: 9.308 Executing VM operation: G1PauseRemark

Events (20 events):
Event: 8.422 loading class java/lang/StringIndexOutOfBoundsException done
Event: 8.445 loading class java/io/DeleteOnExitHook
Event: 8.445 loading class java/io/DeleteOnExitHook done
Event: 8.445 loading class java/io/DeleteOnExitHook$1
Event: 8.446 loading class java/io/DeleteOnExitHook$1 done
Event: 8.514 loading class java/util/HashMap$EntrySpliterator
Event: 8.514 loading class java/util/HashMap$EntrySpliterator done
Event: 8.515 loading class java/util/stream/SortedOps$OfRef
Event: 8.515 loading class java/util/stream/ReferencePipeline$StatefulOp
Event: 8.516 loading class java/util/stream/ReferencePipeline$StatefulOp done
Event: 8.516 loading class java/util/stream/SortedOps$OfRef done
Event: 8.516 loading class java/util/stream/SortedOps$RefSortingSink
Event: 8.516 loading class java/util/stream/SortedOps$AbstractRefSortingSink
Event: 8.517 loading class java/util/stream/SortedOps$AbstractRefSortingSink done
Event: 8.517 loading class java/util/stream/SortedOps$RefSortingSink done
Event: 8.690 loading class java/util/zip/ZipInputStream
Event: 8.691 loading class java/util/zip/ZipInputStream done
Event: 8.825 loading class jdk/internal/access/foreign/MemorySegmentProxy
Event: 8.826 loading class jdk/internal/access/foreign/MemorySegmentProxy done
Event: 8.943 Thread 0x000002286b349170 Thread added: 0x000002286b349170


Dynamic libraries:
0x00007ff74c5e0000 - 0x00007ff74c5ea000 	C:\Program Files\Android\Android Studio\jbr\bin\java.exe
0x00007ffd3fa60000 - 0x00007ffd3fcc3000 	C:\WINDOWS\SYSTEM32\ntdll.dll
0x00007ffd3ec80000 - 0x00007ffd3ed48000 	C:\WINDOWS\System32\KERNEL32.DLL
0x00007ffd3d040000 - 0x00007ffd3d3f1000 	C:\WINDOWS\System32\KERNELBASE.dll
0x00007ffd3d750000 - 0x00007ffd3d89b000 	C:\WINDOWS\System32\ucrtbase.dll
0x00007ffd15440000 - 0x00007ffd15457000 	C:\Program Files\Android\Android Studio\jbr\bin\jli.dll
0x00007ffd20970000 - 0x00007ffd2098b000 	C:\Program Files\Android\Android Studio\jbr\bin\VCRUNTIME140.dll
0x00007ffd3e160000 - 0x00007ffd3e328000 	C:\WINDOWS\System32\USER32.dll
0x00007ffd277f0000 - 0x00007ffd27a80000 	C:\WINDOWS\WinSxS\amd64_microsoft.windows.common-controls_6595b64144ccf1df_6.0.26100.2130_none_3e09c39ae333133b\COMCTL32.dll
0x00007ffd3d8a0000 - 0x00007ffd3d8c7000 	C:\WINDOWS\System32\win32u.dll
0x00007ffd3efe0000 - 0x00007ffd3f00a000 	C:\WINDOWS\System32\GDI32.dll
0x00007ffd3e590000 - 0x00007ffd3e639000 	C:\WINDOWS\System32\msvcrt.dll
0x00007ffd3d4a0000 - 0x00007ffd3d5cb000 	C:\WINDOWS\System32\gdi32full.dll
0x00007ffd3ced0000 - 0x00007ffd3cf73000 	C:\WINDOWS\System32\msvcp_win.dll
0x00007ffd3f9e0000 - 0x00007ffd3fa0f000 	C:\WINDOWS\System32\IMM32.DLL
0x00007ffd335d0000 - 0x00007ffd335dc000 	C:\Program Files\Android\Android Studio\jbr\bin\vcruntime140_1.dll
0x00007ffcfbbb0000 - 0x00007ffcfbc3d000 	C:\Program Files\Android\Android Studio\jbr\bin\msvcp140.dll
0x00007ffcac840000 - 0x00007ffcad4c3000 	C:\Program Files\Android\Android Studio\jbr\bin\server\jvm.dll
0x00007ffd3f900000 - 0x00007ffd3f9b3000 	C:\WINDOWS\System32\ADVAPI32.dll
0x00007ffd3e360000 - 0x00007ffd3e406000 	C:\WINDOWS\System32\sechost.dll
0x00007ffd3e7d0000 - 0x00007ffd3e8e6000 	C:\WINDOWS\System32\RPCRT4.dll
0x00007ffd3ccd0000 - 0x00007ffd3cd1e000 	C:\WINDOWS\SYSTEM32\POWRPROF.dll
0x00007ffd36240000 - 0x00007ffd36276000 	C:\WINDOWS\SYSTEM32\WINMM.dll
0x00007ffd37ee0000 - 0x00007ffd37eea000 	C:\WINDOWS\SYSTEM32\WSOCK32.dll
0x00007ffd36280000 - 0x00007ffd3628b000 	C:\WINDOWS\SYSTEM32\VERSION.dll
0x00007ffd3f010000 - 0x00007ffd3f084000 	C:\WINDOWS\System32\WS2_32.dll
0x00007ffd3ccb0000 - 0x00007ffd3ccc4000 	C:\WINDOWS\SYSTEM32\UMPDC.dll
0x00007ffd3bc90000 - 0x00007ffd3bcaa000 	C:\WINDOWS\SYSTEM32\kernel.appcore.dll
0x00007ffd36660000 - 0x00007ffd3666a000 	C:\Program Files\Android\Android Studio\jbr\bin\jimage.dll
0x00007ffd32040000 - 0x00007ffd32281000 	C:\WINDOWS\SYSTEM32\DBGHELP.DLL
0x00007ffd3e8f0000 - 0x00007ffd3ec6d000 	C:\WINDOWS\System32\combase.dll
0x00007ffd3e640000 - 0x00007ffd3e716000 	C:\WINDOWS\System32\OLEAUT32.dll
0x00007ffd26600000 - 0x00007ffd26639000 	C:\WINDOWS\SYSTEM32\dbgcore.DLL
0x00007ffd3d400000 - 0x00007ffd3d499000 	C:\WINDOWS\System32\bcryptPrimitives.dll
0x00007ffd1fda0000 - 0x00007ffd1fdae000 	C:\Program Files\Android\Android Studio\jbr\bin\instrument.dll
0x00007ffd15460000 - 0x00007ffd15485000 	C:\Program Files\Android\Android Studio\jbr\bin\java.dll
0x00007ffd330b0000 - 0x00007ffd330c8000 	C:\Program Files\Android\Android Studio\jbr\bin\zip.dll
0x00007ffd3f1f0000 - 0x00007ffd3f8f1000 	C:\WINDOWS\System32\SHELL32.dll
0x00007ffd3aba0000 - 0x00007ffd3b3d2000 	C:\WINDOWS\SYSTEM32\windows.storage.dll
0x00007ffd3df90000 - 0x00007ffd3e06a000 	C:\WINDOWS\System32\SHCORE.dll
0x00007ffd3e4a0000 - 0x00007ffd3e4fd000 	C:\WINDOWS\System32\shlwapi.dll
0x00007ffd3cd50000 - 0x00007ffd3cd7e000 	C:\WINDOWS\SYSTEM32\profapi.dll
0x00007ffd25cd0000 - 0x00007ffd25ce9000 	C:\Program Files\Android\Android Studio\jbr\bin\net.dll
0x00007ffd334a0000 - 0x00007ffd335c6000 	C:\WINDOWS\SYSTEM32\WINHTTP.dll
0x00007ffd3c190000 - 0x00007ffd3c1f8000 	C:\WINDOWS\system32\mswsock.dll
0x00007ffd1dc20000 - 0x00007ffd1dc36000 	C:\Program Files\Android\Android Studio\jbr\bin\nio.dll
0x00007ffd200c0000 - 0x00007ffd200d0000 	C:\Program Files\Android\Android Studio\jbr\bin\verify.dll
0x00007ffd1fd70000 - 0x00007ffd1fd97000 	C:\Users\nang2\.gradle\native\c067742578af261105cb4f569cf0c3c89f3d7b1fecec35dd04571415982c5e48\windows-amd64\native-platform.dll
0x00007ffcee7b0000 - 0x00007ffcee8f4000 	C:\Users\nang2\.gradle\native\38dada09dfb8b06ba9b0570ebf7e218e3eb74d4ef43ca46872605cf95ebc2f47\windows-amd64\native-platform-file-events.dll
0x00007ffd24440000 - 0x00007ffd24449000 	C:\Program Files\Android\Android Studio\jbr\bin\management.dll
0x00007ffd21cf0000 - 0x00007ffd21cfb000 	C:\Program Files\Android\Android Studio\jbr\bin\management_ext.dll
0x00007ffd3e100000 - 0x00007ffd3e108000 	C:\WINDOWS\System32\PSAPI.DLL
0x00007ffd3c430000 - 0x00007ffd3c44c000 	C:\WINDOWS\SYSTEM32\CRYPTSP.dll
0x00007ffd3bbf0000 - 0x00007ffd3bc28000 	C:\WINDOWS\system32\rsaenh.dll
0x00007ffd3c230000 - 0x00007ffd3c25b000 	C:\WINDOWS\SYSTEM32\USERENV.dll
0x00007ffd3c670000 - 0x00007ffd3c696000 	C:\WINDOWS\SYSTEM32\bcrypt.dll
0x00007ffd3c450000 - 0x00007ffd3c45c000 	C:\WINDOWS\SYSTEM32\CRYPTBASE.dll
0x00007ffd3b720000 - 0x00007ffd3b751000 	C:\WINDOWS\SYSTEM32\IPHLPAPI.DLL
0x00007ffd3e580000 - 0x00007ffd3e58a000 	C:\WINDOWS\System32\NSI.dll
0x00007ffd33bb0000 - 0x00007ffd33bce000 	C:\WINDOWS\SYSTEM32\dhcpcsvc6.DLL
0x00007ffd33b80000 - 0x00007ffd33ba5000 	C:\WINDOWS\SYSTEM32\dhcpcsvc.DLL
0x00007ffd3b7c0000 - 0x00007ffd3b8e5000 	C:\WINDOWS\SYSTEM32\DNSAPI.dll
0x00007ffd2d7e0000 - 0x00007ffd2d7e9000 	C:\Program Files\Android\Android Studio\jbr\bin\extnet.dll
0x00007ffd121c0000 - 0x00007ffd121c8000 	C:\WINDOWS\system32\wshunix.dll

dbghelp: loaded successfully - version: 4.0.5 - missing functions: none
symbol engine: initialized successfully - sym options: 0x614 - pdb path: .;C:\Program Files\Android\Android Studio\jbr\bin;C:\WINDOWS\SYSTEM32;C:\WINDOWS\WinSxS\amd64_microsoft.windows.common-controls_6595b64144ccf1df_6.0.26100.2130_none_3e09c39ae333133b;C:\Program Files\Android\Android Studio\jbr\bin\server;C:\Users\nang2\.gradle\native\c067742578af261105cb4f569cf0c3c89f3d7b1fecec35dd04571415982c5e48\windows-amd64;C:\Users\nang2\.gradle\native\38dada09dfb8b06ba9b0570ebf7e218e3eb74d4ef43ca46872605cf95ebc2f47\windows-amd64

VM Arguments:
jvm_args: --add-opens=java.base/java.util=ALL-UNNAMED --add-opens=java.base/java.lang=ALL-UNNAMED --add-opens=java.base/java.lang.invoke=ALL-UNNAMED --add-opens=java.prefs/java.util.prefs=ALL-UNNAMED --add-opens=java.base/java.nio.charset=ALL-UNNAMED --add-opens=java.base/java.net=ALL-UNNAMED --add-opens=java.base/java.util.concurrent.atomic=ALL-UNNAMED -Xmx2048m -Dfile.encoding=UTF-8 -Duser.country=GB -Duser.language=en -Duser.variant -javaagent:C:\Users\nang2\.gradle\wrapper\dists\gradle-8.5-rc-1-bin\n9822e4gfwbu0cck2r2xppx\gradle-8.5-rc-1\lib\agents\gradle-instrumentation-agent-8.5.jar 
java_command: org.gradle.launcher.daemon.bootstrap.GradleDaemon 8.5-rc-1
java_class_path (initial): C:\Users\nang2\.gradle\wrapper\dists\gradle-8.5-rc-1-bin\n9822e4gfwbu0cck2r2xppx\gradle-8.5-rc-1\lib\gradle-launcher-8.5.jar
Launcher Type: SUN_STANDARD

[Global flags]
     intx CICompilerCount                          = 12                                        {product} {ergonomic}
     uint ConcGCThreads                            = 3                                         {product} {ergonomic}
     uint G1ConcRefinementThreads                  = 13                                        {product} {ergonomic}
   size_t G1HeapRegionSize                         = 1048576                                   {product} {ergonomic}
    uintx GCDrainStackTargetSize                   = 64                                        {product} {ergonomic}
   size_t InitialHeapSize                          = 260046848                                 {product} {ergonomic}
   size_t MarkStackSize                            = 4194304                                   {product} {ergonomic}
   size_t MaxHeapSize                              = 2147483648                                {product} {command line}
   size_t MaxNewSize                               = 1287651328                                {product} {ergonomic}
   size_t MinHeapDeltaBytes                        = 1048576                                   {product} {ergonomic}
   size_t MinHeapSize                              = 8388608                                   {product} {ergonomic}
    uintx NonNMethodCodeHeapSize                   = 7602480                                {pd product} {ergonomic}
    uintx NonProfiledCodeHeapSize                  = 122027880                              {pd product} {ergonomic}
    uintx ProfiledCodeHeapSize                     = 122027880                              {pd product} {ergonomic}
    uintx ReservedCodeCacheSize                    = 251658240                              {pd product} {ergonomic}
     bool SegmentedCodeCache                       = true                                      {product} {ergonomic}
   size_t SoftMaxHeapSize                          = 2147483648                             {manageable} {ergonomic}
     bool UseCompressedClassPointers               = true                           {product lp64_product} {ergonomic}
     bool UseCompressedOops                        = true                           {product lp64_product} {ergonomic}
     bool UseG1GC                                  = true                                      {product} {ergonomic}
     bool UseLargePagesIndividualAllocation        = false                                  {pd product} {ergonomic}

Logging:
Log output configuration:
 #0: stdout all=warning uptime,level,tags
 #1: stderr all=off uptime,level,tags

Environment Variables:
JAVA_HOME=C:\Program Files\Java\jdk-18.0.1
PATH=C:\flutter\bin;C:\Program Files\Common Files\Oracle\Java\javapath;C:\Program Files (x86)\Common Files\Oracle\Java\javapath;C:\WINDOWS\system32;C:\WINDOWS;C:\WINDOWS\System32\Wbem;C:\WINDOWS\System32\WindowsPowerShell\v1.0\;C:\WINDOWS\System32\OpenSSH\;C:\Program Files\dotnet\;C:\Program Files\Git\cmd;C:\ProgramData\chocolatey\bin;C:\Program Files\NVIDIA Corporation\NVIDIA NvDLISR;C:\Program Files (x86)\NVIDIA Corporation\PhysX\Common;C:\WINDOWS\system32;C:\WINDOWS;C:\WINDOWS\System32\Wbem;C:\WINDOWS\System32\WindowsPowerShell\v1.0\;C:\WINDOWS\System32\OpenSSH\;C:\Program Files\Cloudflare\Cloudflare WARP\;C:\flutter\bin;C:\Users\nang2\AppData\Local\Microsoft\WindowsApps;C:\Users\nang2\AppData\Local\Programs\Microsoft VS Code\bin;C:\Users\nang2\AppData\Local\GitHubDesktop\bin;
USERNAME=asus
OS=Windows_NT
PROCESSOR_IDENTIFIER=AMD64 Family 23 Model 96 Stepping 1, AuthenticAMD
TMP=C:\Users\nang2\AppData\Local\Temp
TEMP=C:\Users\nang2\AppData\Local\Temp



Periodic native trim disabled

JNI global refs:
JNI global refs: 40, weak refs: 37

JNI global refs memory usage: 843, weak refs: 841

Process memory usage:
Resident Set Size: 373184K (2% of 16168500K total physical memory with 1482304K free physical memory)

OOME stack traces (most recent first):
Classloader memory used:
Loader org.gradle.internal.classloader.VisitableURLClassLoader                         : 3534K
Loader bootstrap                                                                       : 2428K
Loader org.gradle.initialization.MixInLegacyTypesClassLoader                           : 677K
Loader org.gradle.internal.classloader.VisitableURLClassLoader                         : 80948B
Loader jdk.internal.loader.ClassLoaders$PlatformClassLoader                            : 68078B
Loader jdk.internal.loader.ClassLoaders$AppClassLoader                                 : 28440B
Loader jdk.internal.reflect.DelegatingClassLoader                                      : 24477B
Loader org.gradle.groovy.scripts.internal.DefaultScriptCompilationHandler$ScriptClassLoader: 4271B
Loader org.codehaus.groovy.runtime.callsite.CallSiteClassLoader                        : 876B

Classes loaded by more than one classloader:
Class org.gradle.api.GradleException                                                  : loaded 3 times (x 80B)
Class org.gradle.util.GradleVersion                                                   : loaded 2 times (x 81B)
Class org.gradle.internal.classpath.ClassPath                                         : loaded 2 times (x 68B)
Class org.gradle.api.internal.classpath.DefaultModuleRegistry                         : loaded 2 times (x 84B)
Class org.gradle.internal.exceptions.NonGradleCauseExceptionsHolder                   : loaded 2 times (x 68B)
Class org.gradle.api.Action                                                           : loaded 2 times (x 68B)
Class org.gradle.api.internal.DefaultClassPathProvider                                : loaded 2 times (x 74B)
Class org.gradle.internal.installation.GradleInstallation$1                           : loaded 2 times (x 73B)
Class org.gradle.internal.exceptions.DefaultMultiCauseException                       : loaded 2 times (x 93B)
Class org.gradle.internal.time.MonotonicClock                                         : loaded 2 times (x 75B)
Class org.gradle.internal.classloader.FilteringClassLoader                            : loaded 2 times (x 103B)
Class org.gradle.internal.classpath.DefaultClassPath$ImmutableUniqueList$Builder      : loaded 2 times (x 73B)
Class org.gradle.internal.classloader.ClassLoaderVisitor                              : loaded 2 times (x 74B)
Class org.gradle.internal.time.DefaultCountdownTimer                                  : loaded 2 times (x 86B)
Class org.gradle.internal.service.DefaultServiceLocator                               : loaded 2 times (x 81B)
Class org.gradle.internal.service.UnknownServiceException                             : loaded 2 times (x 81B)
Class org.gradle.internal.classloader.DefaultClassLoaderFactory                       : loaded 2 times (x 80B)
Class org.gradle.internal.classloader.VisitableURLClassLoader$Spec                    : loaded 2 times (x 72B)
Class org.gradle.tooling.model.ProjectModel                                           : loaded 2 times (x 68B)
Class org.gradle.internal.installation.GradleInstallation                             : loaded 2 times (x 73B)
Class org.gradle.api.internal.classpath.ModuleRegistry                                : loaded 2 times (x 68B)
Class org.gradle.api.internal.ClassPathProvider                                       : loaded 2 times (x 68B)
Class org.gradle.internal.classloader.ClasspathUtil$1                                 : loaded 2 times (x 74B)
Class org.gradle.internal.classloader.ClassLoaderFactory                              : loaded 2 times (x 68B)
Class org.gradle.api.internal.classpath.ManifestUtil                                  : loaded 2 times (x 69B)
Class org.gradle.api.specs.Spec                                                       : loaded 2 times (x 68B)
Class org.gradle.internal.IoActions                                                   : loaded 2 times (x 69B)
Class org.gradle.api.internal.classpath.EffectiveClassPath                            : loaded 2 times (x 88B)
Class org.gradle.internal.exceptions.ResolutionProvider                               : loaded 2 times (x 68B)
Class org.gradle.internal.installation.CurrentGradleInstallation                      : loaded 2 times (x 71B)
Class org.gradle.internal.agents.InstrumentingClassLoader                             : loaded 2 times (x 68B)
Class org.gradle.internal.installation.CurrentGradleInstallationLocator               : loaded 2 times (x 69B)
Class org.gradle.api.internal.classpath.Module                                        : loaded 2 times (x 68B)
Class org.gradle.internal.service.CachingServiceLocator                               : loaded 2 times (x 80B)
Class org.gradle.internal.time.Timer                                                  : loaded 2 times (x 68B)
Class org.gradle.internal.classpath.DefaultClassPath                                  : loaded 2 times (x 88B)
Class org.gradle.internal.time.Time                                                   : loaded 2 times (x 69B)
Class org.gradle.internal.time.TimeSource$1                                           : loaded 2 times (x 75B)
Class org.gradle.internal.classloader.SystemClassLoaderSpec                           : loaded 2 times (x 69B)
Class kotlin.Function                                                                 : loaded 2 times (x 68B)
Class org.gradle.api.UncheckedIOException                                             : loaded 2 times (x 80B)
Class org.gradle.internal.time.CountdownTimer                                         : loaded 2 times (x 68B)
Class org.gradle.internal.time.Clock                                                  : loaded 2 times (x 68B)
Class org.gradle.internal.classloader.ClasspathUtil                                   : loaded 2 times (x 69B)
Class org.gradle.api.internal.DefaultClassPathRegistry                                : loaded 2 times (x 74B)
Class org.gradle.api.internal.classpath.DefaultModuleRegistry$DefaultModule           : loaded 2 times (x 84B)
Class org.gradle.internal.time.TimeSource                                             : loaded 2 times (x 68B)
Class org.gradle.api.internal.classpath.UnknownModuleException                        : loaded 2 times (x 80B)
Class org.gradle.internal.service.ServiceLookupException                              : loaded 2 times (x 80B)
Class org.gradle.cache.GlobalCache                                                    : loaded 2 times (x 68B)
Class [Lorg.gradle.api.internal.ClassPathProvider;                                    : loaded 2 times (x 67B)
Class org.gradle.internal.operations.MultipleBuildOperationFailures                   : loaded 2 times (x 93B)
Class org.gradle.util.internal.GUtil                                                  : loaded 2 times (x 69B)
Class org.gradle.internal.classloader.ClassLoaderSpec                                 : loaded 2 times (x 69B)
Class org.gradle.internal.classloader.VisitableURLClassLoader                         : loaded 2 times (x 115B)
Class org.gradle.internal.Cast                                                        : loaded 2 times (x 69B)
Class org.gradle.api.internal.ClassPathRegistry                                       : loaded 2 times (x 68B)
Class org.gradle.internal.classloader.VisitableURLClassLoader$InstrumentingVisitableURLClassLoader: loaded 2 times (x 121B)
Class org.gradle.internal.classloader.ClassLoaderHierarchy                            : loaded 2 times (x 68B)
Class org.gradle.internal.exceptions.MultiCauseException                              : loaded 2 times (x 68B)
Class org.gradle.internal.InternalTransformer                                         : loaded 2 times (x 68B)
Class org.gradle.internal.service.ServiceLocator                                      : loaded 2 times (x 68B)
Class org.gradle.internal.classpath.DefaultClassPath$ImmutableUniqueList              : loaded 2 times (x 159B)
Class org.gradle.internal.time.DefaultTimer                                           : loaded 2 times (x 78B)
Class org.gradle.internal.classpath.TransformedClassPath                              : loaded 2 times (x 94B)


---------------  S Y S T E M  ---------------

OS:
 Windows 11 , 64 bit Build 26100 (10.0.26100.2200)
OS uptime: 0 days 10:12 hours

CPU: total 16 (initial active 16) (16 cores per cpu, 2 threads per core) family 23 model 96 stepping 1 microcode 0x8600104, cx8, cmov, fxsr, ht, mmx, 3dnowpref, sse, sse2, sse3, ssse3, sse4a, sse4.1, sse4.2, popcnt, lzcnt, tsc, tscinvbit, avx, avx2, aes, clmul, bmi1, bmi2, adx, sha, fma, vzeroupper, clflush, clflushopt
Processor Information for all 16 processors :
  Max Mhz: 2900, Current Mhz: 2900, Mhz Limit: 2900

Memory: 4k page, system-wide physical 15789M (1447M free)
TotalPageFile size 23981M (AvailPageFile size 7M)
current process WorkingSet (physical memory assigned to process): 364M, peak: 367M
current process commit charge ("private bytes"): 495M, peak: 496M

vm_info: OpenJDK 64-Bit Server VM (17.0.11+0--11852314) for windows-amd64 JRE (17.0.11+0--11852314), built on May 16 2024 21:29:20 by "androidbuild" with MS VC++ 16.10 / 16.11 (VS2019)

END.
